{"/Users/staytuned/Downloads/temp-rajan-s2/src/App.tsx": {"path":"/Users/staytuned/Downloads/temp-rajan-s2/src/App.tsx","statementMap":{"0":{"start":{"line":1,"column":0},"end":{"line":1,"column":48}},"1":{"start":{"line":2,"column":0},"end":{"line":2,"column":97}},"2":{"start":{"line":3,"column":0},"end":{"line":3,"column":46}},"3":{"start":{"line":4,"column":0},"end":{"line":4,"column":80}},"4":{"start":{"line":5,"column":0},"end":{"line":5,"column":76}},"5":{"start":{"line":6,"column":0},"end":{"line":6,"column":54}},"6":{"start":{"line":7,"column":0},"end":{"line":7,"column":87}},"7":{"start":{"line":8,"column":0},"end":{"line":8,"column":42}},"8":{"start":{"line":12,"column":21},"end":{"line":41,"column":4}},"9":{"start":{"line":43,"column":2},"end":{"line":306,"column":4}},"10":{"start":{"line":160,"column":35},"end":{"line":160,"column":60}},"11":{"start":{"line":181,"column":16},"end":{"line":182,"column":null}},"12":{"start":{"line":191,"column":34},"end":{"line":191,"column":69}},"13":{"start":{"line":192,"column":39},"end":{"line":192,"column":81}},"14":{"start":{"line":309,"column":0},"end":{"line":309,"column":19}}},"fnMap":{"0":{"name":"App","decl":{"start":{"line":10,"column":9},"end":{"line":10,"column":12}},"loc":{"start":{"line":10,"column":12},"end":{"line":307,"column":1}}},"1":{"name":"(anonymous_1)","decl":{"start":{"line":160,"column":29},"end":{"line":160,"column":32}},"loc":{"start":{"line":160,"column":35},"end":{"line":160,"column":60}}},"2":{"name":"(anonymous_2)","decl":{"start":{"line":180,"column":30},"end":{"line":180,"column":31}},"loc":{"start":{"line":181,"column":16},"end":{"line":182,"column":null}}},"3":{"name":"(anonymous_3)","decl":{"start":{"line":191,"column":28},"end":{"line":191,"column":31}},"loc":{"start":{"line":191,"column":34},"end":{"line":191,"column":69}}},"4":{"name":"(anonymous_4)","decl":{"start":{"line":192,"column":33},"end":{"line":192,"column":36}},"loc":{"start":{"line":192,"column":39},"end":{"line":192,"column":81}}}},"branchMap":{},"s":{"0":0,"1":0,"2":0,"3":0,"4":0,"5":0,"6":0,"7":0,"8":0,"9":0,"10":0,"11":0,"12":0,"13":0,"14":0},"f":{"0":0,"1":0,"2":0,"3":0,"4":0},"b":{}}
,"/Users/staytuned/Downloads/temp-rajan-s2/src/main.tsx": {"path":"/Users/staytuned/Downloads/temp-rajan-s2/src/main.tsx","statementMap":{"0":{"start":{"line":1,"column":0},"end":{"line":1,"column":26}},"1":{"start":{"line":2,"column":0},"end":{"line":2,"column":40}},"2":{"start":{"line":3,"column":0},"end":{"line":3,"column":24}},"3":{"start":{"line":4,"column":0},"end":{"line":4,"column":29}},"4":{"start":{"line":6,"column":0},"end":{"line":10,"column":2}}},"fnMap":{},"branchMap":{},"s":{"0":0,"1":0,"2":0,"3":0,"4":0},"f":{},"b":{}}
,"/Users/staytuned/Downloads/temp-rajan-s2/src/router.tsx": {"path":"/Users/staytuned/Downloads/temp-rajan-s2/src/router.tsx","statementMap":{"0":{"start":{"line":169,"column":0},"end":{"line":169,"column":16}},"1":{"start":{"line":1,"column":0},"end":{"line":1,"column":89}},"2":{"start":{"line":4,"column":0},"end":{"line":4,"column":50}},"3":{"start":{"line":5,"column":0},"end":{"line":5,"column":60}},"4":{"start":{"line":6,"column":0},"end":{"line":6,"column":56}},"5":{"start":{"line":7,"column":0},"end":{"line":7,"column":50}},"6":{"start":{"line":8,"column":0},"end":{"line":8,"column":56}},"7":{"start":{"line":9,"column":0},"end":{"line":9,"column":58}},"8":{"start":{"line":10,"column":0},"end":{"line":10,"column":52}},"9":{"start":{"line":13,"column":0},"end":{"line":13,"column":58}},"10":{"start":{"line":14,"column":0},"end":{"line":14,"column":60}},"11":{"start":{"line":17,"column":0},"end":{"line":17,"column":61}},"12":{"start":{"line":18,"column":0},"end":{"line":18,"column":67}},"13":{"start":{"line":19,"column":0},"end":{"line":19,"column":65}},"14":{"start":{"line":20,"column":0},"end":{"line":20,"column":69}},"15":{"start":{"line":21,"column":0},"end":{"line":21,"column":79}},"16":{"start":{"line":24,"column":0},"end":{"line":24,"column":58}},"17":{"start":{"line":25,"column":0},"end":{"line":25,"column":78}},"18":{"start":{"line":26,"column":0},"end":{"line":26,"column":76}},"19":{"start":{"line":27,"column":0},"end":{"line":27,"column":66}},"20":{"start":{"line":28,"column":0},"end":{"line":28,"column":76}},"21":{"start":{"line":31,"column":0},"end":{"line":31,"column":59}},"22":{"start":{"line":32,"column":0},"end":{"line":32,"column":67}},"23":{"start":{"line":33,"column":0},"end":{"line":33,"column":85}},"24":{"start":{"line":34,"column":0},"end":{"line":34,"column":75}},"25":{"start":{"line":35,"column":0},"end":{"line":35,"column":73}},"26":{"start":{"line":38,"column":0},"end":{"line":38,"column":64}},"27":{"start":{"line":39,"column":0},"end":{"line":39,"column":70}},"28":{"start":{"line":40,"column":0},"end":{"line":40,"column":66}},"29":{"start":{"line":43,"column":0},"end":{"line":43,"column":65}},"30":{"start":{"line":46,"column":15},"end":{"line":167,"column":2}},"31":{"start":{"line":170,"column":2},"end":{"line":170,"column":44}},"32":{"start":{"line":173,"column":0},"end":{"line":173,"column":22}}},"fnMap":{"0":{"name":"Router","decl":{"start":{"line":169,"column":16},"end":{"line":169,"column":22}},"loc":{"start":{"line":169,"column":22},"end":{"line":171,"column":1}}}},"branchMap":{},"s":{"0":0,"1":0,"2":0,"3":0,"4":0,"5":0,"6":0,"7":0,"8":0,"9":0,"10":0,"11":0,"12":0,"13":0,"14":0,"15":0,"16":0,"17":0,"18":0,"19":0,"20":0,"21":0,"22":0,"23":0,"24":0,"25":0,"26":0,"27":0,"28":0,"29":0,"30":0,"31":0,"32":0},"f":{"0":0},"b":{}}
,"/Users/staytuned/Downloads/temp-rajan-s2/src/components/index.ts": {"path":"/Users/staytuned/Downloads/temp-rajan-s2/src/components/index.ts","statementMap":{"0":{"start":{"line":2,"column":0},"end":{"line":2,"column":28}},"1":{"start":{"line":3,"column":0},"end":{"line":3,"column":26}},"2":{"start":{"line":4,"column":0},"end":{"line":4,"column":27}},"3":{"start":{"line":5,"column":0},"end":{"line":5,"column":27}},"4":{"start":{"line":6,"column":0},"end":{"line":6,"column":26}},"5":{"start":{"line":7,"column":0},"end":{"line":7,"column":30}},"6":{"start":{"line":8,"column":0},"end":{"line":8,"column":30}},"7":{"start":{"line":9,"column":0},"end":{"line":9,"column":31}},"8":{"start":{"line":12,"column":0},"end":{"line":12,"column":39}},"9":{"start":{"line":13,"column":0},"end":{"line":13,"column":32}},"10":{"start":{"line":14,"column":0},"end":{"line":14,"column":33}},"11":{"start":{"line":15,"column":0},"end":{"line":15,"column":37}}},"fnMap":{},"branchMap":{},"s":{"0":0,"1":0,"2":0,"3":0,"4":0,"5":0,"6":0,"7":0,"8":0,"9":0,"10":0,"11":0},"f":{},"b":{}}
,"/Users/staytuned/Downloads/temp-rajan-s2/src/components/app/AgentCard/AgentCard.tsx": {"path":"/Users/staytuned/Downloads/temp-rajan-s2/src/components/app/AgentCard/AgentCard.tsx","statementMap":{"0":{"start":{"line":24,"column":0},"end":{"line":24,"column":16}},"1":{"start":{"line":1,"column":0},"end":{"line":1,"column":26}},"2":{"start":{"line":2,"column":0},"end":{"line":2,"column":47}},"3":{"start":{"line":3,"column":0},"end":{"line":3,"column":81}},"4":{"start":{"line":4,"column":0},"end":{"line":4,"column":48}},"5":{"start":{"line":5,"column":0},"end":{"line":5,"column":46}},"6":{"start":{"line":6,"column":0},"end":{"line":6,"column":55}},"7":{"start":{"line":7,"column":0},"end":{"line":7,"column":33}},"8":{"start":{"line":38,"column":20},"end":{"line":38,"column":41}},"9":{"start":{"line":40,"column":2},"end":{"line":139,"column":4}},"10":{"start":{"line":102,"column":14},"end":{"line":102,"column":33}}},"fnMap":{"0":{"name":"AgentCard","decl":{"start":{"line":24,"column":16},"end":{"line":24,"column":25}},"loc":{"start":{"line":37,"column":17},"end":{"line":140,"column":1}}},"1":{"name":"(anonymous_1)","decl":{"start":{"line":101,"column":58},"end":{"line":101,"column":59}},"loc":{"start":{"line":102,"column":14},"end":{"line":102,"column":33}}}},"branchMap":{"0":{"loc":{"start":{"line":32,"column":2},"end":{"line":32,"column":19}},"type":"default-arg","locations":[{"start":{"line":32,"column":17},"end":{"line":32,"column":19}}]},"1":{"loc":{"start":{"line":33,"column":2},"end":{"line":33,"column":22}},"type":"default-arg","locations":[{"start":{"line":33,"column":12},"end":{"line":33,"column":22}}]},"2":{"loc":{"start":{"line":44,"column":8},"end":{"line":44,"column":53}},"type":"cond-expr","locations":[{"start":{"line":44,"column":20},"end":{"line":44,"column":35}},{"start":{"line":44,"column":38},"end":{"line":44,"column":53}}]},"3":{"loc":{"start":{"line":49,"column":24},"end":{"line":49,"column":80}},"type":"cond-expr","locations":[{"start":{"line":49,"column":38},"end":{"line":49,"column":68}},{"start":{"line":49,"column":71},"end":{"line":49,"column":80}}]},"4":{"loc":{"start":{"line":60,"column":13},"end":{"line":61,"column":null}},"type":"binary-expr","locations":[{"start":{"line":60,"column":13},"end":{"line":60,"column":20}},{"start":{"line":61,"column":14},"end":{"line":61,"column":73}}]},"5":{"loc":{"start":{"line":69,"column":9},"end":{"line":78,"column":null}},"type":"binary-expr","locations":[{"start":{"line":69,"column":9},"end":{"line":69,"column":20}},{"start":{"line":70,"column":10},"end":{"line":77,"column":null}}]},"6":{"loc":{"start":{"line":74,"column":14},"end":{"line":74,"column":57}},"type":"cond-expr","locations":[{"start":{"line":74,"column":26},"end":{"line":74,"column":40}},{"start":{"line":74,"column":43},"end":{"line":74,"column":57}}]},"7":{"loc":{"start":{"line":81,"column":9},"end":{"line":96,"column":null}},"type":"binary-expr","locations":[{"start":{"line":81,"column":9},"end":{"line":81,"column":19}},{"start":{"line":81,"column":24},"end":{"line":81,"column":52}},{"start":{"line":81,"column":56},"end":{"line":81,"column":76}},{"start":{"line":82,"column":10},"end":{"line":95,"column":null}}]},"8":{"loc":{"start":{"line":83,"column":13},"end":{"line":88,"column":null}},"type":"binary-expr","locations":[{"start":{"line":83,"column":13},"end":{"line":83,"column":41}},{"start":{"line":84,"column":14},"end":{"line":87,"column":null}}]},"9":{"loc":{"start":{"line":90,"column":13},"end":{"line":94,"column":null}},"type":"binary-expr","locations":[{"start":{"line":90,"column":13},"end":{"line":90,"column":33}},{"start":{"line":91,"column":14},"end":{"line":93,"column":null}}]},"10":{"loc":{"start":{"line":99,"column":9},"end":{"line":111,"column":null}},"type":"binary-expr","locations":[{"start":{"line":99,"column":9},"end":{"line":99,"column":32}},{"start":{"line":100,"column":10},"end":{"line":110,"column":null}}]},"11":{"loc":{"start":{"line":101,"column":35},"end":{"line":101,"column":52}},"type":"cond-expr","locations":[{"start":{"line":101,"column":47},"end":{"line":101,"column":48}},{"start":{"line":101,"column":51},"end":{"line":101,"column":52}}]},"12":{"loc":{"start":{"line":106,"column":13},"end":{"line":109,"column":null}},"type":"binary-expr","locations":[{"start":{"line":106,"column":13},"end":{"line":106,"column":54}},{"start":{"line":107,"column":14},"end":{"line":108,"column":null}}]},"13":{"loc":{"start":{"line":106,"column":36},"end":{"line":106,"column":53}},"type":"cond-expr","locations":[{"start":{"line":106,"column":48},"end":{"line":106,"column":49}},{"start":{"line":106,"column":52},"end":{"line":106,"column":53}}]},"14":{"loc":{"start":{"line":108,"column":41},"end":{"line":108,"column":58}},"type":"cond-expr","locations":[{"start":{"line":108,"column":53},"end":{"line":108,"column":54}},{"start":{"line":108,"column":57},"end":{"line":108,"column":58}}]},"15":{"loc":{"start":{"line":116,"column":9},"end":{"line":136,"column":16}},"type":"cond-expr","locations":[{"start":{"line":117,"column":10},"end":{"line":124,"column":null}},{"start":{"line":126,"column":12},"end":{"line":136,"column":16}}]},"16":{"loc":{"start":{"line":116,"column":9},"end":{"line":116,"column":45}},"type":"binary-expr","locations":[{"start":{"line":116,"column":9},"end":{"line":116,"column":28}},{"start":{"line":116,"column":32},"end":{"line":116,"column":45}}]},"17":{"loc":{"start":{"line":126,"column":12},"end":{"line":136,"column":16}},"type":"cond-expr","locations":[{"start":{"line":127,"column":10},"end":{"line":134,"column":null}},{"start":{"line":136,"column":12},"end":{"line":136,"column":16}}]},"18":{"loc":{"start":{"line":134,"column":13},"end":{"line":134,"column":63}},"type":"cond-expr","locations":[{"start":{"line":134,"column":38},"end":{"line":134,"column":52}},{"start":{"line":134,"column":55},"end":{"line":134,"column":63}}]}},"s":{"0":0,"1":0,"2":0,"3":0,"4":0,"5":0,"6":0,"7":0,"8":0,"9":0,"10":0},"f":{"0":0,"1":0},"b":{"0":[0],"1":[0],"2":[0,0],"3":[0,0],"4":[0,0],"5":[0,0],"6":[0,0],"7":[0,0,0,0],"8":[0,0],"9":[0,0],"10":[0,0],"11":[0,0],"12":[0,0],"13":[0,0],"14":[0,0],"15":[0,0],"16":[0,0],"17":[0,0],"18":[0,0]}}
,"/Users/staytuned/Downloads/temp-rajan-s2/src/components/app/AgentCard/index.ts": {"path":"/Users/staytuned/Downloads/temp-rajan-s2/src/components/app/AgentCard/index.ts","statementMap":{"0":{"start":{"line":1,"column":0},"end":{"line":1,"column":9}},"1":{"start":{"line":1,"column":9},"end":{"line":1,"column":40}}},"fnMap":{"0":{"name":"(anonymous_0)","decl":{"start":{"line":1,"column":9},"end":{"line":1,"column":18}},"loc":{"start":{"line":1,"column":9},"end":{"line":1,"column":40}}}},"branchMap":{},"s":{"0":0,"1":0},"f":{"0":0},"b":{}}
,"/Users/staytuned/Downloads/temp-rajan-s2/src/components/app/AgentStatusBadge/AgentStatusBadge.tsx": {"path":"/Users/staytuned/Downloads/temp-rajan-s2/src/components/app/AgentStatusBadge/AgentStatusBadge.tsx","statementMap":{"0":{"start":{"line":16,"column":0},"end":{"line":16,"column":16}},"1":{"start":{"line":1,"column":0},"end":{"line":1,"column":26}},"2":{"start":{"line":2,"column":0},"end":{"line":2,"column":73}},"3":{"start":{"line":3,"column":0},"end":{"line":3,"column":46}},"4":{"start":{"line":4,"column":0},"end":{"line":4,"column":33}},"5":{"start":{"line":23,"column":23},"end":{"line":57,"column":14}},"6":{"start":{"line":29,"column":9},"end":{"line":54,"column":6}},"7":{"start":{"line":56,"column":4},"end":{"line":56,"column":27}},"8":{"start":{"line":59,"column":22},"end":{"line":63,"column":4}},"9":{"start":{"line":65,"column":20},"end":{"line":69,"column":4}},"10":{"start":{"line":71,"column":15},"end":{"line":71,"column":32}},"11":{"start":{"line":72,"column":19},"end":{"line":72,"column":34}},"12":{"start":{"line":74,"column":2},"end":{"line":108,"column":4}}},"fnMap":{"0":{"name":"AgentStatusBadge","decl":{"start":{"line":16,"column":16},"end":{"line":16,"column":32}},"loc":{"start":{"line":22,"column":24},"end":{"line":109,"column":1}}},"1":{"name":"(anonymous_1)","decl":{"start":{"line":23,"column":37},"end":{"line":23,"column":40}},"loc":{"start":{"line":23,"column":42},"end":{"line":57,"column":3}}}},"branchMap":{"0":{"loc":{"start":{"line":18,"column":2},"end":{"line":18,"column":13}},"type":"default-arg","locations":[{"start":{"line":18,"column":9},"end":{"line":18,"column":13}}]},"1":{"loc":{"start":{"line":19,"column":2},"end":{"line":19,"column":17}},"type":"default-arg","locations":[{"start":{"line":19,"column":13},"end":{"line":19,"column":17}}]},"2":{"loc":{"start":{"line":20,"column":2},"end":{"line":20,"column":57}},"type":"default-arg","locations":[{"start":{"line":20,"column":12},"end":{"line":20,"column":57}}]},"3":{"loc":{"start":{"line":20,"column":12},"end":{"line":20,"column":57}},"type":"binary-expr","locations":[{"start":{"line":20,"column":12},"end":{"line":20,"column":31}},{"start":{"line":20,"column":35},"end":{"line":20,"column":57}}]},"4":{"loc":{"start":{"line":86,"column":7},"end":{"line":93,"column":null}},"type":"binary-expr","locations":[{"start":{"line":86,"column":7},"end":{"line":86,"column":14}},{"start":{"line":87,"column":8},"end":{"line":92,"column":null}}]},"5":{"loc":{"start":{"line":96,"column":7},"end":{"line":103,"column":null}},"type":"binary-expr","locations":[{"start":{"line":96,"column":7},"end":{"line":96,"column":15}},{"start":{"line":97,"column":8},"end":{"line":102,"column":null}}]},"6":{"loc":{"start":{"line":100,"column":12},"end":{"line":100,"column":52}},"type":"binary-expr","locations":[{"start":{"line":100,"column":12},"end":{"line":100,"column":34}},{"start":{"line":100,"column":38},"end":{"line":100,"column":52}}]}},"s":{"0":0,"1":0,"2":0,"3":0,"4":0,"5":0,"6":0,"7":0,"8":0,"9":0,"10":0,"11":0,"12":0},"f":{"0":0,"1":0},"b":{"0":[0],"1":[0],"2":[0],"3":[0,0],"4":[0,0],"5":[0,0],"6":[0,0]}}
,"/Users/staytuned/Downloads/temp-rajan-s2/src/components/app/AgentStatusBadge/index.ts": {"path":"/Users/staytuned/Downloads/temp-rajan-s2/src/components/app/AgentStatusBadge/index.ts","statementMap":{"0":{"start":{"line":1,"column":0},"end":{"line":1,"column":9}},"1":{"start":{"line":1,"column":9},"end":{"line":1,"column":54}}},"fnMap":{"0":{"name":"(anonymous_0)","decl":{"start":{"line":1,"column":9},"end":{"line":1,"column":25}},"loc":{"start":{"line":1,"column":9},"end":{"line":1,"column":54}}}},"branchMap":{},"s":{"0":0,"1":0},"f":{"0":0},"b":{}}
,"/Users/staytuned/Downloads/temp-rajan-s2/src/components/app/CartItem/CartItem.tsx": {"path":"/Users/staytuned/Downloads/temp-rajan-s2/src/components/app/CartItem/CartItem.tsx","statementMap":{"0":{"start":{"line":16,"column":0},"end":{"line":16,"column":16}},"1":{"start":{"line":1,"column":0},"end":{"line":1,"column":40}},"2":{"start":{"line":2,"column":0},"end":{"line":2,"column":51}},"3":{"start":{"line":3,"column":0},"end":{"line":3,"column":48}},"4":{"start":{"line":26,"column":16},"end":{"line":26,"column":32}},"5":{"start":{"line":28,"column":2},"end":{"line":93,"column":4}},"6":{"start":{"line":70,"column":29},"end":{"line":70,"column":74}},"7":{"start":{"line":81,"column":29},"end":{"line":81,"column":61}}},"fnMap":{"0":{"name":"CartItem","decl":{"start":{"line":16,"column":16},"end":{"line":16,"column":24}},"loc":{"start":{"line":25,"column":16},"end":{"line":94,"column":1}}},"1":{"name":"(anonymous_1)","decl":{"start":{"line":70,"column":23},"end":{"line":70,"column":26}},"loc":{"start":{"line":70,"column":29},"end":{"line":70,"column":74}}},"2":{"name":"(anonymous_2)","decl":{"start":{"line":81,"column":23},"end":{"line":81,"column":26}},"loc":{"start":{"line":81,"column":29},"end":{"line":81,"column":61}}}},"branchMap":{"0":{"loc":{"start":{"line":46,"column":13},"end":{"line":47,"column":null}},"type":"binary-expr","locations":[{"start":{"line":46,"column":13},"end":{"line":46,"column":20}},{"start":{"line":47,"column":14},"end":{"line":47,"column":79}}]}},"s":{"0":0,"1":0,"2":0,"3":0,"4":0,"5":0,"6":0,"7":0},"f":{"0":0,"1":0,"2":0},"b":{"0":[0,0]}}
,"/Users/staytuned/Downloads/temp-rajan-s2/src/components/app/CartItem/index.ts": {"path":"/Users/staytuned/Downloads/temp-rajan-s2/src/components/app/CartItem/index.ts","statementMap":{"0":{"start":{"line":1,"column":0},"end":{"line":1,"column":9}},"1":{"start":{"line":1,"column":9},"end":{"line":1,"column":38}}},"fnMap":{"0":{"name":"(anonymous_0)","decl":{"start":{"line":1,"column":9},"end":{"line":1,"column":17}},"loc":{"start":{"line":1,"column":9},"end":{"line":1,"column":38}}}},"branchMap":{},"s":{"0":0,"1":0},"f":{"0":0},"b":{}}
,"/Users/staytuned/Downloads/temp-rajan-s2/src/components/app/EmptyState/EmptyState.tsx": {"path":"/Users/staytuned/Downloads/temp-rajan-s2/src/components/app/EmptyState/EmptyState.tsx","statementMap":{"0":{"start":{"line":10,"column":0},"end":{"line":10,"column":16}},"1":{"start":{"line":1,"column":0},"end":{"line":1,"column":26}},"2":{"start":{"line":2,"column":0},"end":{"line":2,"column":44}},"3":{"start":{"line":3,"column":0},"end":{"line":3,"column":48}},"4":{"start":{"line":4,"column":0},"end":{"line":4,"column":33}},"5":{"start":{"line":17,"column":2},"end":{"line":44,"column":4}}},"fnMap":{"0":{"name":"EmptyState","decl":{"start":{"line":10,"column":16},"end":{"line":10,"column":26}},"loc":{"start":{"line":16,"column":18},"end":{"line":45,"column":1}}}},"branchMap":{"0":{"loc":{"start":{"line":11,"column":8},"end":{"line":11,"column":27}},"type":"default-arg","locations":[{"start":{"line":11,"column":15},"end":{"line":11,"column":27}}]},"1":{"loc":{"start":{"line":32,"column":7},"end":{"line":35,"column":null}},"type":"binary-expr","locations":[{"start":{"line":32,"column":7},"end":{"line":32,"column":18}},{"start":{"line":33,"column":8},"end":{"line":34,"column":null}}]},"2":{"loc":{"start":{"line":38,"column":7},"end":{"line":41,"column":null}},"type":"binary-expr","locations":[{"start":{"line":38,"column":7},"end":{"line":38,"column":13}},{"start":{"line":39,"column":8},"end":{"line":40,"column":null}}]}},"s":{"0":0,"1":0,"2":0,"3":0,"4":0,"5":0},"f":{"0":0},"b":{"0":[0],"1":[0,0],"2":[0,0]}}
,"/Users/staytuned/Downloads/temp-rajan-s2/src/components/app/EmptyState/index.ts": {"path":"/Users/staytuned/Downloads/temp-rajan-s2/src/components/app/EmptyState/index.ts","statementMap":{"0":{"start":{"line":1,"column":0},"end":{"line":1,"column":9}},"1":{"start":{"line":1,"column":9},"end":{"line":1,"column":42}}},"fnMap":{"0":{"name":"(anonymous_0)","decl":{"start":{"line":1,"column":9},"end":{"line":1,"column":19}},"loc":{"start":{"line":1,"column":9},"end":{"line":1,"column":42}}}},"branchMap":{},"s":{"0":0,"1":0},"f":{"0":0},"b":{}}
,"/Users/staytuned/Downloads/temp-rajan-s2/src/components/app/ErrorBoundary/ErrorBoundary.tsx": {"path":"/Users/staytuned/Downloads/temp-rajan-s2/src/components/app/ErrorBoundary/ErrorBoundary.tsx","statementMap":{"0":{"start":{"line":1,"column":0},"end":{"line":1,"column":56}},"1":{"start":{"line":2,"column":0},"end":{"line":2,"column":40}},"2":{"start":{"line":3,"column":0},"end":{"line":3,"column":71}},"3":{"start":{"line":4,"column":0},"end":{"line":4,"column":48}},"4":{"start":{"line":5,"column":0},"end":{"line":5,"column":92}},"5":{"start":{"line":24,"column":8},"end":{"line":24,"column":21}},"6":{"start":{"line":39,"column":4},"end":{"line":41,"column":null}},"7":{"start":{"line":40,"column":8},"end":{"line":40,"column":73}},"8":{"start":{"line":25,"column":8},"end":{"line":25,"column":71}},"9":{"start":{"line":29,"column":8},"end":{"line":29,"column":41}},"10":{"start":{"line":34,"column":8},"end":{"line":34,"column":63}},"11":{"start":{"line":35,"column":8},"end":{"line":35,"column":48}},"12":{"start":{"line":36,"column":8},"end":{"line":36,"column":37}},"13":{"start":{"line":44,"column":8},"end":{"line":97,"column":9}},"14":{"start":{"line":46,"column":12},"end":{"line":48,"column":13}},"15":{"start":{"line":47,"column":16},"end":{"line":47,"column":43}},"16":{"start":{"line":51,"column":12},"end":{"line":96,"column":14}},"17":{"start":{"line":80,"column":51},"end":{"line":80,"column":72}},"18":{"start":{"line":99,"column":8},"end":{"line":99,"column":35}},"19":{"start":{"line":22,"column":0},"end":{"line":22,"column":13}}},"fnMap":{"0":{"name":"(anonymous_0)","decl":{"start":{"line":23,"column":4},"end":{"line":23,"column":16}},"loc":{"start":{"line":23,"column":28},"end":{"line":26,"column":5}}},"1":{"name":"(anonymous_1)","decl":{"start":{"line":39,"column":18},"end":{"line":39,"column":21}},"loc":{"start":{"line":39,"column":23},"end":{"line":41,"column":5}}},"2":{"name":"(anonymous_2)","decl":{"start":{"line":28,"column":4},"end":{"line":28,"column":10}},"loc":{"start":{"line":28,"column":48},"end":{"line":30,"column":5}}},"3":{"name":"(anonymous_3)","decl":{"start":{"line":32,"column":4},"end":{"line":32,"column":21}},"loc":{"start":{"line":32,"column":56},"end":{"line":37,"column":5}}},"4":{"name":"(anonymous_4)","decl":{"start":{"line":43,"column":4},"end":{"line":43,"column":10}},"loc":{"start":{"line":43,"column":10},"end":{"line":100,"column":5}}},"5":{"name":"(anonymous_5)","decl":{"start":{"line":80,"column":45},"end":{"line":80,"column":48}},"loc":{"start":{"line":80,"column":51},"end":{"line":80,"column":72}}}},"branchMap":{"0":{"loc":{"start":{"line":44,"column":8},"end":{"line":97,"column":9}},"type":"if","locations":[{"start":{"line":44,"column":8},"end":{"line":97,"column":9}}]},"1":{"loc":{"start":{"line":46,"column":12},"end":{"line":48,"column":13}},"type":"if","locations":[{"start":{"line":46,"column":12},"end":{"line":48,"column":13}}]},"2":{"loc":{"start":{"line":64,"column":29},"end":{"line":69,"column":null}},"type":"binary-expr","locations":[{"start":{"line":64,"column":29},"end":{"line":64,"column":67}},{"start":{"line":64,"column":71},"end":{"line":64,"column":87}},{"start":{"line":65,"column":32},"end":{"line":68,"column":null}}]}},"s":{"0":0,"1":0,"2":0,"3":0,"4":0,"5":0,"6":0,"7":0,"8":0,"9":0,"10":0,"11":0,"12":0,"13":0,"14":0,"15":0,"16":0,"17":0,"18":0,"19":0},"f":{"0":0,"1":0,"2":0,"3":0,"4":0,"5":0},"b":{"0":[0],"1":[0],"2":[0,0,0]}}
,"/Users/staytuned/Downloads/temp-rajan-s2/src/components/app/ErrorBoundary/index.ts": {"path":"/Users/staytuned/Downloads/temp-rajan-s2/src/components/app/ErrorBoundary/index.ts","statementMap":{"0":{"start":{"line":1,"column":0},"end":{"line":1,"column":9}},"1":{"start":{"line":1,"column":9},"end":{"line":1,"column":48}}},"fnMap":{"0":{"name":"(anonymous_0)","decl":{"start":{"line":1,"column":9},"end":{"line":1,"column":22}},"loc":{"start":{"line":1,"column":9},"end":{"line":1,"column":48}}}},"branchMap":{},"s":{"0":0,"1":0},"f":{"0":0},"b":{}}
,"/Users/staytuned/Downloads/temp-rajan-s2/src/components/app/ErrorState/ErrorState.tsx": {"path":"/Users/staytuned/Downloads/temp-rajan-s2/src/components/app/ErrorState/ErrorState.tsx","statementMap":{"0":{"start":{"line":6,"column":0},"end":{"line":6,"column":16}},"1":{"start":{"line":1,"column":0},"end":{"line":1,"column":54}},"2":{"start":{"line":2,"column":0},"end":{"line":2,"column":48}},"3":{"start":{"line":3,"column":0},"end":{"line":3,"column":33}},"4":{"start":{"line":13,"column":2},"end":{"line":29,"column":4}}},"fnMap":{"0":{"name":"ErrorState","decl":{"start":{"line":6,"column":16},"end":{"line":6,"column":26}},"loc":{"start":{"line":12,"column":18},"end":{"line":30,"column":1}}}},"branchMap":{"0":{"loc":{"start":{"line":9,"column":8},"end":{"line":9,"column":26}},"type":"default-arg","locations":[{"start":{"line":9,"column":15},"end":{"line":9,"column":26}}]},"1":{"loc":{"start":{"line":19,"column":7},"end":{"line":20,"column":null}},"type":"binary-expr","locations":[{"start":{"line":19,"column":7},"end":{"line":19,"column":18}},{"start":{"line":20,"column":8},"end":{"line":20,"column":84}}]},"2":{"loc":{"start":{"line":22,"column":7},"end":{"line":26,"column":null}},"type":"binary-expr","locations":[{"start":{"line":22,"column":7},"end":{"line":22,"column":14}},{"start":{"line":23,"column":8},"end":{"line":24,"column":null}}]}},"s":{"0":0,"1":0,"2":0,"3":0,"4":0},"f":{"0":0},"b":{"0":[0],"1":[0,0],"2":[0,0]}}
,"/Users/staytuned/Downloads/temp-rajan-s2/src/components/app/ErrorState/index.ts": {"path":"/Users/staytuned/Downloads/temp-rajan-s2/src/components/app/ErrorState/index.ts","statementMap":{"0":{"start":{"line":1,"column":0},"end":{"line":1,"column":29}},"1":{"start":{"line":2,"column":0},"end":{"line":2,"column":35}}},"fnMap":{},"branchMap":{},"s":{"0":0,"1":0},"f":{},"b":{}}
,"/Users/staytuned/Downloads/temp-rajan-s2/src/components/app/EthicalBadge/EthicalBadge.tsx": {"path":"/Users/staytuned/Downloads/temp-rajan-s2/src/components/app/EthicalBadge/EthicalBadge.tsx","statementMap":{"0":{"start":{"line":45,"column":0},"end":{"line":45,"column":16}},"1":{"start":{"line":1,"column":0},"end":{"line":1,"column":46}},"2":{"start":{"line":2,"column":0},"end":{"line":2,"column":33}},"3":{"start":{"line":17,"column":5},"end":{"line":43,"column":2}},"4":{"start":{"line":46,"column":17},"end":{"line":46,"column":34}},"5":{"start":{"line":48,"column":22},"end":{"line":52,"column":4}},"6":{"start":{"line":54,"column":2},"end":{"line":67,"column":4}}},"fnMap":{"0":{"name":"EthicalBadge","decl":{"start":{"line":45,"column":16},"end":{"line":45,"column":28}},"loc":{"start":{"line":45,"column":97},"end":{"line":68,"column":1}}}},"branchMap":{"0":{"loc":{"start":{"line":45,"column":37},"end":{"line":45,"column":48}},"type":"default-arg","locations":[{"start":{"line":45,"column":44},"end":{"line":45,"column":48}}]},"1":{"loc":{"start":{"line":45,"column":50},"end":{"line":45,"column":65}},"type":"default-arg","locations":[{"start":{"line":45,"column":61},"end":{"line":45,"column":65}}]},"2":{"loc":{"start":{"line":64,"column":7},"end":{"line":64,"column":45}},"type":"binary-expr","locations":[{"start":{"line":64,"column":7},"end":{"line":64,"column":15}},{"start":{"line":64,"column":19},"end":{"line":64,"column":45}}]}},"s":{"0":0,"1":0,"2":0,"3":0,"4":0,"5":0,"6":0},"f":{"0":0},"b":{"0":[0],"1":[0],"2":[0,0]}}
,"/Users/staytuned/Downloads/temp-rajan-s2/src/components/app/EthicalBadge/index.ts": {"path":"/Users/staytuned/Downloads/temp-rajan-s2/src/components/app/EthicalBadge/index.ts","statementMap":{"0":{"start":{"line":1,"column":0},"end":{"line":1,"column":9}},"1":{"start":{"line":1,"column":9},"end":{"line":1,"column":46}}},"fnMap":{"0":{"name":"(anonymous_0)","decl":{"start":{"line":1,"column":9},"end":{"line":1,"column":21}},"loc":{"start":{"line":1,"column":9},"end":{"line":1,"column":46}}}},"branchMap":{},"s":{"0":0,"1":0},"f":{"0":0},"b":{}}
,"/Users/staytuned/Downloads/temp-rajan-s2/src/components/app/Footer/Footer.tsx": {"path":"/Users/staytuned/Downloads/temp-rajan-s2/src/components/app/Footer/Footer.tsx","statementMap":{"0":{"start":{"line":34,"column":0},"end":{"line":34,"column":16}},"1":{"start":{"line":1,"column":0},"end":{"line":1,"column":40}},"2":{"start":{"line":2,"column":0},"end":{"line":2,"column":46}},"3":{"start":{"line":3,"column":0},"end":{"line":3,"column":48}},"4":{"start":{"line":4,"column":0},"end":{"line":4,"column":54}},"5":{"start":{"line":5,"column":0},"end":{"line":5,"column":66}},"6":{"start":{"line":7,"column":20},"end":{"line":26,"column":2}},"7":{"start":{"line":28,"column":20},"end":{"line":32,"column":2}},"8":{"start":{"line":35,"column":2},"end":{"line":162,"column":4}},"9":{"start":{"line":77,"column":29},"end":{"line":77,"column":40}},"10":{"start":{"line":78,"column":16},"end":{"line":89,"column":18}},"11":{"start":{"line":99,"column":16},"end":{"line":99,"column":null}},"12":{"start":{"line":116,"column":16},"end":{"line":116,"column":null}},"13":{"start":{"line":133,"column":16},"end":{"line":133,"column":null}}},"fnMap":{"0":{"name":"Footer","decl":{"start":{"line":34,"column":16},"end":{"line":34,"column":22}},"loc":{"start":{"line":34,"column":22},"end":{"line":163,"column":1}}},"1":{"name":"(anonymous_1)","decl":{"start":{"line":76,"column":31},"end":{"line":76,"column":32}},"loc":{"start":{"line":76,"column":42},"end":{"line":90,"column":15}}},"2":{"name":"(anonymous_2)","decl":{"start":{"line":98,"column":36},"end":{"line":98,"column":37}},"loc":{"start":{"line":99,"column":16},"end":{"line":99,"column":null}}},"3":{"name":"(anonymous_3)","decl":{"start":{"line":115,"column":39},"end":{"line":115,"column":40}},"loc":{"start":{"line":116,"column":16},"end":{"line":116,"column":null}}},"4":{"name":"(anonymous_4)","decl":{"start":{"line":132,"column":39},"end":{"line":132,"column":40}},"loc":{"start":{"line":133,"column":16},"end":{"line":133,"column":null}}}},"branchMap":{},"s":{"0":0,"1":0,"2":0,"3":0,"4":0,"5":0,"6":0,"7":0,"8":0,"9":0,"10":0,"11":0,"12":0,"13":0},"f":{"0":0,"1":0,"2":0,"3":0,"4":0},"b":{}}
,"/Users/staytuned/Downloads/temp-rajan-s2/src/components/app/Footer/index.ts": {"path":"/Users/staytuned/Downloads/temp-rajan-s2/src/components/app/Footer/index.ts","statementMap":{"0":{"start":{"line":1,"column":0},"end":{"line":1,"column":9}},"1":{"start":{"line":1,"column":9},"end":{"line":1,"column":34}}},"fnMap":{"0":{"name":"(anonymous_0)","decl":{"start":{"line":1,"column":9},"end":{"line":1,"column":15}},"loc":{"start":{"line":1,"column":9},"end":{"line":1,"column":34}}}},"branchMap":{},"s":{"0":0,"1":0},"f":{"0":0},"b":{}}
,"/Users/staytuned/Downloads/temp-rajan-s2/src/components/app/Header/Header.tsx": {"path":"/Users/staytuned/Downloads/temp-rajan-s2/src/components/app/Header/Header.tsx","statementMap":{"0":{"start":{"line":24,"column":0},"end":{"line":24,"column":16}},"1":{"start":{"line":1,"column":0},"end":{"line":1,"column":53}},"2":{"start":{"line":2,"column":0},"end":{"line":2,"column":81}},"3":{"start":{"line":3,"column":0},"end":{"line":3,"column":48}},"4":{"start":{"line":4,"column":0},"end":{"line":4,"column":46}},"5":{"start":{"line":5,"column":0},"end":{"line":5,"column":46}},"6":{"start":{"line":6,"column":0},"end":{"line":6,"column":null}},"7":{"start":{"line":13,"column":0},"end":{"line":13,"column":33}},"8":{"start":{"line":14,"column":0},"end":{"line":14,"column":33}},"9":{"start":{"line":15,"column":0},"end":{"line":15,"column":49}},"10":{"start":{"line":16,"column":0},"end":{"line":16,"column":31}},"11":{"start":{"line":18,"column":19},"end":{"line":22,"column":2}},"12":{"start":{"line":25,"column":19},"end":{"line":25,"column":32}},"13":{"start":{"line":26,"column":44},"end":{"line":26,"column":53}},"14":{"start":{"line":27,"column":46},"end":{"line":27,"column":61}},"15":{"start":{"line":28,"column":38},"end":{"line":28,"column":53}},"16":{"start":{"line":29,"column":40},"end":{"line":29,"column":52}},"17":{"start":{"line":32,"column":20},"end":{"line":32,"column":21}},"18":{"start":{"line":34,"column":23},"end":{"line":40,"column":3}},"19":{"start":{"line":35,"column":4},"end":{"line":35,"column":23}},"20":{"start":{"line":36,"column":4},"end":{"line":39,"column":5}},"21":{"start":{"line":37,"column":6},"end":{"line":37,"column":70}},"22":{"start":{"line":38,"column":6},"end":{"line":38,"column":27}},"23":{"start":{"line":42,"column":23},"end":{"line":46,"column":3}},"24":{"start":{"line":43,"column":4},"end":{"line":43,"column":13}},"25":{"start":{"line":44,"column":4},"end":{"line":44,"column":45}},"26":{"start":{"line":45,"column":4},"end":{"line":45,"column":18}},"27":{"start":{"line":48,"column":2},"end":{"line":259,"column":4}},"28":{"start":{"line":63,"column":27},"end":{"line":63,"column":61}},"29":{"start":{"line":78,"column":14},"end":{"line":79,"column":null}},"30":{"start":{"line":103,"column":33},"end":{"line":103,"column":63}},"31":{"start":{"line":115,"column":29},"end":{"line":115,"column":55}},"32":{"start":{"line":222,"column":33},"end":{"line":222,"column":63}},"33":{"start":{"line":239,"column":14},"end":{"line":240,"column":null}},"34":{"start":{"line":243,"column":31},"end":{"line":243,"column":55}},"35":{"start":{"line":251,"column":29},"end":{"line":251,"column":53}}},"fnMap":{"0":{"name":"Header","decl":{"start":{"line":24,"column":16},"end":{"line":24,"column":22}},"loc":{"start":{"line":24,"column":22},"end":{"line":260,"column":1}}},"1":{"name":"(anonymous_1)","decl":{"start":{"line":34,"column":23},"end":{"line":34,"column":24}},"loc":{"start":{"line":34,"column":46},"end":{"line":40,"column":3}}},"2":{"name":"(anonymous_2)","decl":{"start":{"line":42,"column":23},"end":{"line":42,"column":26}},"loc":{"start":{"line":42,"column":28},"end":{"line":46,"column":3}}},"3":{"name":"(anonymous_3)","decl":{"start":{"line":63,"column":21},"end":{"line":63,"column":24}},"loc":{"start":{"line":63,"column":27},"end":{"line":63,"column":61}}},"4":{"name":"(anonymous_4)","decl":{"start":{"line":77,"column":28},"end":{"line":77,"column":29}},"loc":{"start":{"line":78,"column":14},"end":{"line":79,"column":null}}},"5":{"name":"(anonymous_5)","decl":{"start":{"line":103,"column":26},"end":{"line":103,"column":27}},"loc":{"start":{"line":103,"column":33},"end":{"line":103,"column":63}}},"6":{"name":"(anonymous_6)","decl":{"start":{"line":115,"column":23},"end":{"line":115,"column":26}},"loc":{"start":{"line":115,"column":29},"end":{"line":115,"column":55}}},"7":{"name":"(anonymous_7)","decl":{"start":{"line":222,"column":26},"end":{"line":222,"column":27}},"loc":{"start":{"line":222,"column":33},"end":{"line":222,"column":63}}},"8":{"name":"(anonymous_8)","decl":{"start":{"line":238,"column":28},"end":{"line":238,"column":29}},"loc":{"start":{"line":239,"column":14},"end":{"line":240,"column":null}}},"9":{"name":"(anonymous_9)","decl":{"start":{"line":243,"column":25},"end":{"line":243,"column":28}},"loc":{"start":{"line":243,"column":31},"end":{"line":243,"column":55}}},"10":{"name":"(anonymous_10)","decl":{"start":{"line":251,"column":23},"end":{"line":251,"column":26}},"loc":{"start":{"line":251,"column":29},"end":{"line":251,"column":53}}}},"branchMap":{"0":{"loc":{"start":{"line":36,"column":4},"end":{"line":39,"column":5}},"type":"if","locations":[{"start":{"line":36,"column":4},"end":{"line":39,"column":5}}]},"1":{"loc":{"start":{"line":65,"column":13},"end":{"line":65,"column":86}},"type":"cond-expr","locations":[{"start":{"line":65,"column":30},"end":{"line":65,"column":55}},{"start":{"line":65,"column":58},"end":{"line":65,"column":86}}]},"2":{"loc":{"start":{"line":132,"column":17},"end":{"line":138,"column":null}},"type":"binary-expr","locations":[{"start":{"line":132,"column":17},"end":{"line":132,"column":30}},{"start":{"line":133,"column":18},"end":{"line":137,"column":null}}]},"3":{"loc":{"start":{"line":153,"column":17},"end":{"line":200,"column":null}},"type":"cond-expr","locations":[{"start":{"line":154,"column":18},"end":{"line":180,"column":null}},{"start":{"line":183,"column":18},"end":{"line":199,"column":null}}]},"4":{"loc":{"start":{"line":156,"column":23},"end":{"line":156,"column":48}},"type":"binary-expr","locations":[{"start":{"line":156,"column":23},"end":{"line":156,"column":33}},{"start":{"line":156,"column":37},"end":{"line":156,"column":48}}]},"5":{"loc":{"start":{"line":168,"column":21},"end":{"line":174,"column":null}},"type":"binary-expr","locations":[{"start":{"line":168,"column":21},"end":{"line":168,"column":43}},{"start":{"line":169,"column":22},"end":{"line":173,"column":null}}]},"6":{"loc":{"start":{"line":211,"column":12},"end":{"line":211,"column":52}},"type":"cond-expr","locations":[{"start":{"line":211,"column":25},"end":{"line":211,"column":40}},{"start":{"line":211,"column":43},"end":{"line":211,"column":52}}]},"7":{"loc":{"start":{"line":233,"column":10},"end":{"line":233,"column":60}},"type":"cond-expr","locations":[{"start":{"line":233,"column":27},"end":{"line":233,"column":37}},{"start":{"line":233,"column":40},"end":{"line":233,"column":60}}]}},"s":{"0":0,"1":0,"2":0,"3":0,"4":0,"5":0,"6":0,"7":0,"8":0,"9":0,"10":0,"11":0,"12":0,"13":0,"14":0,"15":0,"16":0,"17":0,"18":0,"19":0,"20":0,"21":0,"22":0,"23":0,"24":0,"25":0,"26":0,"27":0,"28":0,"29":0,"30":0,"31":0,"32":0,"33":0,"34":0,"35":0},"f":{"0":0,"1":0,"2":0,"3":0,"4":0,"5":0,"6":0,"7":0,"8":0,"9":0,"10":0},"b":{"0":[0],"1":[0,0],"2":[0,0],"3":[0,0],"4":[0,0],"5":[0,0],"6":[0,0],"7":[0,0]}}
,"/Users/staytuned/Downloads/temp-rajan-s2/src/components/app/Header/index.ts": {"path":"/Users/staytuned/Downloads/temp-rajan-s2/src/components/app/Header/index.ts","statementMap":{"0":{"start":{"line":1,"column":0},"end":{"line":1,"column":9}},"1":{"start":{"line":1,"column":9},"end":{"line":1,"column":34}}},"fnMap":{"0":{"name":"(anonymous_0)","decl":{"start":{"line":1,"column":9},"end":{"line":1,"column":15}},"loc":{"start":{"line":1,"column":9},"end":{"line":1,"column":34}}}},"branchMap":{},"s":{"0":0,"1":0},"f":{"0":0},"b":{}}
,"/Users/staytuned/Downloads/temp-rajan-s2/src/components/app/LoadingSpinner/LoadingSpinner.tsx": {"path":"/Users/staytuned/Downloads/temp-rajan-s2/src/components/app/LoadingSpinner/LoadingSpinner.tsx","statementMap":{"0":{"start":{"line":9,"column":0},"end":{"line":9,"column":16}},"1":{"start":{"line":1,"column":0},"end":{"line":1,"column":26}},"2":{"start":{"line":2,"column":0},"end":{"line":2,"column":39}},"3":{"start":{"line":3,"column":0},"end":{"line":3,"column":33}},"4":{"start":{"line":14,"column":22},"end":{"line":19,"column":4}},"5":{"start":{"line":21,"column":2},"end":{"line":35,"column":4}}},"fnMap":{"0":{"name":"LoadingSpinner","decl":{"start":{"line":9,"column":16},"end":{"line":9,"column":30}},"loc":{"start":{"line":13,"column":22},"end":{"line":36,"column":1}}}},"branchMap":{"0":{"loc":{"start":{"line":10,"column":2},"end":{"line":10,"column":13}},"type":"default-arg","locations":[{"start":{"line":10,"column":9},"end":{"line":10,"column":13}}]},"1":{"loc":{"start":{"line":25,"column":18},"end":{"line":25,"column":35}},"type":"binary-expr","locations":[{"start":{"line":25,"column":18},"end":{"line":25,"column":22}},{"start":{"line":25,"column":26},"end":{"line":25,"column":35}}]},"2":{"loc":{"start":{"line":31,"column":7},"end":{"line":32,"column":null}},"type":"binary-expr","locations":[{"start":{"line":31,"column":7},"end":{"line":31,"column":11}},{"start":{"line":32,"column":8},"end":{"line":32,"column":63}}]}},"s":{"0":0,"1":0,"2":0,"3":0,"4":0,"5":0},"f":{"0":0},"b":{"0":[0],"1":[0,0],"2":[0,0]}}
,"/Users/staytuned/Downloads/temp-rajan-s2/src/components/app/LoadingSpinner/index.ts": {"path":"/Users/staytuned/Downloads/temp-rajan-s2/src/components/app/LoadingSpinner/index.ts","statementMap":{"0":{"start":{"line":1,"column":0},"end":{"line":1,"column":9}},"1":{"start":{"line":1,"column":9},"end":{"line":1,"column":50}}},"fnMap":{"0":{"name":"(anonymous_0)","decl":{"start":{"line":1,"column":9},"end":{"line":1,"column":23}},"loc":{"start":{"line":1,"column":9},"end":{"line":1,"column":50}}}},"branchMap":{},"s":{"0":0,"1":0},"f":{"0":0},"b":{}}
,"/Users/staytuned/Downloads/temp-rajan-s2/src/components/app/OrderStatus/OrderStatus.tsx": {"path":"/Users/staytuned/Downloads/temp-rajan-s2/src/components/app/OrderStatus/OrderStatus.tsx","statementMap":{"0":{"start":{"line":64,"column":0},"end":{"line":64,"column":16}},"1":{"start":{"line":1,"column":0},"end":{"line":1,"column":46}},"2":{"start":{"line":2,"column":0},"end":{"line":2,"column":33}},"3":{"start":{"line":3,"column":0},"end":{"line":3,"column":75}},"4":{"start":{"line":25,"column":5},"end":{"line":62,"column":2}},"5":{"start":{"line":65,"column":17},"end":{"line":65,"column":37}},"6":{"start":{"line":66,"column":15},"end":{"line":66,"column":26}},"7":{"start":{"line":68,"column":22},"end":{"line":72,"column":4}},"8":{"start":{"line":74,"column":20},"end":{"line":78,"column":4}},"9":{"start":{"line":80,"column":2},"end":{"line":93,"column":4}}},"fnMap":{"0":{"name":"OrderStatus","decl":{"start":{"line":64,"column":16},"end":{"line":64,"column":27}},"loc":{"start":{"line":64,"column":97},"end":{"line":94,"column":1}}}},"branchMap":{"0":{"loc":{"start":{"line":64,"column":38},"end":{"line":64,"column":49}},"type":"default-arg","locations":[{"start":{"line":64,"column":45},"end":{"line":64,"column":49}}]},"1":{"loc":{"start":{"line":64,"column":51},"end":{"line":64,"column":66}},"type":"default-arg","locations":[{"start":{"line":64,"column":62},"end":{"line":64,"column":66}}]},"2":{"loc":{"start":{"line":90,"column":7},"end":{"line":90,"column":55}},"type":"binary-expr","locations":[{"start":{"line":90,"column":7},"end":{"line":90,"column":15}},{"start":{"line":90,"column":19},"end":{"line":90,"column":55}}]}},"s":{"0":0,"1":0,"2":0,"3":0,"4":0,"5":0,"6":0,"7":0,"8":0,"9":0},"f":{"0":0},"b":{"0":[0],"1":[0],"2":[0,0]}}
,"/Users/staytuned/Downloads/temp-rajan-s2/src/components/app/OrderStatus/index.ts": {"path":"/Users/staytuned/Downloads/temp-rajan-s2/src/components/app/OrderStatus/index.ts","statementMap":{"0":{"start":{"line":1,"column":0},"end":{"line":1,"column":9}},"1":{"start":{"line":1,"column":9},"end":{"line":1,"column":44}}},"fnMap":{"0":{"name":"(anonymous_0)","decl":{"start":{"line":1,"column":9},"end":{"line":1,"column":20}},"loc":{"start":{"line":1,"column":9},"end":{"line":1,"column":44}}}},"branchMap":{},"s":{"0":0,"1":0},"f":{"0":0},"b":{}}
,"/Users/staytuned/Downloads/temp-rajan-s2/src/components/app/ProductCard/ProductCard.tsx": {"path":"/Users/staytuned/Downloads/temp-rajan-s2/src/components/app/ProductCard/ProductCard.tsx","statementMap":{"0":{"start":{"line":30,"column":0},"end":{"line":30,"column":16}},"1":{"start":{"line":1,"column":0},"end":{"line":1,"column":40}},"2":{"start":{"line":2,"column":0},"end":{"line":2,"column":50}},"3":{"start":{"line":3,"column":0},"end":{"line":3,"column":48}},"4":{"start":{"line":4,"column":0},"end":{"line":4,"column":46}},"5":{"start":{"line":5,"column":0},"end":{"line":5,"column":57}},"6":{"start":{"line":6,"column":0},"end":{"line":6,"column":33}},"7":{"start":{"line":23,"column":20},"end":{"line":28,"column":2}},"8":{"start":{"line":44,"column":19},"end":{"line":44,"column":98}},"9":{"start":{"line":46,"column":2},"end":{"line":140,"column":4}},"10":{"start":{"line":79,"column":12},"end":{"line":79,"column":31}},"11":{"start":{"line":80,"column":12},"end":{"line":80,"column":32}},"12":{"start":{"line":94,"column":16},"end":{"line":94,"column":35}},"13":{"start":{"line":95,"column":16},"end":{"line":95,"column":32}},"14":{"start":{"line":122,"column":14},"end":{"line":122,"column":33}}},"fnMap":{"0":{"name":"ProductCard","decl":{"start":{"line":30,"column":16},"end":{"line":30,"column":27}},"loc":{"start":{"line":43,"column":19},"end":{"line":141,"column":1}}},"1":{"name":"(anonymous_1)","decl":{"start":{"line":78,"column":19},"end":{"line":78,"column":20}},"loc":{"start":{"line":78,"column":25},"end":{"line":81,"column":11}}},"2":{"name":"(anonymous_2)","decl":{"start":{"line":93,"column":23},"end":{"line":93,"column":24}},"loc":{"start":{"line":93,"column":29},"end":{"line":96,"column":15}}},"3":{"name":"(anonymous_3)","decl":{"start":{"line":121,"column":36},"end":{"line":121,"column":37}},"loc":{"start":{"line":122,"column":14},"end":{"line":122,"column":33}}}},"branchMap":{"0":{"loc":{"start":{"line":37,"column":2},"end":{"line":37,"column":13}},"type":"default-arg","locations":[{"start":{"line":37,"column":11},"end":{"line":37,"column":13}}]},"1":{"loc":{"start":{"line":38,"column":2},"end":{"line":38,"column":22}},"type":"default-arg","locations":[{"start":{"line":38,"column":17},"end":{"line":38,"column":22}}]},"2":{"loc":{"start":{"line":41,"column":2},"end":{"line":41,"column":22}},"type":"default-arg","locations":[{"start":{"line":41,"column":17},"end":{"line":41,"column":22}}]},"3":{"loc":{"start":{"line":44,"column":19},"end":{"line":44,"column":98}},"type":"cond-expr","locations":[{"start":{"line":44,"column":35},"end":{"line":44,"column":94}},{"start":{"line":44,"column":97},"end":{"line":44,"column":98}}]},"4":{"loc":{"start":{"line":60,"column":11},"end":{"line":63,"column":null}},"type":"binary-expr","locations":[{"start":{"line":60,"column":11},"end":{"line":60,"column":23}},{"start":{"line":61,"column":12},"end":{"line":61,"column":null}}]},"5":{"loc":{"start":{"line":65,"column":11},"end":{"line":66,"column":null}},"type":"binary-expr","locations":[{"start":{"line":65,"column":11},"end":{"line":65,"column":23}},{"start":{"line":65,"column":27},"end":{"line":65,"column":40}},{"start":{"line":66,"column":12},"end":{"line":66,"column":64}}]},"6":{"loc":{"start":{"line":76,"column":12},"end":{"line":76,"column":76}},"type":"binary-expr","locations":[{"start":{"line":76,"column":12},"end":{"line":76,"column":24}},{"start":{"line":76,"column":28},"end":{"line":76,"column":76}}]},"7":{"loc":{"start":{"line":83,"column":42},"end":{"line":83,"column":72}},"type":"binary-expr","locations":[{"start":{"line":83,"column":42},"end":{"line":83,"column":54}},{"start":{"line":83,"column":58},"end":{"line":83,"column":72}}]},"8":{"loc":{"start":{"line":88,"column":9},"end":{"line":101,"column":null}},"type":"binary-expr","locations":[{"start":{"line":88,"column":9},"end":{"line":88,"column":22}},{"start":{"line":89,"column":10},"end":{"line":100,"column":null}}]},"9":{"loc":{"start":{"line":119,"column":9},"end":{"line":126,"column":null}},"type":"binary-expr","locations":[{"start":{"line":119,"column":9},"end":{"line":119,"column":26}},{"start":{"line":120,"column":10},"end":{"line":125,"column":null}}]},"10":{"loc":{"start":{"line":132,"column":11},"end":{"line":135,"column":null}},"type":"binary-expr","locations":[{"start":{"line":132,"column":11},"end":{"line":132,"column":24}},{"start":{"line":133,"column":12},"end":{"line":134,"column":null}}]}},"s":{"0":0,"1":0,"2":0,"3":0,"4":0,"5":0,"6":0,"7":0,"8":0,"9":0,"10":0,"11":0,"12":0,"13":0,"14":0},"f":{"0":0,"1":0,"2":0,"3":0},"b":{"0":[0],"1":[0],"2":[0],"3":[0,0],"4":[0,0],"5":[0,0,0],"6":[0,0],"7":[0,0],"8":[0,0],"9":[0,0],"10":[0,0]}}
,"/Users/staytuned/Downloads/temp-rajan-s2/src/components/app/ProductCard/index.ts": {"path":"/Users/staytuned/Downloads/temp-rajan-s2/src/components/app/ProductCard/index.ts","statementMap":{"0":{"start":{"line":1,"column":0},"end":{"line":1,"column":9}},"1":{"start":{"line":1,"column":9},"end":{"line":1,"column":44}}},"fnMap":{"0":{"name":"(anonymous_0)","decl":{"start":{"line":1,"column":9},"end":{"line":1,"column":20}},"loc":{"start":{"line":1,"column":9},"end":{"line":1,"column":44}}}},"branchMap":{},"s":{"0":0,"1":0},"f":{"0":0},"b":{}}
,"/Users/staytuned/Downloads/temp-rajan-s2/src/components/guards/AuthGuard.tsx": {"path":"/Users/staytuned/Downloads/temp-rajan-s2/src/components/guards/AuthGuard.tsx","statementMap":{"0":{"start":{"line":15,"column":0},"end":{"line":15,"column":16}},"1":{"start":{"line":1,"column":0},"end":{"line":1,"column":57}},"2":{"start":{"line":2,"column":0},"end":{"line":2,"column":49}},"3":{"start":{"line":3,"column":0},"end":{"line":3,"column":39}},"4":{"start":{"line":20,"column":49},"end":{"line":20,"column":58}},"5":{"start":{"line":21,"column":21},"end":{"line":21,"column":34}},"6":{"start":{"line":24,"column":4},"end":{"line":30,"column":5}},"7":{"start":{"line":25,"column":8},"end":{"line":29,"column":10}},"8":{"start":{"line":33,"column":4},"end":{"line":35,"column":5}},"9":{"start":{"line":34,"column":8},"end":{"line":34,"column":79}},"10":{"start":{"line":38,"column":4},"end":{"line":42,"column":5}},"11":{"start":{"line":40,"column":30},"end":{"line":40,"column":79}},"12":{"start":{"line":41,"column":8},"end":{"line":41,"column":55}},"13":{"start":{"line":44,"column":4},"end":{"line":44,"column":27}}},"fnMap":{"0":{"name":"AuthGuard","decl":{"start":{"line":15,"column":16},"end":{"line":15,"column":25}},"loc":{"start":{"line":19,"column":17},"end":{"line":45,"column":1}}}},"branchMap":{"0":{"loc":{"start":{"line":18,"column":4},"end":{"line":18,"column":25}},"type":"default-arg","locations":[{"start":{"line":18,"column":17},"end":{"line":18,"column":25}}]},"1":{"loc":{"start":{"line":24,"column":4},"end":{"line":30,"column":5}},"type":"if","locations":[{"start":{"line":24,"column":4},"end":{"line":30,"column":5}}]},"2":{"loc":{"start":{"line":33,"column":4},"end":{"line":35,"column":5}},"type":"if","locations":[{"start":{"line":33,"column":4},"end":{"line":35,"column":5}}]},"3":{"loc":{"start":{"line":38,"column":4},"end":{"line":42,"column":5}},"type":"if","locations":[{"start":{"line":38,"column":4},"end":{"line":42,"column":5}}]},"4":{"loc":{"start":{"line":38,"column":8},"end":{"line":38,"column":51}},"type":"binary-expr","locations":[{"start":{"line":38,"column":8},"end":{"line":38,"column":20}},{"start":{"line":38,"column":24},"end":{"line":38,"column":51}}]},"5":{"loc":{"start":{"line":40,"column":30},"end":{"line":40,"column":79}},"type":"cond-expr","locations":[{"start":{"line":40,"column":55},"end":{"line":40,"column":73}},{"start":{"line":40,"column":76},"end":{"line":40,"column":79}}]}},"s":{"0":0,"1":0,"2":0,"3":0,"4":0,"5":0,"6":0,"7":0,"8":0,"9":0,"10":0,"11":0,"12":0,"13":0},"f":{"0":0},"b":{"0":[0],"1":[0],"2":[0],"3":[0],"4":[0,0],"5":[0,0]}}
,"/Users/staytuned/Downloads/temp-rajan-s2/src/components/guards/GuestGuard.tsx": {"path":"/Users/staytuned/Downloads/temp-rajan-s2/src/components/guards/GuestGuard.tsx","statementMap":{"0":{"start":{"line":13,"column":0},"end":{"line":13,"column":16}},"1":{"start":{"line":1,"column":0},"end":{"line":1,"column":57}},"2":{"start":{"line":2,"column":0},"end":{"line":2,"column":49}},"3":{"start":{"line":3,"column":0},"end":{"line":3,"column":39}},"4":{"start":{"line":14,"column":49},"end":{"line":14,"column":58}},"5":{"start":{"line":15,"column":21},"end":{"line":15,"column":34}},"6":{"start":{"line":18,"column":4},"end":{"line":24,"column":5}},"7":{"start":{"line":19,"column":8},"end":{"line":23,"column":10}},"8":{"start":{"line":27,"column":4},"end":{"line":37,"column":5}},"9":{"start":{"line":29,"column":22},"end":{"line":29,"column":88}},"10":{"start":{"line":32,"column":8},"end":{"line":34,"column":9}},"11":{"start":{"line":33,"column":12},"end":{"line":33,"column":72}},"12":{"start":{"line":36,"column":8},"end":{"line":36,"column":53}},"13":{"start":{"line":39,"column":4},"end":{"line":39,"column":27}}},"fnMap":{"0":{"name":"GuestGuard","decl":{"start":{"line":13,"column":16},"end":{"line":13,"column":26}},"loc":{"start":{"line":13,"column":56},"end":{"line":40,"column":1}}}},"branchMap":{"0":{"loc":{"start":{"line":18,"column":4},"end":{"line":24,"column":5}},"type":"if","locations":[{"start":{"line":18,"column":4},"end":{"line":24,"column":5}}]},"1":{"loc":{"start":{"line":27,"column":4},"end":{"line":37,"column":5}},"type":"if","locations":[{"start":{"line":27,"column":4},"end":{"line":37,"column":5}}]},"2":{"loc":{"start":{"line":32,"column":8},"end":{"line":34,"column":9}},"type":"if","locations":[{"start":{"line":32,"column":8},"end":{"line":34,"column":9}}]},"3":{"loc":{"start":{"line":33,"column":33},"end":{"line":33,"column":59}},"type":"binary-expr","locations":[{"start":{"line":33,"column":33},"end":{"line":33,"column":37}},{"start":{"line":33,"column":41},"end":{"line":33,"column":59}}]},"4":{"loc":{"start":{"line":36,"column":29},"end":{"line":36,"column":40}},"type":"binary-expr","locations":[{"start":{"line":36,"column":29},"end":{"line":36,"column":33}},{"start":{"line":36,"column":37},"end":{"line":36,"column":40}}]}},"s":{"0":0,"1":0,"2":0,"3":0,"4":0,"5":0,"6":0,"7":0,"8":0,"9":0,"10":0,"11":0,"12":0,"13":0},"f":{"0":0},"b":{"0":[0],"1":[0],"2":[0],"3":[0,0],"4":[0,0]}}
,"/Users/staytuned/Downloads/temp-rajan-s2/src/components/guards/index.ts": {"path":"/Users/staytuned/Downloads/temp-rajan-s2/src/components/guards/index.ts","statementMap":{"0":{"start":{"line":1,"column":0},"end":{"line":1,"column":9}},"1":{"start":{"line":1,"column":9},"end":{"line":1,"column":40}},"2":{"start":{"line":2,"column":0},"end":{"line":2,"column":9}},"3":{"start":{"line":2,"column":9},"end":{"line":2,"column":42}}},"fnMap":{"0":{"name":"(anonymous_0)","decl":{"start":{"line":1,"column":9},"end":{"line":1,"column":18}},"loc":{"start":{"line":1,"column":9},"end":{"line":1,"column":40}}},"1":{"name":"(anonymous_1)","decl":{"start":{"line":2,"column":9},"end":{"line":2,"column":19}},"loc":{"start":{"line":2,"column":9},"end":{"line":2,"column":42}}}},"branchMap":{},"s":{"0":0,"1":0,"2":0,"3":0},"f":{"0":0,"1":0},"b":{}}
,"/Users/staytuned/Downloads/temp-rajan-s2/src/components/ui/accordion.tsx": {"path":"/Users/staytuned/Downloads/temp-rajan-s2/src/components/ui/accordion.tsx","statementMap":{"0":{"start":{"line":64,"column":9},"end":{"line":64,"column":18}},"1":{"start":{"line":64,"column":20},"end":{"line":64,"column":33}},"2":{"start":{"line":64,"column":35},"end":{"line":64,"column":51}},"3":{"start":{"line":64,"column":53},"end":{"line":64,"column":69}},"4":{"start":{"line":1,"column":0},"end":{"line":1,"column":30}},"5":{"start":{"line":2,"column":0},"end":{"line":2,"column":63}},"6":{"start":{"line":3,"column":0},"end":{"line":3,"column":46}},"7":{"start":{"line":5,"column":0},"end":{"line":5,"column":32}},"8":{"start":{"line":10,"column":2},"end":{"line":10,"column":null}},"9":{"start":{"line":17,"column":2},"end":{"line":23,"column":null}},"10":{"start":{"line":31,"column":2},"end":{"line":45,"column":null}},"11":{"start":{"line":53,"column":2},"end":{"line":61,"column":null}}},"fnMap":{"0":{"name":"Accordion","decl":{"start":{"line":7,"column":9},"end":{"line":7,"column":18}},"loc":{"start":{"line":9,"column":55},"end":{"line":11,"column":1}}},"1":{"name":"AccordionItem","decl":{"start":{"line":13,"column":9},"end":{"line":13,"column":22}},"loc":{"start":{"line":16,"column":55},"end":{"line":24,"column":1}}},"2":{"name":"AccordionTrigger","decl":{"start":{"line":26,"column":9},"end":{"line":26,"column":25}},"loc":{"start":{"line":30,"column":58},"end":{"line":46,"column":1}}},"3":{"name":"AccordionContent","decl":{"start":{"line":48,"column":9},"end":{"line":48,"column":25}},"loc":{"start":{"line":52,"column":58},"end":{"line":62,"column":1}}}},"branchMap":{},"s":{"0":0,"1":0,"2":0,"3":0,"4":0,"5":0,"6":0,"7":0,"8":0,"9":0,"10":0,"11":0},"f":{"0":0,"1":0,"2":0,"3":0},"b":{}}
,"/Users/staytuned/Downloads/temp-rajan-s2/src/components/ui/alert.tsx": {"path":"/Users/staytuned/Downloads/temp-rajan-s2/src/components/ui/alert.tsx","statementMap":{"0":{"start":{"line":66,"column":9},"end":{"line":66,"column":14}},"1":{"start":{"line":66,"column":16},"end":{"line":66,"column":26}},"2":{"start":{"line":66,"column":28},"end":{"line":66,"column":44}},"3":{"start":{"line":1,"column":0},"end":{"line":1,"column":30}},"4":{"start":{"line":2,"column":0},"end":{"line":2,"column":65}},"5":{"start":{"line":4,"column":0},"end":{"line":4,"column":32}},"6":{"start":{"line":6,"column":22},"end":{"line":19,"column":null}},"7":{"start":{"line":27,"column":2},"end":{"line":34,"column":null}},"8":{"start":{"line":38,"column":2},"end":{"line":47,"column":null}},"9":{"start":{"line":54,"column":2},"end":{"line":63,"column":null}}},"fnMap":{"0":{"name":"Alert","decl":{"start":{"line":22,"column":9},"end":{"line":22,"column":14}},"loc":{"start":{"line":26,"column":67},"end":{"line":35,"column":1}}},"1":{"name":"AlertTitle","decl":{"start":{"line":37,"column":9},"end":{"line":37,"column":19}},"loc":{"start":{"line":37,"column":72},"end":{"line":48,"column":1}}},"2":{"name":"AlertDescription","decl":{"start":{"line":50,"column":9},"end":{"line":50,"column":25}},"loc":{"start":{"line":53,"column":30},"end":{"line":64,"column":1}}}},"branchMap":{},"s":{"0":0,"1":0,"2":0,"3":0,"4":0,"5":0,"6":0,"7":0,"8":0,"9":0},"f":{"0":0,"1":0,"2":0},"b":{}}
,"/Users/staytuned/Downloads/temp-rajan-s2/src/components/ui/avatar.tsx": {"path":"/Users/staytuned/Downloads/temp-rajan-s2/src/components/ui/avatar.tsx","statementMap":{"0":{"start":{"line":51,"column":9},"end":{"line":51,"column":15}},"1":{"start":{"line":51,"column":17},"end":{"line":51,"column":28}},"2":{"start":{"line":51,"column":30},"end":{"line":51,"column":44}},"3":{"start":{"line":1,"column":0},"end":{"line":1,"column":30}},"4":{"start":{"line":2,"column":0},"end":{"line":2,"column":57}},"5":{"start":{"line":4,"column":0},"end":{"line":4,"column":32}},"6":{"start":{"line":10,"column":2},"end":{"line":19,"column":null}},"7":{"start":{"line":26,"column":2},"end":{"line":32,"column":null}},"8":{"start":{"line":39,"column":2},"end":{"line":48,"column":null}}},"fnMap":{"0":{"name":"Avatar","decl":{"start":{"line":6,"column":9},"end":{"line":6,"column":15}},"loc":{"start":{"line":9,"column":52},"end":{"line":20,"column":1}}},"1":{"name":"AvatarImage","decl":{"start":{"line":22,"column":9},"end":{"line":22,"column":20}},"loc":{"start":{"line":25,"column":53},"end":{"line":33,"column":1}}},"2":{"name":"AvatarFallback","decl":{"start":{"line":35,"column":9},"end":{"line":35,"column":23}},"loc":{"start":{"line":38,"column":56},"end":{"line":49,"column":1}}}},"branchMap":{},"s":{"0":0,"1":0,"2":0,"3":0,"4":0,"5":0,"6":0,"7":0,"8":0},"f":{"0":0,"1":0,"2":0},"b":{}}
,"/Users/staytuned/Downloads/temp-rajan-s2/src/components/ui/badge.tsx": {"path":"/Users/staytuned/Downloads/temp-rajan-s2/src/components/ui/badge.tsx","statementMap":{"0":{"start":{"line":46,"column":9},"end":{"line":46,"column":14}},"1":{"start":{"line":1,"column":0},"end":{"line":1,"column":30}},"2":{"start":{"line":2,"column":0},"end":{"line":2,"column":43}},"3":{"start":{"line":3,"column":0},"end":{"line":3,"column":65}},"4":{"start":{"line":5,"column":0},"end":{"line":5,"column":32}},"5":{"start":{"line":7,"column":22},"end":{"line":25,"column":null}},"6":{"start":{"line":46,"column":16},"end":{"line":46,"column":29}},"7":{"start":{"line":35,"column":15},"end":{"line":35,"column":38}},"8":{"start":{"line":37,"column":2},"end":{"line":43,"column":null}}},"fnMap":{"0":{"name":"Badge","decl":{"start":{"line":28,"column":9},"end":{"line":28,"column":14}},"loc":{"start":{"line":34,"column":60},"end":{"line":44,"column":1}}}},"branchMap":{"0":{"loc":{"start":{"line":31,"column":2},"end":{"line":31,"column":17}},"type":"default-arg","locations":[{"start":{"line":31,"column":12},"end":{"line":31,"column":17}}]},"1":{"loc":{"start":{"line":35,"column":15},"end":{"line":35,"column":38}},"type":"cond-expr","locations":[{"start":{"line":35,"column":25},"end":{"line":35,"column":29}},{"start":{"line":35,"column":32},"end":{"line":35,"column":38}}]}},"s":{"0":0,"1":0,"2":0,"3":0,"4":0,"5":0,"6":0,"7":0,"8":0},"f":{"0":0},"b":{"0":[0],"1":[0,0]}}
,"/Users/staytuned/Downloads/temp-rajan-s2/src/components/ui/button.tsx": {"path":"/Users/staytuned/Downloads/temp-rajan-s2/src/components/ui/button.tsx","statementMap":{"0":{"start":{"line":62,"column":9},"end":{"line":62,"column":15}},"1":{"start":{"line":1,"column":0},"end":{"line":1,"column":30}},"2":{"start":{"line":2,"column":0},"end":{"line":2,"column":43}},"3":{"start":{"line":3,"column":0},"end":{"line":3,"column":65}},"4":{"start":{"line":5,"column":0},"end":{"line":5,"column":32}},"5":{"start":{"line":7,"column":23},"end":{"line":36,"column":null}},"6":{"start":{"line":62,"column":17},"end":{"line":62,"column":31}},"7":{"start":{"line":49,"column":15},"end":{"line":49,"column":40}},"8":{"start":{"line":51,"column":2},"end":{"line":59,"column":null}}},"fnMap":{"0":{"name":"Button","decl":{"start":{"line":39,"column":9},"end":{"line":39,"column":15}},"loc":{"start":{"line":48,"column":3},"end":{"line":60,"column":1}}}},"branchMap":{"0":{"loc":{"start":{"line":41,"column":2},"end":{"line":41,"column":21}},"type":"default-arg","locations":[{"start":{"line":41,"column":12},"end":{"line":41,"column":21}}]},"1":{"loc":{"start":{"line":42,"column":2},"end":{"line":42,"column":18}},"type":"default-arg","locations":[{"start":{"line":42,"column":9},"end":{"line":42,"column":18}}]},"2":{"loc":{"start":{"line":43,"column":2},"end":{"line":43,"column":17}},"type":"default-arg","locations":[{"start":{"line":43,"column":12},"end":{"line":43,"column":17}}]},"3":{"loc":{"start":{"line":49,"column":15},"end":{"line":49,"column":40}},"type":"cond-expr","locations":[{"start":{"line":49,"column":25},"end":{"line":49,"column":29}},{"start":{"line":49,"column":32},"end":{"line":49,"column":40}}]}},"s":{"0":0,"1":0,"2":0,"3":0,"4":0,"5":0,"6":0,"7":0,"8":0},"f":{"0":0},"b":{"0":[0],"1":[0],"2":[0],"3":[0,0]}}
,"/Users/staytuned/Downloads/temp-rajan-s2/src/components/ui/card.tsx": {"path":"/Users/staytuned/Downloads/temp-rajan-s2/src/components/ui/card.tsx","statementMap":{"0":{"start":{"line":85,"column":2},"end":{"line":85,"column":6}},"1":{"start":{"line":86,"column":2},"end":{"line":86,"column":12}},"2":{"start":{"line":87,"column":2},"end":{"line":87,"column":12}},"3":{"start":{"line":88,"column":2},"end":{"line":88,"column":11}},"4":{"start":{"line":89,"column":2},"end":{"line":89,"column":12}},"5":{"start":{"line":90,"column":2},"end":{"line":90,"column":17}},"6":{"start":{"line":91,"column":2},"end":{"line":91,"column":13}},"7":{"start":{"line":1,"column":0},"end":{"line":1,"column":30}},"8":{"start":{"line":3,"column":0},"end":{"line":3,"column":32}},"9":{"start":{"line":6,"column":2},"end":{"line":15,"column":null}},"10":{"start":{"line":19,"column":2},"end":{"line":28,"column":null}},"11":{"start":{"line":32,"column":2},"end":{"line":38,"column":null}},"12":{"start":{"line":42,"column":2},"end":{"line":48,"column":null}},"13":{"start":{"line":52,"column":2},"end":{"line":61,"column":null}},"14":{"start":{"line":65,"column":2},"end":{"line":71,"column":null}},"15":{"start":{"line":75,"column":2},"end":{"line":81,"column":null}}},"fnMap":{"0":{"name":"Card","decl":{"start":{"line":5,"column":9},"end":{"line":5,"column":13}},"loc":{"start":{"line":5,"column":66},"end":{"line":16,"column":1}}},"1":{"name":"CardHeader","decl":{"start":{"line":18,"column":9},"end":{"line":18,"column":19}},"loc":{"start":{"line":18,"column":72},"end":{"line":29,"column":1}}},"2":{"name":"CardTitle","decl":{"start":{"line":31,"column":9},"end":{"line":31,"column":18}},"loc":{"start":{"line":31,"column":71},"end":{"line":39,"column":1}}},"3":{"name":"CardDescription","decl":{"start":{"line":41,"column":9},"end":{"line":41,"column":24}},"loc":{"start":{"line":41,"column":77},"end":{"line":49,"column":1}}},"4":{"name":"CardAction","decl":{"start":{"line":51,"column":9},"end":{"line":51,"column":19}},"loc":{"start":{"line":51,"column":72},"end":{"line":62,"column":1}}},"5":{"name":"CardContent","decl":{"start":{"line":64,"column":9},"end":{"line":64,"column":20}},"loc":{"start":{"line":64,"column":73},"end":{"line":72,"column":1}}},"6":{"name":"CardFooter","decl":{"start":{"line":74,"column":9},"end":{"line":74,"column":19}},"loc":{"start":{"line":74,"column":72},"end":{"line":82,"column":1}}}},"branchMap":{},"s":{"0":0,"1":0,"2":0,"3":0,"4":0,"5":0,"6":0,"7":0,"8":0,"9":0,"10":0,"11":0,"12":0,"13":0,"14":0,"15":0},"f":{"0":0,"1":0,"2":0,"3":0,"4":0,"5":0,"6":0},"b":{}}
,"/Users/staytuned/Downloads/temp-rajan-s2/src/components/ui/checkbox.tsx": {"path":"/Users/staytuned/Downloads/temp-rajan-s2/src/components/ui/checkbox.tsx","statementMap":{"0":{"start":{"line":32,"column":9},"end":{"line":32,"column":17}},"1":{"start":{"line":3,"column":0},"end":{"line":3,"column":30}},"2":{"start":{"line":4,"column":0},"end":{"line":4,"column":61}},"3":{"start":{"line":5,"column":0},"end":{"line":5,"column":40}},"4":{"start":{"line":7,"column":0},"end":{"line":7,"column":32}},"5":{"start":{"line":13,"column":2},"end":{"line":29,"column":null}}},"fnMap":{"0":{"name":"Checkbox","decl":{"start":{"line":9,"column":9},"end":{"line":9,"column":17}},"loc":{"start":{"line":12,"column":54},"end":{"line":30,"column":1}}}},"branchMap":{},"s":{"0":0,"1":0,"2":0,"3":0,"4":0,"5":0},"f":{"0":0},"b":{}}
,"/Users/staytuned/Downloads/temp-rajan-s2/src/components/ui/dialog.tsx": {"path":"/Users/staytuned/Downloads/temp-rajan-s2/src/components/ui/dialog.tsx","statementMap":{"0":{"start":{"line":133,"column":2},"end":{"line":133,"column":8}},"1":{"start":{"line":134,"column":2},"end":{"line":134,"column":13}},"2":{"start":{"line":135,"column":2},"end":{"line":135,"column":15}},"3":{"start":{"line":136,"column":2},"end":{"line":136,"column":19}},"4":{"start":{"line":137,"column":2},"end":{"line":137,"column":14}},"5":{"start":{"line":138,"column":2},"end":{"line":138,"column":14}},"6":{"start":{"line":139,"column":2},"end":{"line":139,"column":15}},"7":{"start":{"line":140,"column":2},"end":{"line":140,"column":14}},"8":{"start":{"line":141,"column":2},"end":{"line":141,"column":13}},"9":{"start":{"line":142,"column":2},"end":{"line":142,"column":15}},"10":{"start":{"line":3,"column":0},"end":{"line":3,"column":30}},"11":{"start":{"line":4,"column":0},"end":{"line":4,"column":57}},"12":{"start":{"line":5,"column":0},"end":{"line":5,"column":36}},"13":{"start":{"line":7,"column":0},"end":{"line":7,"column":32}},"14":{"start":{"line":12,"column":2},"end":{"line":12,"column":null}},"15":{"start":{"line":18,"column":2},"end":{"line":18,"column":null}},"16":{"start":{"line":24,"column":2},"end":{"line":24,"column":null}},"17":{"start":{"line":30,"column":2},"end":{"line":30,"column":null}},"18":{"start":{"line":37,"column":2},"end":{"line":46,"column":null}},"19":{"start":{"line":57,"column":2},"end":{"line":80,"column":null}},"20":{"start":{"line":84,"column":2},"end":{"line":90,"column":null}},"21":{"start":{"line":94,"column":2},"end":{"line":103,"column":null}},"22":{"start":{"line":110,"column":2},"end":{"line":116,"column":null}},"23":{"start":{"line":123,"column":2},"end":{"line":129,"column":null}}},"fnMap":{"0":{"name":"Dialog","decl":{"start":{"line":9,"column":9},"end":{"line":9,"column":15}},"loc":{"start":{"line":11,"column":52},"end":{"line":13,"column":1}}},"1":{"name":"DialogTrigger","decl":{"start":{"line":15,"column":9},"end":{"line":15,"column":22}},"loc":{"start":{"line":17,"column":55},"end":{"line":19,"column":1}}},"2":{"name":"DialogPortal","decl":{"start":{"line":21,"column":9},"end":{"line":21,"column":21}},"loc":{"start":{"line":23,"column":54},"end":{"line":25,"column":1}}},"3":{"name":"DialogClose","decl":{"start":{"line":27,"column":9},"end":{"line":27,"column":20}},"loc":{"start":{"line":29,"column":53},"end":{"line":31,"column":1}}},"4":{"name":"DialogOverlay","decl":{"start":{"line":33,"column":9},"end":{"line":33,"column":22}},"loc":{"start":{"line":36,"column":55},"end":{"line":47,"column":1}}},"5":{"name":"DialogContent","decl":{"start":{"line":49,"column":9},"end":{"line":49,"column":22}},"loc":{"start":{"line":56,"column":1},"end":{"line":81,"column":1}}},"6":{"name":"DialogHeader","decl":{"start":{"line":83,"column":9},"end":{"line":83,"column":21}},"loc":{"start":{"line":83,"column":74},"end":{"line":91,"column":1}}},"7":{"name":"DialogFooter","decl":{"start":{"line":93,"column":9},"end":{"line":93,"column":21}},"loc":{"start":{"line":93,"column":74},"end":{"line":104,"column":1}}},"8":{"name":"DialogTitle","decl":{"start":{"line":106,"column":9},"end":{"line":106,"column":20}},"loc":{"start":{"line":109,"column":53},"end":{"line":117,"column":1}}},"9":{"name":"DialogDescription","decl":{"start":{"line":119,"column":9},"end":{"line":119,"column":26}},"loc":{"start":{"line":122,"column":59},"end":{"line":130,"column":1}}}},"branchMap":{"0":{"loc":{"start":{"line":52,"column":2},"end":{"line":52,"column":24}},"type":"default-arg","locations":[{"start":{"line":52,"column":20},"end":{"line":52,"column":24}}]},"1":{"loc":{"start":{"line":69,"column":9},"end":{"line":76,"column":null}},"type":"binary-expr","locations":[{"start":{"line":69,"column":9},"end":{"line":69,"column":24}},{"start":{"line":70,"column":10},"end":{"line":75,"column":null}}]}},"s":{"0":0,"1":0,"2":0,"3":0,"4":0,"5":0,"6":0,"7":0,"8":0,"9":0,"10":0,"11":0,"12":0,"13":0,"14":0,"15":0,"16":0,"17":0,"18":0,"19":0,"20":0,"21":0,"22":0,"23":0},"f":{"0":0,"1":0,"2":0,"3":0,"4":0,"5":0,"6":0,"7":0,"8":0,"9":0},"b":{"0":[0],"1":[0,0]}}
,"/Users/staytuned/Downloads/temp-rajan-s2/src/components/ui/dropdown-menu.tsx": {"path":"/Users/staytuned/Downloads/temp-rajan-s2/src/components/ui/dropdown-menu.tsx","statementMap":{"0":{"start":{"line":242,"column":2},"end":{"line":242,"column":14}},"1":{"start":{"line":243,"column":2},"end":{"line":243,"column":20}},"2":{"start":{"line":244,"column":2},"end":{"line":244,"column":21}},"3":{"start":{"line":245,"column":2},"end":{"line":245,"column":21}},"4":{"start":{"line":246,"column":2},"end":{"line":246,"column":19}},"5":{"start":{"line":247,"column":2},"end":{"line":247,"column":19}},"6":{"start":{"line":248,"column":2},"end":{"line":248,"column":18}},"7":{"start":{"line":249,"column":2},"end":{"line":249,"column":26}},"8":{"start":{"line":250,"column":2},"end":{"line":250,"column":24}},"9":{"start":{"line":251,"column":2},"end":{"line":251,"column":23}},"10":{"start":{"line":252,"column":2},"end":{"line":252,"column":23}},"11":{"start":{"line":253,"column":2},"end":{"line":253,"column":22}},"12":{"start":{"line":254,"column":2},"end":{"line":254,"column":17}},"13":{"start":{"line":255,"column":2},"end":{"line":255,"column":24}},"14":{"start":{"line":256,"column":2},"end":{"line":256,"column":24}},"15":{"start":{"line":3,"column":0},"end":{"line":3,"column":30}},"16":{"start":{"line":4,"column":0},"end":{"line":4,"column":70}},"17":{"start":{"line":5,"column":0},"end":{"line":5,"column":70}},"18":{"start":{"line":7,"column":0},"end":{"line":7,"column":32}},"19":{"start":{"line":12,"column":2},"end":{"line":12,"column":null}},"20":{"start":{"line":18,"column":2},"end":{"line":20,"column":null}},"21":{"start":{"line":26,"column":2},"end":{"line":31,"column":null}},"22":{"start":{"line":39,"column":2},"end":{"line":51,"column":null}},"23":{"start":{"line":57,"column":2},"end":{"line":59,"column":null}},"24":{"start":{"line":71,"column":2},"end":{"line":82,"column":null}},"25":{"start":{"line":91,"column":2},"end":{"line":108,"column":null}},"26":{"start":{"line":114,"column":2},"end":{"line":119,"column":null}},"27":{"start":{"line":127,"column":2},"end":{"line":143,"column":null}},"28":{"start":{"line":153,"column":2},"end":{"line":163,"column":null}},"29":{"start":{"line":170,"column":2},"end":{"line":176,"column":null}},"30":{"start":{"line":183,"column":2},"end":{"line":192,"column":null}},"31":{"start":{"line":198,"column":2},"end":{"line":198,"column":null}},"32":{"start":{"line":209,"column":2},"end":{"line":222,"column":null}},"33":{"start":{"line":229,"column":2},"end":{"line":238,"column":null}}},"fnMap":{"0":{"name":"DropdownMenu","decl":{"start":{"line":9,"column":9},"end":{"line":9,"column":21}},"loc":{"start":{"line":11,"column":58},"end":{"line":13,"column":1}}},"1":{"name":"DropdownMenuPortal","decl":{"start":{"line":15,"column":9},"end":{"line":15,"column":27}},"loc":{"start":{"line":17,"column":60},"end":{"line":21,"column":1}}},"2":{"name":"DropdownMenuTrigger","decl":{"start":{"line":23,"column":9},"end":{"line":23,"column":28}},"loc":{"start":{"line":25,"column":61},"end":{"line":32,"column":1}}},"3":{"name":"DropdownMenuContent","decl":{"start":{"line":34,"column":9},"end":{"line":34,"column":28}},"loc":{"start":{"line":38,"column":61},"end":{"line":52,"column":1}}},"4":{"name":"DropdownMenuGroup","decl":{"start":{"line":54,"column":9},"end":{"line":54,"column":26}},"loc":{"start":{"line":56,"column":59},"end":{"line":60,"column":1}}},"5":{"name":"DropdownMenuItem","decl":{"start":{"line":62,"column":9},"end":{"line":62,"column":25}},"loc":{"start":{"line":70,"column":1},"end":{"line":83,"column":1}}},"6":{"name":"DropdownMenuCheckboxItem","decl":{"start":{"line":85,"column":9},"end":{"line":85,"column":33}},"loc":{"start":{"line":90,"column":66},"end":{"line":109,"column":1}}},"7":{"name":"DropdownMenuRadioGroup","decl":{"start":{"line":111,"column":9},"end":{"line":111,"column":31}},"loc":{"start":{"line":113,"column":64},"end":{"line":120,"column":1}}},"8":{"name":"DropdownMenuRadioItem","decl":{"start":{"line":122,"column":9},"end":{"line":122,"column":30}},"loc":{"start":{"line":126,"column":63},"end":{"line":144,"column":1}}},"9":{"name":"DropdownMenuLabel","decl":{"start":{"line":146,"column":9},"end":{"line":146,"column":26}},"loc":{"start":{"line":152,"column":1},"end":{"line":164,"column":1}}},"10":{"name":"DropdownMenuSeparator","decl":{"start":{"line":166,"column":9},"end":{"line":166,"column":30}},"loc":{"start":{"line":169,"column":63},"end":{"line":177,"column":1}}},"11":{"name":"DropdownMenuShortcut","decl":{"start":{"line":179,"column":9},"end":{"line":179,"column":29}},"loc":{"start":{"line":182,"column":31},"end":{"line":193,"column":1}}},"12":{"name":"DropdownMenuSub","decl":{"start":{"line":195,"column":9},"end":{"line":195,"column":24}},"loc":{"start":{"line":197,"column":57},"end":{"line":199,"column":1}}},"13":{"name":"DropdownMenuSubTrigger","decl":{"start":{"line":201,"column":9},"end":{"line":201,"column":31}},"loc":{"start":{"line":208,"column":1},"end":{"line":223,"column":1}}},"14":{"name":"DropdownMenuSubContent","decl":{"start":{"line":225,"column":9},"end":{"line":225,"column":31}},"loc":{"start":{"line":228,"column":64},"end":{"line":239,"column":1}}}},"branchMap":{"0":{"loc":{"start":{"line":36,"column":2},"end":{"line":36,"column":16}},"type":"default-arg","locations":[{"start":{"line":36,"column":15},"end":{"line":36,"column":16}}]},"1":{"loc":{"start":{"line":65,"column":2},"end":{"line":65,"column":21}},"type":"default-arg","locations":[{"start":{"line":65,"column":12},"end":{"line":65,"column":21}}]}},"s":{"0":0,"1":0,"2":0,"3":0,"4":0,"5":0,"6":0,"7":0,"8":0,"9":0,"10":0,"11":0,"12":0,"13":0,"14":0,"15":0,"16":0,"17":0,"18":0,"19":0,"20":0,"21":0,"22":0,"23":0,"24":0,"25":0,"26":0,"27":0,"28":0,"29":0,"30":0,"31":0,"32":0,"33":0},"f":{"0":0,"1":0,"2":0,"3":0,"4":0,"5":0,"6":0,"7":0,"8":0,"9":0,"10":0,"11":0,"12":0,"13":0,"14":0},"b":{"0":[0],"1":[0]}}
,"/Users/staytuned/Downloads/temp-rajan-s2/src/components/ui/form.tsx": {"path":"/Users/staytuned/Downloads/temp-rajan-s2/src/components/ui/form.tsx","statementMap":{"0":{"start":{"line":161,"column":2},"end":{"line":161,"column":10}},"1":{"start":{"line":162,"column":2},"end":{"line":162,"column":11}},"2":{"start":{"line":163,"column":2},"end":{"line":163,"column":13}},"3":{"start":{"line":164,"column":2},"end":{"line":164,"column":17}},"4":{"start":{"line":165,"column":2},"end":{"line":165,"column":13}},"5":{"start":{"line":3,"column":0},"end":{"line":3,"column":30}},"6":{"start":{"line":5,"column":0},"end":{"line":5,"column":43}},"7":{"start":{"line":6,"column":0},"end":{"line":6,"column":null}},"8":{"start":{"line":16,"column":0},"end":{"line":16,"column":32}},"9":{"start":{"line":17,"column":0},"end":{"line":17,"column":45}},"10":{"start":{"line":19,"column":13},"end":{"line":19,"column":25}},"11":{"start":{"line":160,"column":2},"end":{"line":160,"column":6}},"12":{"start":{"line":28,"column":25},"end":{"line":29,"column":null}},"13":{"start":{"line":32,"column":18},"end":{"line":43,"column":1}},"14":{"start":{"line":38,"column":2},"end":{"line":42,"column":null}},"15":{"start":{"line":166,"column":2},"end":{"line":166,"column":11}},"16":{"start":{"line":45,"column":21},"end":{"line":66,"column":1}},"17":{"start":{"line":46,"column":23},"end":{"line":46,"column":57}},"18":{"start":{"line":47,"column":22},"end":{"line":47,"column":55}},"19":{"start":{"line":48,"column":28},"end":{"line":48,"column":44}},"20":{"start":{"line":49,"column":20},"end":{"line":49,"column":61}},"21":{"start":{"line":50,"column":21},"end":{"line":50,"column":64}},"22":{"start":{"line":52,"column":2},"end":{"line":54,"column":3}},"23":{"start":{"line":53,"column":4},"end":{"line":53,"column":null}},"24":{"start":{"line":56,"column":17},"end":{"line":56,"column":28}},"25":{"start":{"line":58,"column":2},"end":{"line":65,"column":null}},"26":{"start":{"line":159,"column":2},"end":{"line":159,"column":14}},"27":{"start":{"line":72,"column":24},"end":{"line":73,"column":null}},"28":{"start":{"line":77,"column":13},"end":{"line":77,"column":26}},"29":{"start":{"line":79,"column":2},"end":{"line":87,"column":null}},"30":{"start":{"line":94,"column":32},"end":{"line":94,"column":46}},"31":{"start":{"line":96,"column":2},"end":{"line":104,"column":null}},"32":{"start":{"line":108,"column":66},"end":{"line":108,"column":80}},"33":{"start":{"line":110,"column":2},"end":{"line":122,"column":null}},"34":{"start":{"line":126,"column":32},"end":{"line":126,"column":46}},"35":{"start":{"line":128,"column":2},"end":{"line":135,"column":null}},"36":{"start":{"line":139,"column":35},"end":{"line":139,"column":49}},"37":{"start":{"line":140,"column":15},"end":{"line":140,"column":68}},"38":{"start":{"line":142,"column":2},"end":{"line":144,"column":3}},"39":{"start":{"line":143,"column":4},"end":{"line":143,"column":null}},"40":{"start":{"line":146,"column":2},"end":{"line":155,"column":null}}},"fnMap":{"0":{"name":"(anonymous_0)","decl":{"start":{"line":32,"column":18},"end":{"line":32,"column":null}},"loc":{"start":{"line":37,"column":43},"end":{"line":43,"column":1}}},"1":{"name":"(anonymous_1)","decl":{"start":{"line":45,"column":21},"end":{"line":45,"column":24}},"loc":{"start":{"line":45,"column":26},"end":{"line":66,"column":1}}},"2":{"name":"FormItem","decl":{"start":{"line":76,"column":9},"end":{"line":76,"column":17}},"loc":{"start":{"line":76,"column":70},"end":{"line":88,"column":1}}},"3":{"name":"FormLabel","decl":{"start":{"line":90,"column":9},"end":{"line":90,"column":18}},"loc":{"start":{"line":93,"column":51},"end":{"line":105,"column":1}}},"4":{"name":"FormControl","decl":{"start":{"line":107,"column":9},"end":{"line":107,"co
[...]
mn":61}},{"start":{"line":142,"column":32},"end":{"line":142,"column":51}}]},"10":{"loc":{"start":{"line":155,"column":29},"end":{"line":155,"column":82}},"type":"binary-expr","locations":[{"start":{"line":155,"column":29},"end":{"line":155,"column":49}},{"start":{"line":155,"column":53},"end":{"line":155,"column":82}}]},"11":{"loc":{"start":{"line":174,"column":15},"end":{"line":235,"column":null}},"type":"binary-expr","locations":[{"start":{"line":174,"column":16},"end":{"line":174,"column":29}},{"start":{"line":174,"column":33},"end":{"line":174,"column":60}},{"start":{"line":175,"column":16},"end":{"line":234,"column":null}}]},"12":{"loc":{"start":{"line":180,"column":23},"end":{"line":181,"column":null}},"type":"binary-expr","locations":[{"start":{"line":180,"column":23},"end":{"line":180,"column":38}},{"start":{"line":181,"column":24},"end":{"line":181,"column":93}}]},"13":{"loc":{"start":{"line":187,"column":23},"end":{"line":188,"column":null}},"type":"binary-expr","locations":[{"start":{"line":187,"column":23},"end":{"line":187,"column":35}},{"start":{"line":188,"column":24},"end":{"line":188,"column":90}}]},"14":{"loc":{"start":{"line":195,"column":21},"end":{"line":196,"column":null}},"type":"binary-expr","locations":[{"start":{"line":195,"column":21},"end":{"line":195,"column":40}},{"start":{"line":196,"column":22},"end":{"line":196,"column":95}}]},"15":{"loc":{"start":{"line":207,"column":23},"end":{"line":208,"column":null}},"type":"binary-expr","locations":[{"start":{"line":207,"column":23},"end":{"line":207,"column":34}},{"start":{"line":208,"column":24},"end":{"line":208,"column":89}}]},"16":{"loc":{"start":{"line":214,"column":23},"end":{"line":215,"column":null}},"type":"binary-expr","locations":[{"start":{"line":214,"column":23},"end":{"line":214,"column":35}},{"start":{"line":215,"column":24},"end":{"line":215,"column":90}}]},"17":{"loc":{"start":{"line":221,"column":23},"end":{"line":222,"column":null}},"type":"binary-expr","locations":[{"start":{"line":221,"column":23},"end":{"line":221,"column":37}},{"start":{"line":222,"column":24},"end":{"line":222,"column":92}}]},"18":{"loc":{"start":{"line":226,"column":19},"end":{"line":233,"column":null}},"type":"binary-expr","locations":[{"start":{"line":226,"column":19},"end":{"line":226,"column":32}},{"start":{"line":226,"column":36},"end":{"line":226,"column":61}},{"start":{"line":227,"column":20},"end":{"line":230,"column":null}}]},"19":{"loc":{"start":{"line":242,"column":25},"end":{"line":242,"column":100}},"type":"cond-expr","locations":[{"start":{"line":242,"column":41},"end":{"line":242,"column":74}},{"start":{"line":242,"column":77},"end":{"line":242,"column":100}}]},"20":{"loc":{"start":{"line":243,"column":26},"end":{"line":243,"column":60}},"type":"binary-expr","locations":[{"start":{"line":243,"column":26},"end":{"line":243,"column":42}},{"start":{"line":243,"column":46},"end":{"line":243,"column":60}}]},"21":{"loc":{"start":{"line":253,"column":28},"end":{"line":253,"column":61}},"type":"binary-expr","locations":[{"start":{"line":253,"column":28},"end":{"line":253,"column":45}},{"start":{"line":253,"column":49},"end":{"line":253,"column":61}}]},"22":{"loc":{"start":{"line":259,"column":18},"end":{"line":261,"column":54}},"type":"cond-expr","locations":[{"start":{"line":260,"column":22},"end":{"line":260,"column":58}},{"start":{"line":261,"column":22},"end":{"line":261,"column":54}}]},"23":{"loc":{"start":{"line":264,"column":17},"end":{"line":264,"column":70}},"type":"cond-expr","locations":[{"start":{"line":264,"column":35},"end":{"line":264,"column":64}},{"start":{"line":264,"column":67},"end":{"line":264,"column":70}}]},"24":{"loc":{"start":{"line":269,"column":11},"end":{"line":339,"column":null}},"type":"binary-expr","locations":[{"start":{"line":269,"column":11},"end":{"line":269,"column":28}},{"start":{"line":270,"column":12},"end":{"line":338,"column":null}}]},"25":{"loc":{"start":{"line":275,"column":20},"end":{"line":277,"column":43}},"type":"cond-expr","locations":[{"start":{"line":276,"column":24},"end":{"line":276,"column":53}},{"start":{"line":277,"column":24},"end":{"line":277,"column":43}}]},"26":{"loc":{"start":{"line":289,"column":20},"end":{"line":291,"column":43}},"type":"cond-expr","locations":[{"start":{"line":290,"column":24},"end":{"line":290,"column":53}},{"start":{"line":291,"column":24},"end":{"line":291,"column":43}}]},"27":{"loc":{"start":{"line":303,"column":20},"end":{"line":305,"column":43}},"type":"cond-expr","locations":[{"start":{"line":304,"column":24},"end":{"line":304,"column":53}},{"start":{"line":305,"column":24},"end":{"line":305,"column":43}}]},"28":{"loc":{"start":{"line":328,"column":17},"end":{"line":336,"column":null}},"type":"cond-expr","locations":[{"start":{"line":329,"column":18},"end":{"line":330,"column":null}},{"start":{"line":334,"column":18},"end":{"line":335,"column":null}}]},"29":{"loc":{"start":{"line":375,"column":23},"end":{"line":375,"column":87}},"type":"cond-expr","locations":[{"start":{"line":375,"column":52},"end":{"line":375,"column":58}},{"start":{"line":375,"column":61},"end":{"line":375,"column":87}}]}},"s":{"0":0,"1":0,"2":0,"3":0,"4":0,"5":0,"6":0,"7":0,"8":0,"9":0,"10":0,"11":0,"12":0,"13":0,"14":0,"15":0,"16":0,"17":0,"18":0,"19":0,"20":0,"21":0,"22":0,"23":0,"24":0,"25":0,"26":0,"27":0,"28":0,"29":0,"30":0,"31":0,"32":0,"33":0,"34":0,"35":0,"36":0,"37":0,"38":0,"39":0,"40":0,"41":0},"f":{"0":0,"1":0,"2":0,"3":0,"4":0,"5":0,"6":0,"7":0,"8":0,"9":0},"b":{"0":[0,0],"1":[0],"2":[0,0],"3":[0,0],"4":[0,0],"5":[0,0],"6":[0,0],"7":[0,0],"8":[0,0,0],"9":[0,0],"10":[0,0],"11":[0,0,0],"12":[0,0],"13":[0,0],"14":[0,0],"15":[0,0],"16":[0,0],"17":[0,0],"18":[0,0,0],"19":[0,0],"20":[0,0],"21":[0,0],"22":[0,0],"23":[0,0],"24":[0,0],"25":[0,0],"26":[0,0],"27":[0,0],"28":[0,0],"29":[0,0]}}
,"/Users/staytuned/Downloads/temp-rajan-s2/src/screens/ordering/CheckoutScreen/index.ts": {"path":"/Users/staytuned/Downloads/temp-rajan-s2/src/screens/ordering/CheckoutScreen/index.ts","statementMap":{"0":{"start":{"line":1,"column":0},"end":{"line":1,"column":9}},"1":{"start":{"line":1,"column":9},"end":{"line":1,"column":50}}},"fnMap":{"0":{"name":"(anonymous_0)","decl":{"start":{"line":1,"column":9},"end":{"line":1,"column":23}},"loc":{"start":{"line":1,"column":9},"end":{"line":1,"column":50}}}},"branchMap":{},"s":{"0":0,"1":0},"f":{"0":0},"b":{}}
,"/Users/staytuned/Downloads/temp-rajan-s2/src/screens/ordering/OrderConfirmationScreen/OrderConfirmationScreen.tsx": {"path":"/Users/staytuned/Downloads/temp-rajan-s2/src/screens/ordering/OrderConfirmationScreen/OrderConfirmationScreen.tsx","statementMap":{"0":{"start":{"line":36,"column":0},"end":{"line":36,"column":16}},"1":{"start":{"line":1,"column":0},"end":{"line":1,"column":51}},"2":{"start":{"line":2,"column":0},"end":{"line":2,"column":89}},"3":{"start":{"line":3,"column":0},"end":{"line":3,"column":48}},"4":{"start":{"line":4,"column":0},"end":{"line":4,"column":80}},"5":{"start":{"line":5,"column":0},"end":{"line":5,"column":54}},"6":{"start":{"line":6,"column":0},"end":{"line":6,"column":46}},"7":{"start":{"line":7,"column":0},"end":{"line":7,"column":31}},"8":{"start":{"line":10,"column":18},"end":{"line":34,"column":2}},"9":{"start":{"line":37,"column":17},"end":{"line":37,"column":28}},"10":{"start":{"line":38,"column":16},"end":{"line":38,"column":25}},"11":{"start":{"line":40,"column":22},"end":{"line":43,"column":3}},"12":{"start":{"line":41,"column":4},"end":{"line":41,"column":44}},"13":{"start":{"line":42,"column":4},"end":{"line":42,"column":50}},"14":{"start":{"line":45,"column":2},"end":{"line":199,"column":4}},"15":{"start":{"line":128,"column":14},"end":{"line":128,"column":31}}},"fnMap":{"0":{"name":"OrderConfirmationScreen","decl":{"start":{"line":36,"column":16},"end":{"line":36,"column":39}},"loc":{"start":{"line":36,"column":39},"end":{"line":200,"column":1}}},"1":{"name":"(anonymous_1)","decl":{"start":{"line":40,"column":22},"end":{"line":40,"column":25}},"loc":{"start":{"line":40,"column":27},"end":{"line":43,"column":3}}},"2":{"name":"(anonymous_2)","decl":{"start":{"line":127,"column":29},"end":{"line":127,"column":30}},"loc":{"start":{"line":128,"column":14},"end":{"line":128,"column":31}}}},"branchMap":{"0":{"loc":{"start":{"line":87,"column":13},"end":{"line":88,"column":null}},"type":"binary-expr","locations":[{"start":{"line":87,"column":13},"end":{"line":87,"column":47}},{"start":{"line":88,"column":14},"end":{"line":88,"column":91}}]},"1":{"loc":{"start":{"line":150,"column":21},"end":{"line":150,"column":73}},"type":"cond-expr","locations":[{"start":{"line":150,"column":44},"end":{"line":150,"column":50}},{"start":{"line":150,"column":53},"end":{"line":150,"column":73}}]}},"s":{"0":0,"1":0,"2":0,"3":0,"4":0,"5":0,"6":0,"7":0,"8":0,"9":0,"10":0,"11":0,"12":0,"13":0,"14":0,"15":0},"f":{"0":0,"1":0,"2":0},"b":{"0":[0,0],"1":[0,0]}}
,"/Users/staytuned/Downloads/temp-rajan-s2/src/screens/ordering/OrderConfirmationScreen/index.ts": {"path":"/Users/staytuned/Downloads/temp-rajan-s2/src/screens/ordering/OrderConfirmationScreen/index.ts","statementMap":{"0":{"start":{"line":1,"column":0},"end":{"line":1,"column":9}},"1":{"start":{"line":1,"column":9},"end":{"line":1,"column":68}}},"fnMap":{"0":{"name":"(anonymous_0)","decl":{"start":{"line":1,"column":9},"end":{"line":1,"column":32}},"loc":{"start":{"line":1,"column":9},"end":{"line":1,"column":68}}}},"branchMap":{},"s":{"0":0,"1":0},"f":{"0":0},"b":{}}
,"/Users/staytuned/Downloads/temp-rajan-s2/src/screens/ordering/OrderDetailScreen/OrderDetailScreen.tsx": {"path":"/Users/staytuned/Downloads/temp-rajan-s2/src/screens/ordering/OrderDetailScreen/OrderDetailScreen.tsx","statementMap":{"0":{"start":{"line":65,"column":0},"end":{"line":65,"column":16}},"1":{"start":{"line":1,"column":0},"end":{"line":1,"column":51}},"2":{"start":{"line":2,"column":0},"end":{"line":2,"column":91}},"3":{"start":{"line":3,"column":0},"end":{"line":3,"column":48}},"4":{"start":{"line":4,"column":0},"end":{"line":4,"column":80}},"5":{"start":{"line":6,"column":0},"end":{"line":6,"column":54}},"6":{"start":{"line":7,"column":0},"end":{"line":7,"column":59}},"7":{"start":{"line":8,"column":0},"end":{"line":8,"column":31}},"8":{"start":{"line":11,"column":18},"end":{"line":63,"column":2}},"9":{"start":{"line":66,"column":17},"end":{"line":66,"column":28}},"10":{"start":{"line":67,"column":16},"end":{"line":67,"column":25}},"11":{"start":{"line":69,"column":22},"end":{"line":72,"column":3}},"12":{"start":{"line":70,"column":4},"end":{"line":70,"column":44}},"13":{"start":{"line":71,"column":4},"end":{"line":71,"column":50}},"14":{"start":{"line":74,"column":2},"end":{"line":267,"column":4}},"15":{"start":{"line":117,"column":18},"end":{"line":117,"column":41}},"16":{"start":{"line":164,"column":18},"end":{"line":164,"column":37}}},"fnMap":{"0":{"name":"OrderDetailScreen","decl":{"start":{"line":65,"column":16},"end":{"line":65,"column":33}},"loc":{"start":{"line":65,"column":33},"end":{"line":268,"column":1}}},"1":{"name":"(anonymous_1)","decl":{"start":{"line":69,"column":22},"end":{"line":69,"column":25}},"loc":{"start":{"line":69,"column":27},"end":{"line":72,"column":3}}},"2":{"name":"(anonymous_2)","decl":{"start":{"line":116,"column":36},"end":{"line":116,"column":37}},"loc":{"start":{"line":117,"column":18},"end":{"line":117,"column":41}}},"3":{"name":"(anonymous_3)","decl":{"start":{"line":163,"column":33},"end":{"line":163,"column":34}},"loc":{"start":{"line":164,"column":18},"end":{"line":164,"column":37}}}},"branchMap":{"0":{"loc":{"start":{"line":121,"column":101},"end":{"line":123,"column":null}},"type":"cond-expr","locations":[{"start":{"line":122,"column":30},"end":{"line":122,"column":72}},{"start":{"line":123,"column":30},"end":{"line":123,"column":null}}]},"1":{"loc":{"start":{"line":126,"column":25},"end":{"line":129,"column":null}},"type":"cond-expr","locations":[{"start":{"line":127,"column":26},"end":{"line":127,"column":61}},{"start":{"line":129,"column":26},"end":{"line":129,"column":77}}]},"2":{"loc":{"start":{"line":132,"column":23},"end":{"line":136,"column":null}},"type":"binary-expr","locations":[{"start":{"line":132,"column":23},"end":{"line":132,"column":56}},{"start":{"line":133,"column":24},"end":{"line":135,"column":null}}]},"3":{"loc":{"start":{"line":134,"column":68},"end":{"line":134,"column":null}},"type":"cond-expr","locations":[{"start":{"line":134,"column":85},"end":{"line":134,"column":99}},{"start":{"line":134,"column":102},"end":{"line":134,"column":null}}]},"4":{"loc":{"start":{"line":140,"column":51},"end":{"line":140,"column":93}},"type":"binary-expr","locations":[{"start":{"line":140,"column":51},"end":{"line":140,"column":66}},{"start":{"line":140,"column":70},"end":{"line":140,"column":93}}]},"5":{"loc":{"start":{"line":143,"column":23},"end":{"line":144,"column":null}},"type":"binary-expr","locations":[{"start":{"line":143,"column":23},"end":{"line":143,"column":32}},{"start":{"line":144,"column":24},"end":{"line":144,"column":84}}]},"6":{"loc":{"start":{"line":203,"column":17},"end":{"line":207,"column":null}},"type":"binary-expr","locations":[{"start":{"line":203,"column":17},"end":{"line":203,"column":35}},{"start":{"line":204,"column":18},"end":{"line":206,"column":null}}]},"7":{"loc":{"start":{"line":211,"column":25},"end":{"line":211,"column":77}},"type":"cond-expr","locations":[{"start":{"line":211,"column":48},"end":{"line":211,"column":54}},{"start":{"line":211,"column":57},"end":{"line":211,"column":77}}]},"8":{"loc":{"start":{"line":237,"column":15},"end":{"line":238,"column":null}},"type":"binary-expr","locations":[{"start":{"line":237,"column":15},"end":{"line":237,"column":49}},{"start":{"line":238,"column":16},"end":{"line":238,"column":93}}]},"9":{"loc":{"start":{"line":254,"column":15},"end":{"line":257,"column":null}},"type":"binary-expr","locations":[{"start":{"line":254,"column":15},"end":{"line":254,"column":43}},{"start":{"line":254,"column":47},"end":{"line":254,"column":75}},{"start":{"line":255,"column":16},"end":{"line":255,"column":null}}]}},"s":{"0":0,"1":0,"2":0,"3":0,"4":0,"5":0,"6":0,"7":0,"8":0,"9":0,"10":0,"11":0,"12":0,"13":0,"14":0,"15":0,"16":0},"f":{"0":0,"1":0,"2":0,"3":0},"b":{"0":[0,0],"1":[0,0],"2":[0,0],"3":[0,0],"4":[0,0],"5":[0,0],"6":[0,0],"7":[0,0],"8":[0,0],"9":[0,0,0]}}
,"/Users/staytuned/Downloads/temp-rajan-s2/src/screens/ordering/OrderDetailScreen/index.ts": {"path":"/Users/staytuned/Downloads/temp-rajan-s2/src/screens/ordering/OrderDetailScreen/index.ts","statementMap":{"0":{"start":{"line":1,"column":0},"end":{"line":1,"column":9}},"1":{"start":{"line":1,"column":9},"end":{"line":1,"column":56}}},"fnMap":{"0":{"name":"(anonymous_0)","decl":{"start":{"line":1,"column":9},"end":{"line":1,"column":26}},"loc":{"start":{"line":1,"column":9},"end":{"line":1,"column":56}}}},"branchMap":{},"s":{"0":0,"1":0},"f":{"0":0},"b":{}}
,"/Users/staytuned/Downloads/temp-rajan-s2/src/screens/ordering/OrderHistoryScreen/OrderHistoryScreen.tsx": {"path":"/Users/staytuned/Downloads/temp-rajan-s2/src/screens/ordering/OrderHistoryScreen/OrderHistoryScreen.tsx","statementMap":{"0":{"start":{"line":57,"column":0},"end":{"line":57,"column":16}},"1":{"start":{"line":1,"column":0},"end":{"line":1,"column":33}},"2":{"start":{"line":2,"column":0},"end":{"line":2,"column":40}},"3":{"start":{"line":3,"column":0},"end":{"line":3,"column":74}},"4":{"start":{"line":4,"column":0},"end":{"line":4,"column":48}},"5":{"start":{"line":5,"column":0},"end":{"line":5,"column":46}},"6":{"start":{"line":6,"column":0},"end":{"line":6,"column":57}},"7":{"start":{"line":8,"column":0},"end":{"line":8,"column":103}},"8":{"start":{"line":9,"column":0},"end":{"line":9,"column":59}},"9":{"start":{"line":12,"column":19},"end":{"line":55,"column":2}},"10":{"start":{"line":58,"column":40},"end":{"line":58,"column":52}},"11":{"start":{"line":59,"column":42},"end":{"line":59,"column":57}},"12":{"start":{"line":61,"column":25},"end":{"line":65,"column":4}},"13":{"start":{"line":62,"column":26},"end":{"line":62,"column":84}},"14":{"start":{"line":63,"column":26},"end":{"line":63,"column":81}},"15":{"start":{"line":64,"column":4},"end":{"line":64,"column":42}},"16":{"start":{"line":67,"column":2},"end":{"line":82,"column":3}},"17":{"start":{"line":68,"column":4},"end":{"line":81,"column":6}},"18":{"start":{"line":84,"column":2},"end":{"line":200,"column":4}},"19":{"start":{"line":100,"column":29},"end":{"line":100,"column":59}},"20":{"start":{"line":130,"column":12},"end":{"line":130,"column":33}},"21":{"start":{"line":163,"column":24},"end":{"line":164,"column":null}}},"fnMap":{"0":{"name":"OrderHistoryScreen","decl":{"start":{"line":57,"column":16},"end":{"line":57,"column":34}},"loc":{"start":{"line":57,"column":34},"end":{"line":201,"column":1}}},"1":{"name":"(anonymous_1)","decl":{"start":{"line":61,"column":43},"end":{"line":61,"column":44}},"loc":{"start":{"line":61,"column":53},"end":{"line":65,"column":3}}},"2":{"name":"(anonymous_2)","decl":{"start":{"line":100,"column":22},"end":{"line":100,"column":23}},"loc":{"start":{"line":100,"column":29},"end":{"line":100,"column":59}}},"3":{"name":"(anonymous_3)","decl":{"start":{"line":129,"column":30},"end":{"line":129,"column":31}},"loc":{"start":{"line":130,"column":12},"end":{"line":130,"column":33}}},"4":{"name":"(anonymous_4)","decl":{"start":{"line":162,"column":51},"end":{"line":162,"column":52}},"loc":{"start":{"line":163,"column":24},"end":{"line":164,"column":null}}}},"branchMap":{"0":{"loc":{"start":{"line":63,"column":26},"end":{"line":63,"column":81}},"type":"binary-expr","locations":[{"start":{"line":63,"column":26},"end":{"line":63,"column":48}},{"start":{"line":63,"column":52},"end":{"line":63,"column":81}}]},"1":{"loc":{"start":{"line":64,"column":11},"end":{"line":64,"column":41}},"type":"binary-expr","locations":[{"start":{"line":64,"column":11},"end":{"line":64,"column":24}},{"start":{"line":64,"column":28},"end":{"line":64,"column":41}}]},"2":{"loc":{"start":{"line":67,"column":2},"end":{"line":82,"column":3}},"type":"if","locations":[{"start":{"line":67,"column":2},"end":{"line":82,"column":3}}]},"3":{"loc":{"start":{"line":121,"column":7},"end":{"line":197,"column":null}},"type":"cond-expr","locations":[{"start":{"line":122,"column":8},"end":{"line":125,"column":null}},{"start":{"line":128,"column":8},"end":{"line":196,"column":null}}]},"4":{"loc":{"start":{"line":170,"column":23},"end":{"line":173,"column":null}},"type":"binary-expr","locations":[{"start":{"line":170,"column":23},"end":{"line":170,"column":45}},{"start":{"line":171,"column":24},"end":{"line":172,"column":null}}]},"5":{"loc":{"start":{"line":179,"column":25},"end":{"line":179,"column":85}},"type":"binary-expr","locations":[{"start":{"line":179,"column":25},"end":{"line":179,"column":47}},{"start":{"line":179,"column":51},"end":{"line":179,"column":85}}]},"6":{"loc":{"start":{"line":182,"column":43},"end":{"line":182,"column":83}},"type":"cond-expr","locations":[{"start":{"line":182,"column":67},"end":{"line":182,"column":73}},{"start":{"line":182,"column":76},"end":{"line":182,"column":83}}]}},"s":{"0":0,"1":0,"2":0,"3":0,"4":0,"5":0,"6":0,"7":0,"8":0,"9":0,"10":0,"11":0,"12":0,"13":0,"14":0,"15":0,"16":0,"17":0,"18":0,"19":0,"20":0,"21":0},"f":{"0":0,"1":0,"2":0,"3":0,"4":0},"b":{"0":[0,0],"1":[0,0],"2":[0],"3":[0,0],"4":[0,0],"5":[0,0],"6":[0,0]}}
,"/Users/staytuned/Downloads/temp-rajan-s2/src/screens/ordering/OrderHistoryScreen/index.ts": {"path":"/Users/staytuned/Downloads/temp-rajan-s2/src/screens/ordering/OrderHistoryScreen/index.ts","statementMap":{"0":{"start":{"line":1,"column":0},"end":{"line":1,"column":9}},"1":{"start":{"line":1,"column":9},"end":{"line":1,"column":58}}},"fnMap":{"0":{"name":"(anonymous_0)","decl":{"start":{"line":1,"column":9},"end":{"line":1,"column":27}},"loc":{"start":{"line":1,"column":9},"end":{"line":1,"column":58}}}},"branchMap":{},"s":{"0":0,"1":0},"f":{"0":0},"b":{}}
}
