TN:
SF:src/App.tsx
FN:10,App
FN:160,(anonymous_1)
FN:180,(anonymous_2)
FN:191,(anonymous_3)
FN:192,(anonymous_4)
FNF:5
FNH:0
FNDA:0,App
FNDA:0,(anonymous_1)
FNDA:0,(anonymous_2)
FNDA:0,(anonymous_3)
FNDA:0,(anonymous_4)
DA:1,0
DA:2,0
DA:3,0
DA:4,0
DA:5,0
DA:6,0
DA:7,0
DA:8,0
DA:12,0
DA:43,0
DA:160,0
DA:181,0
DA:191,0
DA:192,0
DA:309,0
LF:15
LH:0
BRF:0
BRH:0
end_of_record
TN:
SF:src/main.tsx
FNF:0
FNH:0
DA:1,0
DA:2,0
DA:3,0
DA:4,0
DA:6,0
LF:5
LH:0
BRF:0
BRH:0
end_of_record
TN:
SF:src/router.tsx
FN:169,Router
FNF:1
FNH:0
FNDA:0,Router
DA:1,0
DA:4,0
DA:5,0
DA:6,0
DA:7,0
DA:8,0
DA:9,0
DA:10,0
DA:13,0
DA:14,0
DA:17,0
DA:18,0
DA:19,0
DA:20,0
DA:21,0
DA:24,0
DA:25,0
DA:26,0
DA:27,0
DA:28,0
DA:31,0
DA:32,0
DA:33,0
DA:34,0
DA:35,0
DA:38,0
DA:39,0
DA:40,0
DA:43,0
DA:46,0
DA:169,0
DA:170,0
DA:173,0
LF:33
LH:0
BRF:0
BRH:0
end_of_record
TN:
SF:src/components/index.ts
FNF:0
FNH:0
DA:2,0
DA:3,0
DA:4,0
DA:5,0
DA:6,0
DA:7,0
DA:8,0
DA:9,0
DA:12,0
DA:13,0
DA:14,0
DA:15,0
LF:12
LH:0
BRF:0
BRH:0
end_of_record
TN:
SF:src/components/app/AgentCard/AgentCard.tsx
FN:24,AgentCard
FN:101,(anonymous_1)
FNF:2
FNH:0
FNDA:0,AgentCard
FNDA:0,(anonymous_1)
DA:1,0
DA:2,0
DA:3,0
DA:4,0
DA:5,0
DA:6,0
DA:7,0
DA:24,0
DA:38,0
DA:40,0
DA:102,0
LF:11
LH:0
BRDA:32,0,0,0
BRDA:33,1,0,0
BRDA:44,2,0,0
BRDA:44,2,1,0
BRDA:49,3,0,0
BRDA:49,3,1,0
BRDA:60,4,0,0
BRDA:60,4,1,0
BRDA:69,5,0,0
BRDA:69,5,1,0
BRDA:74,6,0,0
BRDA:74,6,1,0
BRDA:81,7,0,0
BRDA:81,7,1,0
BRDA:81,7,2,0
BRDA:81,7,3,0
BRDA:83,8,0,0
BRDA:83,8,1,0
BRDA:90,9,0,0
BRDA:90,9,1,0
BRDA:99,10,0,0
BRDA:99,10,1,0
BRDA:101,11,0,0
BRDA:101,11,1,0
BRDA:106,12,0,0
BRDA:106,12,1,0
BRDA:106,13,0,0
BRDA:106,13,1,0
BRDA:108,14,0,0
BRDA:108,14,1,0
BRDA:116,15,0,0
BRDA:116,15,1,0
BRDA:116,16,0,0
BRDA:116,16,1,0
BRDA:126,17,0,0
BRDA:126,17,1,0
BRDA:134,18,0,0
BRDA:134,18,1,0
BRF:38
BRH:0
end_of_record
TN:
SF:src/components/app/AgentCard/index.ts
FN:1,(anonymous_0)
FNF:1
FNH:0
FNDA:0,(anonymous_0)
DA:1,0
LF:1
LH:0
BRF:0
BRH:0
end_of_record
TN:
SF:src/components/app/AgentStatusBadge/AgentStatusBadge.tsx
FN:16,AgentStatusBadge
FN:23,(anonymous_1)
FNF:2
FNH:0
FNDA:0,AgentStatusBadge
FNDA:0,(anonymous_1)
DA:1,0
DA:2,0
DA:3,0
DA:4,0
DA:16,0
DA:23,0
DA:29,0
DA:56,0
DA:59,0
DA:65,0
DA:71,0
DA:72,0
DA:74,0
LF:13
LH:0
BRDA:18,0,0,0
BRDA:19,1,0,0
BRDA:20,2,0,0
BRDA:20,3,0,0
BRDA:20,3,1,0
BRDA:86,4,0,0
BRDA:86,4,1,0
BRDA:96,5,0,0
BRDA:96,5,1,0
BRDA:100,6,0,0
BRDA:100,6,1,0
BRF:11
BRH:0
end_of_record
TN:
SF:src/components/app/AgentStatusBadge/index.ts
FN:1,(anonymous_0)
FNF:1
FNH:0
FNDA:0,(anonymous_0)
DA:1,0
LF:1
LH:0
BRF:0
BRH:0
end_of_record
TN:
SF:src/components/app/CartItem/CartItem.tsx
FN:16,CartItem
FN:70,(anonymous_1)
FN:81,(anonymous_2)
FNF:3
FNH:0
FNDA:0,CartItem
FNDA:0,(anonymous_1)
FNDA:0,(anonymous_2)
DA:1,0
DA:2,0
DA:3,0
DA:16,0
DA:26,0
DA:28,0
DA:70,0
DA:81,0
LF:8
LH:0
BRDA:46,0,0,0
BRDA:46,0,1,0
BRF:2
BRH:0
end_of_record
TN:
SF:src/components/app/CartItem/index.ts
FN:1,(anonymous_0)
FNF:1
FNH:0
FNDA:0,(anonymous_0)
DA:1,0
LF:1
LH:0
BRF:0
BRH:0
end_of_record
TN:
SF:src/components/app/EmptyState/EmptyState.tsx
FN:10,EmptyState
FNF:1
FNH:0
FNDA:0,EmptyState
DA:1,0
DA:2,0
DA:3,0
DA:4,0
DA:10,0
DA:17,0
LF:6
LH:0
BRDA:11,0,0,0
BRDA:32,1,0,0
BRDA:32,1,1,0
BRDA:38,2,0,0
BRDA:38,2,1,0
BRF:5
BRH:0
end_of_record
TN:
SF:src/components/app/EmptyState/index.ts
FN:1,(anonymous_0)
FNF:1
FNH:0
FNDA:0,(anonymous_0)
DA:1,0
LF:1
LH:0
BRF:0
BRH:0
end_of_record
TN:
SF:src/components/app/ErrorBoundary/ErrorBoundary.tsx
FN:23,(anonymous_0)
FN:39,(anonymous_1)
FN:28,(anonymous_2)
FN:32,(anonymous_3)
FN:43,(anonymous_4)
FN:80,(anonymous_5)
FNF:6
FNH:0
FNDA:0,(anonymous_0)
FNDA:0,(anonymous_1)
FNDA:0,(anonymous_2)
FNDA:0,(anonymous_3)
FNDA:0,(anonymous_4)
FNDA:0,(anonymous_5)
DA:1,0
DA:2,0
DA:3,0
DA:4,0
DA:5,0
DA:22,0
DA:24,0
DA:25,0
DA:29,0
DA:34,0
DA:35,0
DA:36,0
DA:39,0
DA:40,0
DA:44,0
DA:46,0
DA:47,0
DA:51,0
DA:80,0
DA:99,0
LF:20
LH:0
BRDA:44,0,0,0
BRDA:46,1,0,0
BRDA:64,2,0,0
BRDA:64,2,1,0
BRDA:64,2,2,0
BRF:5
BRH:0
end_of_record
TN:
SF:src/components/app/ErrorBoundary/index.ts
FN:1,(anonymous_0)
FNF:1
FNH:0
FNDA:0,(anonymous_0)
DA:1,0
LF:1
LH:0
BRF:0
BRH:0
end_of_record
TN:
SF:src/components/app/ErrorState/ErrorState.tsx
FN:6,ErrorState
FNF:1
FNH:0
FNDA:0,ErrorState
DA:1,0
DA:2,0
DA:3,0
DA:6,0
DA:13,0
LF:5
LH:0
BRDA:9,0,0,0
BRDA:19,1,0,0
BRDA:19,1,1,0
BRDA:22,2,0,0
BRDA:22,2,1,0
BRF:5
BRH:0
end_of_record
TN:
SF:src/components/app/ErrorState/index.ts
FNF:0
FNH:0
DA:1,0
DA:2,0
LF:2
LH:0
BRF:0
BRH:0
end_of_record
TN:
SF:src/components/app/EthicalBadge/EthicalBadge.tsx
FN:45,EthicalBadge
FNF:1
FNH:0
FNDA:0,EthicalBadge
DA:1,0
DA:2,0
DA:17,0
DA:45,0
DA:46,0
DA:48,0
DA:54,0
LF:7
LH:0
BRDA:45,0,0,0
BRDA:45,1,0,0
BRDA:64,2,0,0
BRDA:64,2,1,0
BRF:4
BRH:0
end_of_record
TN:
SF:src/components/app/EthicalBadge/index.ts
FN:1,(anonymous_0)
FNF:1
FNH:0
FNDA:0,(anonymous_0)
DA:1,0
LF:1
LH:0
BRF:0
BRH:0
end_of_record
TN:
SF:src/components/app/Footer/Footer.tsx
FN:34,Footer
FN:76,(anonymous_1)
FN:98,(anonymous_2)
FN:115,(anonymous_3)
FN:132,(anonymous_4)
FNF:5
FNH:0
FNDA:0,Footer
FNDA:0,(anonymous_1)
FNDA:0,(anonymous_2)
FNDA:0,(anonymous_3)
FNDA:0,(anonymous_4)
DA:1,0
DA:2,0
DA:3,0
DA:4,0
DA:5,0
DA:7,0
DA:28,0
DA:34,0
DA:35,0
DA:77,0
DA:78,0
DA:99,0
DA:116,0
DA:133,0
LF:14
LH:0
BRF:0
BRH:0
end_of_record
TN:
SF:src/components/app/Footer/index.ts
FN:1,(anonymous_0)
FNF:1
FNH:0
FNDA:0,(anonymous_0)
DA:1,0
LF:1
LH:0
BRF:0
BRH:0
end_of_record
TN:
SF:src/components/app/Header/Header.tsx
FN:24,Header
FN:34,(anonymous_1)
FN:42,(anonymous_2)
FN:63,(anonymous_3)
FN:77,(anonymous_4)
FN:103,(anonymous_5)
FN:115,(anonymous_6)
FN:222,(anonymous_7)
FN:238,(anonymous_8)
FN:243,(anonymous_9)
FN:251,(anonymous_10)
FNF:11
FNH:0
FNDA:0,Header
FNDA:0,(anonymous_1)
FNDA:0,(anonymous_2)
FNDA:0,(anonymous_3)
FNDA:0,(anonymous_4)
FNDA:0,(anonymous_5)
FNDA:0,(anonymous_6)
FNDA:0,(anonymous_7)
FNDA:0,(anonymous_8)
FNDA:0,(anonymous_9)
FNDA:0,(anonymous_10)
DA:1,0
DA:2,0
DA:3,0
DA:4,0
DA:5,0
DA:6,0
DA:13,0
DA:14,0
DA:15,0
DA:16,0
DA:18,0
DA:24,0
DA:25,0
DA:26,0
DA:27,0
DA:28,0
DA:29,0
DA:32,0
DA:34,0
DA:35,0
DA:36,0
DA:37,0
DA:38,0
DA:42,0
DA:43,0
DA:44,0
DA:45,0
DA:48,0
DA:63,0
DA:78,0
DA:103,0
DA:115,0
DA:222,0
DA:239,0
DA:243,0
DA:251,0
LF:36
LH:0
BRDA:36,0,0,0
BRDA:65,1,0,0
BRDA:65,1,1,0
BRDA:132,2,0,0
BRDA:132,2,1,0
BRDA:153,3,0,0
BRDA:153,3,1,0
BRDA:156,4,0,0
BRDA:156,4,1,0
BRDA:168,5,0,0
BRDA:168,5,1,0
BRDA:211,6,0,0
BRDA:211,6,1,0
BRDA:233,7,0,0
BRDA:233,7,1,0
BRF:15
BRH:0
end_of_record
TN:
SF:src/components/app/Header/index.ts
FN:1,(anonymous_0)
FNF:1
FNH:0
FNDA:0,(anonymous_0)
DA:1,0
LF:1
LH:0
BRF:0
BRH:0
end_of_record
TN:
SF:src/components/app/LoadingSpinner/LoadingSpinner.tsx
FN:9,LoadingSpinner
FNF:1
FNH:0
FNDA:0,LoadingSpinner
DA:1,0
DA:2,0
DA:3,0
DA:9,0
DA:14,0
DA:21,0
LF:6
LH:0
BRDA:10,0,0,0
BRDA:25,1,0,0
BRDA:25,1,1,0
BRDA:31,2,0,0
BRDA:31,2,1,0
BRF:5
BRH:0
end_of_record
TN:
SF:src/components/app/LoadingSpinner/index.ts
FN:1,(anonymous_0)
FNF:1
FNH:0
FNDA:0,(anonymous_0)
DA:1,0
LF:1
LH:0
BRF:0
BRH:0
end_of_record
TN:
SF:src/components/app/OrderStatus/OrderStatus.tsx
FN:64,OrderStatus
FNF:1
FNH:0
FNDA:0,OrderStatus
DA:1,0
DA:2,0
DA:3,0
DA:25,0
DA:64,0
DA:65,0
DA:66,0
DA:68,0
DA:74,0
DA:80,0
LF:10
LH:0
BRDA:64,0,0,0
BRDA:64,1,0,0
BRDA:90,2,0,0
BRDA:90,2,1,0
BRF:4
BRH:0
end_of_record
TN:
SF:src/components/app/OrderStatus/index.ts
FN:1,(anonymous_0)
FNF:1
FNH:0
FNDA:0,(anonymous_0)
DA:1,0
LF:1
LH:0
BRF:0
BRH:0
end_of_record
TN:
SF:src/components/app/ProductCard/ProductCard.tsx
FN:30,ProductCard
FN:78,(anonymous_1)
FN:93,(anonymous_2)
FN:121,(anonymous_3)
FNF:4
FNH:0
FNDA:0,ProductCard
FNDA:0,(anonymous_1)
FNDA:0,(anonymous_2)
FNDA:0,(anonymous_3)
DA:1,0
DA:2,0
DA:3,0
DA:4,0
DA:5,0
DA:6,0
DA:23,0
DA:30,0
DA:44,0
DA:46,0
DA:79,0
DA:80,0
DA:94,0
DA:95,0
DA:122,0
LF:15
LH:0
BRDA:37,0,0,0
BRDA:38,1,0,0
BRDA:41,2,0,0
BRDA:44,3,0,0
BRDA:44,3,1,0
BRDA:60,4,0,0
BRDA:60,4,1,0
BRDA:65,5,0,0
BRDA:65,5,1,0
BRDA:65,5,2,0
BRDA:76,6,0,0
BRDA:76,6,1,0
BRDA:83,7,0,0
BRDA:83,7,1,0
BRDA:88,8,0,0
BRDA:88,8,1,0
BRDA:119,9,0,0
BRDA:119,9,1,0
BRDA:132,10,0,0
BRDA:132,10,1,0
BRF:20
BRH:0
end_of_record
TN:
SF:src/components/app/ProductCard/index.ts
FN:1,(anonymous_0)
FNF:1
FNH:0
FNDA:0,(anonymous_0)
DA:1,0
LF:1
LH:0
BRF:0
BRH:0
end_of_record
TN:
SF:src/components/guards/AuthGuard.tsx
FN:15,AuthGuard
FNF:1
FNH:0
FNDA:0,AuthGuard
DA:1,0
DA:2,0
DA:3,0
DA:15,0
DA:20,0
DA:21,0
DA:24,0
DA:25,0
DA:33,0
DA:34,0
DA:38,0
DA:40,0
DA:41,0
DA:44,0
LF:14
LH:0
BRDA:18,0,0,0
BRDA:24,1,0,0
BRDA:33,2,0,0
BRDA:38,3,0,0
BRDA:38,4,0,0
BRDA:38,4,1,0
BRDA:40,5,0,0
BRDA:40,5,1,0
BRF:8
BRH:0
end_of_record
TN:
SF:src/components/guards/GuestGuard.tsx
FN:13,GuestGuard
FNF:1
FNH:0
FNDA:0,GuestGuard
DA:1,0
DA:2,0
DA:3,0
DA:13,0
DA:14,0
DA:15,0
DA:18,0
DA:19,0
DA:27,0
DA:29,0
DA:32,0
DA:33,0
DA:36,0
DA:39,0
LF:14
LH:0
BRDA:18,0,0,0
BRDA:27,1,0,0
BRDA:32,2,0,0
BRDA:33,3,0,0
BRDA:33,3,1,0
BRDA:36,4,0,0
BRDA:36,4,1,0
BRF:7
BRH:0
end_of_record
TN:
SF:src/components/guards/index.ts
FN:1,(anonymous_0)
FN:2,(anonymous_1)
FNF:2
FNH:0
FNDA:0,(anonymous_0)
FNDA:0,(anonymous_1)
DA:1,0
DA:2,0
LF:2
LH:0
BRF:0
BRH:0
end_of_record
TN:
SF:src/components/ui/accordion.tsx
FN:7,Accordion
FN:13,AccordionItem
FN:26,AccordionTrigger
FN:48,AccordionContent
FNF:4
FNH:0
FNDA:0,Accordion
FNDA:0,AccordionItem
FNDA:0,AccordionTrigger
FNDA:0,AccordionContent
DA:1,0
DA:2,0
DA:3,0
DA:5,0
DA:10,0
DA:17,0
DA:31,0
DA:53,0
DA:64,0
LF:9
LH:0
BRF:0
BRH:0
end_of_record
TN:
SF:src/components/ui/alert.tsx
FN:22,Alert
FN:37,AlertTitle
FN:50,AlertDescription
FNF:3
FNH:0
FNDA:0,Alert
FNDA:0,AlertTitle
FNDA:0,AlertDescription
DA:1,0
DA:2,0
DA:4,0
DA:6,0
DA:27,0
DA:38,0
DA:54,0
DA:66,0
LF:8
LH:0
BRF:0
BRH:0
end_of_record
TN:
SF:src/components/ui/avatar.tsx
FN:6,Avatar
FN:22,AvatarImage
FN:35,AvatarFallback
FNF:3
FNH:0
FNDA:0,Avatar
FNDA:0,AvatarImage
FNDA:0,AvatarFallback
DA:1,0
DA:2,0
DA:4,0
DA:10,0
DA:26,0
DA:39,0
DA:51,0
LF:7
LH:0
BRF:0
BRH:0
end_of_record
TN:
SF:src/components/ui/badge.tsx
FN:28,Badge
FNF:1
FNH:0
FNDA:0,Badge
DA:1,0
DA:2,0
DA:3,0
DA:5,0
DA:7,0
DA:35,0
DA:37,0
DA:46,0
LF:8
LH:0
BRDA:31,0,0,0
BRDA:35,1,0,0
BRDA:35,1,1,0
BRF:3
BRH:0
end_of_record
TN:
SF:src/components/ui/button.tsx
FN:39,Button
FNF:1
FNH:0
FNDA:0,Button
DA:1,0
DA:2,0
DA:3,0
DA:5,0
DA:7,0
DA:49,0
DA:51,0
DA:62,0
LF:8
LH:0
BRDA:41,0,0,0
BRDA:42,1,0,0
BRDA:43,2,0,0
BRDA:49,3,0,0
BRDA:49,3,1,0
BRF:5
BRH:0
end_of_record
TN:
SF:src/components/ui/card.tsx
FN:5,Card
FN:18,CardHeader
FN:31,CardTitle
FN:41,CardDescription
FN:51,CardAction
FN:64,CardContent
FN:74,CardFooter
FNF:7
FNH:0
FNDA:0,Card
FNDA:0,CardHeader
FNDA:0,CardTitle
FNDA:0,CardDescription
FNDA:0,CardAction
FNDA:0,CardContent
FNDA:0,CardFooter
DA:1,0
DA:3,0
DA:6,0
DA:19,0
DA:32,0
DA:42,0
DA:52,0
DA:65,0
DA:75,0
DA:85,0
DA:86,0
DA:87,0
DA:88,0
DA:89,0
DA:90,0
DA:91,0
LF:16
LH:0
BRF:0
BRH:0
end_of_record
TN:
SF:src/components/ui/checkbox.tsx
FN:9,Checkbox
FNF:1
FNH:0
FNDA:0,Checkbox
DA:3,0
DA:4,0
DA:5,0
DA:7,0
DA:13,0
DA:32,0
LF:6
LH:0
BRF:0
BRH:0
end_of_record
TN:
SF:src/components/ui/dialog.tsx
FN:9,Dialog
FN:15,DialogTrigger
FN:21,DialogPortal
FN:27,DialogClose
FN:33,DialogOverlay
FN:49,DialogContent
FN:83,DialogHeader
FN:93,DialogFooter
FN:106,DialogTitle
FN:119,DialogDescription
FNF:10
FNH:0
FNDA:0,Dialog
FNDA:0,DialogTrigger
FNDA:0,DialogPortal
FNDA:0,DialogClose
FNDA:0,DialogOverlay
FNDA:0,DialogContent
FNDA:0,DialogHeader
FNDA:0,DialogFooter
FNDA:0,DialogTitle
FNDA:0,DialogDescription
DA:3,0
DA:4,0
DA:5,0
DA:7,0
DA:12,0
DA:18,0
DA:24,0
DA:30,0
DA:37,0
DA:57,0
DA:84,0
DA:94,0
DA:110,0
DA:123,0
DA:133,0
DA:134,0
DA:135,0
DA:136,0
DA:137,0
DA:138,0
DA:139,0
DA:140,0
DA:141,0
DA:142,0
LF:24
LH:0
BRDA:52,0,0,0
BRDA:69,1,0,0
BRDA:69,1,1,0
BRF:3
BRH:0
end_of_record
TN:
SF:src/components/ui/dropdown-menu.tsx
FN:9,DropdownMenu
FN:15,DropdownMenuPortal
FN:23,DropdownMenuTrigger
FN:34,DropdownMenuContent
FN:54,DropdownMenuGroup
FN:62,DropdownMenuItem
FN:85,DropdownMenuCheckboxItem
FN:111,DropdownMenuRadioGroup
FN:122,DropdownMenuRadioItem
FN:146,DropdownMenuLabel
FN:166,DropdownMenuSeparator
FN:179,DropdownMenuShortcut
FN:195,DropdownMenuSub
FN:201,DropdownMenuSubTrigger
FN:225,DropdownMenuSubContent
FNF:15
FNH:0
FNDA:0,DropdownMenu
FNDA:0,DropdownMenuPortal
FNDA:0,DropdownMenuTrigger
FNDA:0,DropdownMenuContent
FNDA:0,DropdownMenuGroup
FNDA:0,DropdownMenuItem
FNDA:0,DropdownMenuCheckboxItem
FNDA:0,DropdownMenuRadioGroup
FNDA:0,DropdownMenuRadioItem
FNDA:0,DropdownMenuLabel
FNDA:0,DropdownMenuSeparator
FNDA:0,DropdownMenuShortcut
FNDA:0,DropdownMenuSub
FNDA:0,DropdownMenuSubTrigger
FNDA:0,DropdownMenuSubContent
DA:3,0
DA:4,0
DA:5,0
DA:7,0
DA:12,0
DA:18,0
DA:26,0
DA:39,0
DA:57,0
DA:71,0
DA:91,0
DA:114,0
DA:127,0
DA:153,0
DA:170,0
DA:183,0
DA:198,0
DA:209,0
DA:229,0
DA:242,0
DA:243,0
DA:244,0
DA:245,0
DA:246,0
DA:247,0
DA:248,0
DA:249,0
DA:250,0
DA:251,0
DA:252,0
DA:253,0
DA:254,0
DA:255,0
DA:256,0
LF:34
LH:0
BRDA:36,0,0,0
BRDA:65,1,0,0
BRF:2
BRH:0
end_of_record
TN:
SF:src/components/ui/form.tsx
FN:32,(anonymous_0)
FN:45,(anonymous_1)
FN:76,FormItem
FN:90,FormLabel
FN:107,FormControl
FN:125,FormDescription
FN:138,FormMessage
FNF:7
FNH:0
FNDA:0,(anonymous_0)
FNDA:0,(anonymous_1)
FNDA:0,FormItem
FNDA:0,FormLabel
FNDA:0,FormControl
FNDA:0,FormDescription
FNDA:0,FormMessage
DA:3,0
DA:5,0
DA:6,0
DA:16,0
DA:17,0
DA:19,0
DA:28,0
DA:32,0
DA:38,0
DA:45,0
DA:46,0
DA:47,0
DA:48,0
DA:49,0
DA:50,0
DA:52,0
DA:53,0
DA:56,0
DA:58,0
DA:72,0
DA:77,0
DA:79,0
DA:94,0
DA:96,0
DA:108,0
DA:110,0
DA:126,0
DA:128,0
DA:139,0
DA:140,0
DA:142,0
DA:143,0
DA:146,0
DA:159,0
DA:160,0
DA:161,0
DA:162,0
DA:163,0
DA:164,0
DA:165,0
DA:166,0
LF:41
LH:0
BRDA:52,0,0,0
BRDA:115,1,0,0
BRDA:115,1,1,0
BRDA:140,2,0,0
BRDA:140,2,1,0
BRDA:140,3,0,0
BRDA:140,3,1,0
BRDA:142,4,0,0
BRF:8
BRH:0
end_of_record
TN:
SF:src/components/ui/input.tsx
FN:5,Input
FNF:1
FNH:0
FNDA:0,Input
DA:1,0
DA:3,0
DA:6,0
DA:21,0
LF:4
LH:0
BRF:0
BRH:0
end_of_record
TN:
SF:src/components/ui/label.tsx
FN:6,Label
FNF:1
FNH:0
FNDA:0,Label
DA:1,0
DA:2,0
DA:4,0
DA:10,0
DA:22,0
LF:5
LH:0
BRF:0
BRH:0
end_of_record
TN:
SF:src/components/ui/popover.tsx
FN:8,Popover
FN:14,PopoverTrigger
FN:20,PopoverContent
FN:42,PopoverAnchor
FNF:4
FNH:0
FNDA:0,Popover
FNDA:0,PopoverTrigger
FNDA:0,PopoverContent
FNDA:0,PopoverAnchor
DA:3,0
DA:4,0
DA:6,0
DA:11,0
DA:17,0
DA:26,0
DA:45,0
DA:48,0
LF:8
LH:0
BRDA:22,0,0,0
BRDA:23,1,0,0
BRF:2
BRH:0
end_of_record
TN:
SF:src/components/ui/progress.tsx
FN:8,Progress
FNF:1
FNH:0
FNDA:0,Progress
DA:3,0
DA:4,0
DA:6,0
DA:13,0
DA:31,0
LF:5
LH:0
BRDA:25,0,0,0
BRDA:25,0,1,0
BRF:2
BRH:0
end_of_record
TN:
SF:src/components/ui/radio-group.tsx
FN:7,RadioGroup
FN:20,RadioGroupItem
FNF:2
FNH:0
FNDA:0,RadioGroup
FNDA:0,RadioGroupItem
DA:1,0
DA:2,0
DA:3,0
DA:5,0
DA:11,0
DA:24,0
DA:43,0
LF:7
LH:0
BRF:0
BRH:0
end_of_record
TN:
SF:src/components/ui/scroll-area.tsx
FN:8,ScrollArea
FN:31,ScrollBar
FNF:2
FNH:0
FNDA:0,ScrollArea
FNDA:0,ScrollBar
DA:3,0
DA:4,0
DA:6,0
DA:13,0
DA:36,0
DA:58,0
LF:6
LH:0
BRDA:33,0,0,0
BRDA:42,1,0,0
BRDA:42,1,1,0
BRDA:44,2,0,0
BRDA:44,2,1,0
BRF:5
BRH:0
end_of_record
TN:
SF:src/components/ui/select.tsx
FN:7,Select
FN:13,SelectGroup
FN:19,SelectValue
FN:25,SelectTrigger
FN:51,SelectContent
FN:88,SelectLabel
FN:101,SelectItem
FN:128,SelectSeparator
FN:141,SelectScrollUpButton
FN:159,SelectScrollDownButton
FNF:10
FNH:0
FNDA:0,Select
FNDA:0,SelectGroup
FNDA:0,SelectValue
FNDA:0,SelectTrigger
FNDA:0,SelectContent
FNDA:0,SelectLabel
FNDA:0,SelectItem
FNDA:0,SelectSeparator
FNDA:0,SelectScrollUpButton
FNDA:0,SelectScrollDownButton
DA:1,0
DA:2,0
DA:3,0
DA:5,0
DA:10,0
DA:16,0
DA:22,0
DA:33,0
DA:58,0
DA:92,0
DA:106,0
DA:132,0
DA:145,0
DA:163,0
DA:178,0
DA:179,0
DA:180,0
DA:181,0
DA:182,0
DA:183,0
DA:184,0
DA:185,0
DA:186,0
DA:187,0
LF:24
LH:0
BRDA:27,0,0,0
BRDA:54,1,0,0
BRDA:55,2,0,0
BRDA:64,3,0,0
BRDA:64,3,1,0
BRDA:76,4,0,0
BRDA:76,4,1,0
BRF:7
BRH:0
end_of_record
TN:
SF:src/components/ui/separator.tsx
FN:6,Separator
FNF:1
FNH:0
FNDA:0,Separator
DA:1,0
DA:2,0
DA:4,0
DA:12,0
DA:26,0
LF:5
LH:0
BRDA:8,0,0,0
BRDA:9,1,0,0
BRF:2
BRH:0
end_of_record
TN:
SF:src/components/ui/sheet.tsx
FN:7,Sheet
FN:11,SheetTrigger
FN:17,SheetClose
FN:23,SheetPortal
FN:29,SheetOverlay
FN:45,SheetContent
FN:82,SheetHeader
FN:92,SheetFooter
FN:102,SheetTitle
FN:115,SheetDescription
FNF:10
FNH:0
FNDA:0,Sheet
FNDA:0,SheetTrigger
FNDA:0,SheetClose
FNDA:0,SheetPortal
FNDA:0,SheetOverlay
FNDA:0,SheetContent
FNDA:0,SheetHeader
FNDA:0,SheetFooter
FNDA:0,SheetTitle
FNDA:0,SheetDescription
DA:1,0
DA:2,0
DA:3,0
DA:5,0
DA:8,0
DA:14,0
DA:20,0
DA:26,0
DA:33,0
DA:53,0
DA:83,0
DA:93,0
DA:106,0
DA:119,0
DA:129,0
DA:130,0
DA:131,0
DA:132,0
DA:133,0
DA:134,0
DA:135,0
DA:136,0
LF:22
LH:0
BRDA:48,0,0,0
BRDA:60,1,0,0
BRDA:60,1,1,0
BRDA:62,2,0,0
BRDA:62,2,1,0
BRDA:64,3,0,0
BRDA:64,3,1,0
BRDA:66,4,0,0
BRDA:66,4,1,0
BRF:9
BRH:0
end_of_record
TN:
SF:src/components/ui/skeleton.tsx
FN:3,Skeleton
FNF:1
FNH:0
FNDA:0,Skeleton
DA:1,0
DA:4,0
DA:13,0
LF:3
LH:0
BRF:0
BRH:0
end_of_record
TN:
SF:src/components/ui/slider.tsx
FN:6,Slider
FN:15,(anonymous_1)
FN:50,(anonymous_2)
FNF:3
FNH:0
FNDA:0,Slider
FNDA:0,(anonymous_1)
FNDA:0,(anonymous_2)
DA:1,0
DA:2,0
DA:4,0
DA:14,0
DA:16,0
DA:24,0
DA:51,0
DA:61,0
LF:8
LH:0
BRDA:10,0,0,0
BRDA:11,1,0,0
BRDA:16,2,0,0
BRDA:16,2,1,0
BRDA:18,3,0,0
BRDA:18,3,1,0
BRF:6
BRH:0
end_of_record
TN:
SF:src/components/ui/sonner.tsx
FN:13,(anonymous_0)
FNF:1
FNH:0
FNDA:0,(anonymous_0)
DA:3,0
DA:10,0
DA:11,0
DA:13,0
DA:14,0
DA:16,0
DA:40,0
LF:7
LH:0
BRDA:14,0,0,0
BRF:1
BRH:0
end_of_record
TN:
SF:src/components/ui/switch.tsx
FN:8,Switch
FNF:1
FNH:0
FNDA:0,Switch
DA:3,0
DA:4,0
DA:6,0
DA:12,0
DA:31,0
LF:5
LH:0
BRF:0
BRH:0
end_of_record
TN:
SF:src/components/ui/table.tsx
FN:5,Table
FN:20,TableHeader
FN:30,TableBody
FN:40,TableFooter
FN:53,TableRow
FN:66,TableHead
FN:79,TableCell
FN:92,TableCaption
FNF:8
FNH:0
FNDA:0,Table
FNDA:0,TableHeader
FNDA:0,TableBody
FNDA:0,TableFooter
FNDA:0,TableRow
FNDA:0,TableHead
FNDA:0,TableCell
FNDA:0,TableCaption
DA:1,0
DA:3,0
DA:6,0
DA:21,0
DA:31,0
DA:41,0
DA:54,0
DA:67,0
DA:80,0
DA:96,0
DA:106,0
DA:107,0
DA:108,0
DA:109,0
DA:110,0
DA:111,0
DA:112,0
DA:113,0
LF:18
LH:0
BRF:0
BRH:0
end_of_record
TN:
SF:src/components/ui/tabs.tsx
FN:8,Tabs
FN:21,TabsList
FN:37,TabsTrigger
FN:53,TabsContent
FNF:4
FNH:0
FNDA:0,Tabs
FNDA:0,TabsList
FNDA:0,TabsTrigger
FNDA:0,TabsContent
DA:3,0
DA:4,0
DA:6,0
DA:12,0
DA:25,0
DA:41,0
DA:57,0
DA:66,0
LF:8
LH:0
BRF:0
BRH:0
end_of_record
TN:
SF:src/components/ui/tooltip.tsx
FN:6,TooltipProvider
FN:19,Tooltip
FN:29,TooltipTrigger
FN:35,TooltipContent
FNF:4
FNH:0
FNDA:0,TooltipProvider
FNDA:0,Tooltip
FNDA:0,TooltipTrigger
FNDA:0,TooltipContent
DA:1,0
DA:2,0
DA:4,0
DA:10,0
DA:22,0
DA:32,0
DA:41,0
DA:59,0
LF:8
LH:0
BRDA:7,0,0,0
BRDA:37,1,0,0
BRF:2
BRH:0
end_of_record
TN:
SF:src/contexts/AuthContext.tsx
FN:42,loginAPI
FN:44,(anonymous_1)
FN:77,registerAPI
FN:78,(anonymous_3)
FN:92,validateToken
FN:93,(anonymous_5)
FN:102,AuthProvider
FN:111,(anonymous_7)
FN:112,(anonymous_8)
FN:130,(anonymous_9)
FN:131,(anonymous_10)
FN:138,(anonymous_11)
FN:147,(anonymous_12)
FN:148,(anonymous_13)
FN:155,(anonymous_14)
FN:164,(anonymous_15)
FN:170,(anonymous_16)
FN:171,(anonymous_17)
FN:174,(anonymous_18)
FN:175,(anonymous_19)
FN:177,(anonymous_20)
FN:186,(anonymous_21)
FN:187,(anonymous_22)
FN:190,(anonymous_23)
FN:191,(anonymous_24)
FN:193,(anonymous_25)
FN:196,(anonymous_26)
FN:198,(anonymous_27)
FN:225,useAuth
FNF:29
FNH:0
FNDA:0,loginAPI
FNDA:0,(anonymous_1)
FNDA:0,registerAPI
FNDA:0,(anonymous_3)
FNDA:0,validateToken
FNDA:0,(anonymous_5)
FNDA:0,AuthProvider
FNDA:0,(anonymous_7)
FNDA:0,(anonymous_8)
FNDA:0,(anonymous_9)
FNDA:0,(anonymous_10)
FNDA:0,(anonymous_11)
FNDA:0,(anonymous_12)
FNDA:0,(anonymous_13)
FNDA:0,(anonymous_14)
FNDA:0,(anonymous_15)
FNDA:0,(anonymous_16)
FNDA:0,(anonymous_17)
FNDA:0,(anonymous_18)
FNDA:0,(anonymous_19)
FNDA:0,(anonymous_20)
FNDA:0,(anonymous_21)
FNDA:0,(anonymous_22)
FNDA:0,(anonymous_23)
FNDA:0,(anonymous_24)
FNDA:0,(anonymous_25)
FNDA:0,(anonymous_26)
FNDA:0,(anonymous_27)
FNDA:0,useAuth
DA:1,0
DA:39,0
DA:44,0
DA:47,0
DA:48,0
DA:61,0
DA:62,0
DA:74,0
DA:78,0
DA:79,0
DA:93,0
DA:94,0
DA:95,0
DA:96,0
DA:98,0
DA:102,0
DA:103,0
DA:111,0
DA:112,0
DA:113,0
DA:114,0
DA:115,0
DA:116,0
DA:117,0
DA:119,0
DA:120,0
DA:121,0
DA:124,0
DA:127,0
DA:130,0
DA:131,0
DA:132,0
DA:133,0
DA:134,0
DA:135,0
DA:136,0
DA:138,0
DA:143,0
DA:147,0
DA:148,0
DA:149,0
DA:150,0
DA:151,0
DA:152,0
DA:153,0
DA:155,0
DA:160,0
DA:164,0
DA:165,0
DA:166,0
DA:167,0
DA:170,0
DA:171,0
DA:172,0
DA:174,0
DA:175,0
DA:177,0
DA:182,0
DA:186,0
DA:187,0
DA:190,0
DA:191,0
DA:192,0
DA:193,0
DA:194,0
DA:195,0
DA:196,0
DA:198,0
DA:203,0
DA:207,0
DA:225,0
DA:226,0
DA:227,0
DA:228,0
DA:230,0
LF:75
LH:0
BRDA:47,0,0,0
BRDA:47,1,0,0
BRDA:47,1,1,0
BRDA:61,2,0,0
BRDA:95,3,0,0
BRDA:114,4,0,0
BRDA:114,4,1,0
BRDA:141,5,0,0
BRDA:141,5,1,0
BRDA:158,6,0,0
BRDA:158,6,1,0
BRDA:180,7,0,0
BRDA:180,7,1,0
BRDA:201,8,0,0
BRDA:201,8,1,0
BRDA:227,9,0,0
BRF:16
BRH:0
end_of_record
TN:
SF:src/contexts/CartContext.tsx
FN:31,CartProvider
FN:37,(anonymous_1)
FN:38,(anonymous_2)
FN:63,(anonymous_3)
FN:76,(anonymous_4)
FN:78,(anonymous_5)
FN:97,(anonymous_6)
FN:98,(anonymous_7)
FN:100,(anonymous_8)
FN:102,(anonymous_9)
FN:116,(anonymous_10)
FN:122,(anonymous_11)
FN:127,(anonymous_12)
FN:128,(anonymous_13)
FN:131,(anonymous_14)
FN:140,(anonymous_15)
FN:166,useCart
FN:175,fetchCartFromFirestore
FN:180,syncCartToFirestore
FN:184,mergeCartItems
FN:188,clearCartInFirestore
FN:192,generateCartItemId
FNF:22
FNH:0
FNDA:0,CartProvider
FNDA:0,(anonymous_1)
FNDA:0,(anonymous_2)
FNDA:0,(anonymous_3)
FNDA:0,(anonymous_4)
FNDA:0,(anonymous_5)
FNDA:0,(anonymous_6)
FNDA:0,(anonymous_7)
FNDA:0,(anonymous_8)
FNDA:0,(anonymous_9)
FNDA:0,(anonymous_10)
FNDA:0,(anonymous_11)
FNDA:0,(anonymous_12)
FNDA:0,(anonymous_13)
FNDA:0,(anonymous_14)
FNDA:0,(anonymous_15)
FNDA:0,useCart
FNDA:0,fetchCartFromFirestore
FNDA:0,syncCartToFirestore
FNDA:0,mergeCartItems
FNDA:0,clearCartInFirestore
FNDA:0,generateCartItemId
DA:1,0
DA:2,0
DA:27,0
DA:29,0
DA:31,0
DA:32,0
DA:33,0
DA:34,0
DA:37,0
DA:38,0
DA:39,0
DA:40,0
DA:41,0
DA:43,0
DA:44,0
DA:47,0
DA:48,0
DA:49,0
DA:53,0
DA:55,0
DA:59,0
DA:63,0
DA:64,0
DA:65,0
DA:67,0
DA:70,0
DA:76,0
DA:77,0
DA:78,0
DA:79,0
DA:80,0
DA:81,0
DA:82,0
DA:84,0
DA:86,0
DA:88,0
DA:89,0
DA:93,0
DA:97,0
DA:98,0
DA:100,0
DA:101,0
DA:102,0
DA:105,0
DA:106,0
DA:108,0
DA:112,0
DA:116,0
DA:117,0
DA:118,0
DA:119,0
DA:122,0
DA:123,0
DA:127,0
DA:128,0
DA:131,0
DA:132,0
DA:133,0
DA:134,0
DA:136,0
DA:140,0
DA:141,0
DA:142,0
DA:143,0
DA:147,0
DA:166,0
DA:167,0
DA:168,0
DA:169,0
DA:171,0
DA:177,0
DA:193,0
LF:72
LH:0
BRDA:41,0,0,0
BRDA:41,0,1,0
BRDA:41,1,0,0
BRDA:41,1,1,0
BRDA:48,2,0,0
BRDA:64,3,0,0
BRDA:65,4,0,0
BRDA:65,4,1,0
BRDA:65,5,0,0
BRDA:65,5,1,0
BRDA:77,6,0,0
BRDA:77,7,0,0
BRDA:77,7,1,0
BRDA:80,8,0,0
BRDA:82,9,0,0
BRDA:102,10,0,0
BRDA:102,10,1,0
BRDA:105,11,0,0
BRDA:105,11,1,0
BRDA:117,12,0,0
BRDA:123,13,0,0
BRDA:123,13,1,0
BRDA:133,14,0,0
BRDA:133,14,1,0
BRDA:133,15,0,0
BRDA:133,15,1,0
BRDA:141,16,0,0
BRDA:141,17,0,0
BRDA:141,17,1,0
BRDA:168,18,0,0
BRF:30
BRH:0
end_of_record
TN:
SF:src/contexts/CheckoutContext.tsx
FN:34,CheckoutProvider
FN:39,(anonymous_1)
FN:40,(anonymous_2)
FN:43,(anonymous_3)
FN:44,(anonymous_4)
FN:47,(anonymous_5)
FN:72,useCheckout
FNF:7
FNH:0
FNDA:0,CheckoutProvider
FNDA:0,(anonymous_1)
FNDA:0,(anonymous_2)
FNDA:0,(anonymous_3)
FNDA:0,(anonymous_4)
FNDA:0,(anonymous_5)
FNDA:0,useCheckout
DA:1,0
DA:32,0
DA:34,0
DA:35,0
DA:36,0
DA:37,0
DA:39,0
DA:40,0
DA:43,0
DA:44,0
DA:47,0
DA:48,0
DA:49,0
DA:50,0
DA:53,0
DA:72,0
DA:73,0
DA:74,0
DA:75,0
DA:77,0
LF:20
LH:0
BRDA:74,0,0,0
BRF:1
BRH:0
end_of_record
TN:
SF:src/contexts/WishlistContext.tsx
FN:28,WishlistProvider
FN:34,(anonymous_1)
FN:35,(anonymous_2)
FN:44,(anonymous_3)
FN:61,(anonymous_4)
FN:72,(anonymous_5)
FN:74,(anonymous_6)
FN:90,(anonymous_7)
FN:91,(anonymous_8)
FN:94,(anonymous_9)
FN:108,(anonymous_10)
FN:109,(anonymous_11)
FN:112,(anonymous_12)
FN:138,useWishlist
FN:147,fetchWishlistFromFirestore
FN:152,syncWishlistToFirestore
FN:156,mergeWishlistItems
FN:160,clearWishlistInFirestore
FN:164,generateWishlistItemId
FNF:19
FNH:0
FNDA:0,WishlistProvider
FNDA:0,(anonymous_1)
FNDA:0,(anonymous_2)
FNDA:0,(anonymous_3)
FNDA:0,(anonymous_4)
FNDA:0,(anonymous_5)
FNDA:0,(anonymous_6)
FNDA:0,(anonymous_7)
FNDA:0,(anonymous_8)
FNDA:0,(anonymous_9)
FNDA:0,(anonymous_10)
FNDA:0,(anonymous_11)
FNDA:0,(anonymous_12)
FNDA:0,useWishlist
FNDA:0,fetchWishlistFromFirestore
FNDA:0,syncWishlistToFirestore
FNDA:0,mergeWishlistItems
FNDA:0,clearWishlistInFirestore
FNDA:0,generateWishlistItemId
DA:1,0
DA:2,0
DA:24,0
DA:26,0
DA:28,0
DA:29,0
DA:30,0
DA:31,0
DA:34,0
DA:35,0
DA:36,0
DA:37,0
DA:38,0
DA:39,0
DA:40,0
DA:42,0
DA:43,0
DA:44,0
DA:51,0
DA:53,0
DA:57,0
DA:61,0
DA:62,0
DA:63,0
DA:64,0
DA:66,0
DA:72,0
DA:73,0
DA:74,0
DA:75,0
DA:76,0
DA:77,0
DA:78,0
DA:79,0
DA:80,0
DA:81,0
DA:82,0
DA:86,0
DA:90,0
DA:91,0
DA:94,0
DA:95,0
DA:96,0
DA:99,0
DA:105,0
DA:108,0
DA:109,0
DA:112,0
DA:113,0
DA:114,0
DA:115,0
DA:117,0
DA:121,0
DA:138,0
DA:139,0
DA:140,0
DA:141,0
DA:143,0
DA:149,0
DA:165,0
LF:60
LH:0
BRDA:38,0,0,0
BRDA:38,0,1,0
BRDA:38,1,0,0
BRDA:38,1,1,0
BRDA:43,2,0,0
BRDA:62,3,0,0
BRDA:63,4,0,0
BRDA:63,4,1,0
BRDA:63,5,0,0
BRDA:63,5,1,0
BRDA:73,6,0,0
BRDA:73,7,0,0
BRDA:73,7,1,0
BRDA:76,8,0,0
BRDA:78,9,0,0
BRDA:95,10,0,0
BRDA:114,11,0,0
BRDA:114,11,1,0
BRDA:114,12,0,0
BRDA:114,12,1,0
BRDA:140,13,0,0
BRF:21
BRH:0
end_of_record
TN:
SF:src/contexts/index.ts
FN:1,(anonymous_0)
FN:1,(anonymous_1)
FNF:2
FNH:0
FNDA:0,(anonymous_0)
FNDA:0,(anonymous_1)
DA:1,0
LF:1
LH:0
BRF:0
BRH:0
end_of_record
TN:
SF:src/hooks/useOrders.ts
FN:50,useOrders
FN:56,(anonymous_1)
FN:77,(anonymous_2)
FN:89,useOrder
FN:94,(anonymous_4)
FN:109,(anonymous_5)
FN:122,mockFetchOrders
FN:123,(anonymous_7)
FN:127,mockFetchOrder
FN:128,(anonymous_9)
FNF:10
FNH:0
FNDA:0,useOrders
FNDA:0,(anonymous_1)
FNDA:0,(anonymous_2)
FNDA:0,useOrder
FNDA:0,(anonymous_4)
FNDA:0,(anonymous_5)
FNDA:0,mockFetchOrders
FNDA:0,(anonymous_7)
FNDA:0,mockFetchOrder
FNDA:0,(anonymous_9)
DA:1,0
DA:2,0
DA:50,0
DA:51,0
DA:52,0
DA:53,0
DA:54,0
DA:56,0
DA:57,0
DA:58,0
DA:59,0
DA:60,0
DA:63,0
DA:64,0
DA:66,0
DA:68,0
DA:69,0
DA:71,0
DA:73,0
DA:77,0
DA:78,0
DA:81,0
DA:89,0
DA:90,0
DA:91,0
DA:92,0
DA:94,0
DA:95,0
DA:96,0
DA:98,0
DA:100,0
DA:101,0
DA:103,0
DA:105,0
DA:109,0
DA:110,0
DA:113,0
DA:123,0
DA:124,0
DA:128,0
DA:129,0
LF:41
LH:0
BRDA:57,0,0,0
BRDA:57,1,0,0
BRDA:57,1,1,0
BRDA:71,2,0,0
BRDA:71,2,1,0
BRDA:103,3,0,0
BRDA:103,3,1,0
BRF:7
BRH:0
end_of_record
TN:
SF:src/hooks/useProducts.ts
FN:52,useProducts
FN:58,(anonymous_1)
FN:74,(anonymous_2)
FN:83,(anonymous_3)
FN:109,useProduct
FN:114,(anonymous_5)
FN:129,(anonymous_6)
FN:142,mockFetchProducts
FN:143,(anonymous_8)
FN:152,mockFetchProduct
FN:153,(anonymous_10)
FNF:11
FNH:0
FNDA:0,useProducts
FNDA:0,(anonymous_1)
FNDA:0,(anonymous_2)
FNDA:0,(anonymous_3)
FNDA:0,useProduct
FNDA:0,(anonymous_5)
FNDA:0,(anonymous_6)
FNDA:0,mockFetchProducts
FNDA:0,(anonymous_8)
FNDA:0,mockFetchProduct
FNDA:0,(anonymous_10)
DA:1,0
DA:52,0
DA:53,0
DA:54,0
DA:55,0
DA:56,0
DA:58,0
DA:59,0
DA:60,0
DA:62,0
DA:64,0
DA:65,0
DA:66,0
DA:68,0
DA:70,0
DA:74,0
DA:75,0
DA:83,0
DA:84,0
DA:86,0
DA:88,0
DA:92,0
DA:93,0
DA:95,0
DA:99,0
DA:109,0
DA:110,0
DA:111,0
DA:112,0
DA:114,0
DA:115,0
DA:116,0
DA:118,0
DA:120,0
DA:121,0
DA:123,0
DA:125,0
DA:129,0
DA:130,0
DA:133,0
DA:143,0
DA:146,0
DA:153,0
DA:154,0
LF:44
LH:0
BRDA:52,0,0,0
BRDA:68,1,0,0
BRDA:68,1,1,0
BRDA:84,2,0,0
BRDA:84,3,0,0
BRDA:84,3,1,0
BRDA:95,4,0,0
BRDA:95,4,1,0
BRDA:123,5,0,0
BRDA:123,5,1,0
BRF:10
BRH:0
end_of_record
TN:
SF:src/layouts/AccountLayout.tsx
FN:12,AccountLayout
FN:22,(anonymous_1)
FNF:2
FNH:0
FNDA:0,AccountLayout
FNDA:0,(anonymous_1)
DA:1,0
DA:2,0
DA:3,0
DA:5,0
DA:12,0
DA:13,0
DA:15,0
DA:23,0
DA:24,0
DA:25,0
LF:10
LH:0
BRDA:31,0,0,0
BRDA:31,0,1,0
BRF:2
BRH:0
end_of_record
TN:
SF:src/layouts/AdminLayout.tsx
FN:24,AdminLayout
FN:34,(anonymous_1)
FN:55,(anonymous_2)
FN:63,(anonymous_3)
FN:109,(anonymous_4)
FNF:5
FNH:0
FNDA:0,AdminLayout
FNDA:0,(anonymous_1)
FNDA:0,(anonymous_2)
FNDA:0,(anonymous_3)
FNDA:0,(anonymous_4)
DA:1,0
DA:2,0
DA:3,0
DA:4,0
DA:14,0
DA:16,0
DA:24,0
DA:25,0
DA:26,0
DA:28,0
DA:34,0
DA:55,0
DA:64,0
DA:65,0
DA:66,0
DA:109,0
LF:16
LH:0
BRDA:31,0,0,0
BRDA:31,0,1,0
BRDA:42,1,0,0
BRDA:42,1,1,0
BRDA:72,2,0,0
BRDA:72,2,1,0
BRF:6
BRH:0
end_of_record
TN:
SF:src/layouts/AuthLayout.tsx
FN:3,AuthLayout
FNF:1
FNH:0
FNDA:0,AuthLayout
DA:1,0
DA:3,0
DA:4,0
LF:3
LH:0
BRF:0
BRH:0
end_of_record
TN:
SF:src/layouts/CatalogLayout.tsx
FN:3,CatalogLayout
FNF:1
FNH:0
FNDA:0,CatalogLayout
DA:1,0
DA:3,0
DA:4,0
LF:3
LH:0
BRF:0
BRH:0
end_of_record
TN:
SF:src/layouts/CheckoutLayout.tsx
FN:4,CheckoutLayout
FNF:1
FNH:0
FNDA:0,CheckoutLayout
DA:1,0
DA:2,0
DA:4,0
DA:5,0
LF:4
LH:0
BRF:0
BRH:0
end_of_record
TN:
SF:src/layouts/MarketingLayout.tsx
FN:3,MarketingLayout
FNF:1
FNH:0
FNDA:0,MarketingLayout
DA:1,0
DA:3,0
DA:4,0
LF:3
LH:0
BRF:0
BRH:0
end_of_record
TN:
SF:src/layouts/RootLayout.tsx
FN:5,RootLayout
FNF:1
FNH:0
FNDA:0,RootLayout
DA:1,0
DA:2,0
DA:3,0
DA:5,0
DA:6,0
LF:5
LH:0
BRF:0
BRH:0
end_of_record
TN:
SF:src/layouts/index.ts
FN:1,(anonymous_0)
FN:2,(anonymous_1)
FN:3,(anonymous_2)
FN:4,(anonymous_3)
FN:5,(anonymous_4)
FN:6,(anonymous_5)
FN:7,(anonymous_6)
FNF:7
FNH:0
FNDA:0,(anonymous_0)
FNDA:0,(anonymous_1)
FNDA:0,(anonymous_2)
FNDA:0,(anonymous_3)
FNDA:0,(anonymous_4)
FNDA:0,(anonymous_5)
FNDA:0,(anonymous_6)
DA:1,0
DA:2,0
DA:3,0
DA:4,0
DA:5,0
DA:6,0
DA:7,0
LF:7
LH:0
BRF:0
BRH:0
end_of_record
TN:
SF:src/lib/utils.ts
FN:4,cn
FNF:1
FNH:0
FNDA:0,cn
DA:1,0
DA:2,0
DA:4,0
DA:5,0
LF:4
LH:0
BRF:0
BRH:0
end_of_record
TN:
SF:src/screens/index.ts
FNF:0
FNH:0
DA:2,0
DA:5,0
DA:8,0
DA:11,0
DA:14,0
LF:5
LH:0
BRF:0
BRH:0
end_of_record
TN:
SF:src/screens/admin/index.ts
FN:1,(anonymous_0)
FN:2,(anonymous_1)
FN:3,(anonymous_2)
FNF:3
FNH:0
FNDA:0,(anonymous_0)
FNDA:0,(anonymous_1)
FNDA:0,(anonymous_2)
DA:1,0
DA:2,0
DA:3,0
LF:3
LH:0
BRF:0
BRH:0
end_of_record
TN:
SF:src/screens/admin/AdminDashboard/AdminDashboard.tsx
FN:109,AdminDashboard
FN:128,(anonymous_1)
FN:170,(anonymous_2)
FN:212,(anonymous_3)
FN:243,(anonymous_4)
FNF:5
FNH:0
FNDA:0,AdminDashboard
FNDA:0,(anonymous_1)
FNDA:0,(anonymous_2)
FNDA:0,(anonymous_3)
FNDA:0,(anonymous_4)
DA:1,0
DA:2,0
DA:13,0
DA:14,0
DA:15,0
DA:16,0
DA:17,0
DA:18,0
DA:21,0
DA:60,0
DA:95,0
DA:103,0
DA:109,0
DA:110,0
DA:129,0
DA:171,0
DA:213,0
DA:244,0
LF:18
LH:0
BRDA:136,0,0,0
BRDA:136,0,1,0
BRDA:139,1,0,0
BRDA:139,1,1,0
BRF:4
BRH:0
end_of_record
TN:
SF:src/screens/admin/AdminDashboard/index.ts
FN:1,(anonymous_0)
FNF:1
FNH:0
FNDA:0,(anonymous_0)
DA:1,0
LF:1
LH:0
BRF:0
BRH:0
end_of_record
TN:
SF:src/screens/admin/OrderManagement/OrderManagement.tsx
FN:127,OrderManagement
FN:132,(anonymous_1)
FN:142,(anonymous_2)
FN:146,(anonymous_3)
FN:150,(anonymous_4)
FN:152,(anonymous_5)
FN:158,(anonymous_6)
FN:198,(anonymous_7)
FN:206,(anonymous_8)
FN:214,(anonymous_9)
FN:222,(anonymous_10)
FN:238,(anonymous_11)
FN:277,(anonymous_12)
FN:307,(anonymous_13)
FN:312,(anonymous_14)
FNF:15
FNH:0
FNDA:0,OrderManagement
FNDA:0,(anonymous_1)
FNDA:0,(anonymous_2)
FNDA:0,(anonymous_3)
FNDA:0,(anonymous_4)
FNDA:0,(anonymous_5)
FNDA:0,(anonymous_6)
FNDA:0,(anonymous_7)
FNDA:0,(anonymous_8)
FNDA:0,(anonymous_9)
FNDA:0,(anonymous_10)
FNDA:0,(anonymous_11)
FNDA:0,(anonymous_12)
FNDA:0,(anonymous_13)
FNDA:0,(anonymous_14)
DA:1,0
DA:2,0
DA:3,0
DA:15,0
DA:16,0
DA:17,0
DA:18,0
DA:19,0
DA:26,0
DA:33,0
DA:41,0
DA:42,0
DA:43,0
DA:46,0
DA:127,0
DA:128,0
DA:129,0
DA:130,0
DA:132,0
DA:134,0
DA:138,0
DA:139,0
DA:142,0
DA:143,0
DA:144,0
DA:146,0
DA:150,0
DA:151,0
DA:152,0
DA:154,0
DA:158,0
DA:159,0
DA:161,0
DA:163,0
DA:165,0
DA:167,0
DA:171,0
DA:198,0
DA:206,0
DA:214,0
DA:222,0
DA:238,0
DA:277,0
DA:308,0
DA:312,0
LF:45
LH:0
BRDA:134,0,0,0
BRDA:134,0,1,0
BRDA:134,0,2,0
BRDA:138,1,0,0
BRDA:138,1,1,0
BRDA:139,2,0,0
BRDA:139,2,1,0
BRDA:143,3,0,0
BRDA:143,3,1,0
BRDA:151,4,0,0
BRDA:151,4,1,0
BRDA:159,5,0,0
BRDA:159,5,1,0
BRDA:159,5,2,0
BRDA:159,5,3,0
BRDA:261,6,0,0
BRDA:261,6,1,0
BRF:17
BRH:0
end_of_record
TN:
SF:src/screens/admin/OrderManagement/index.ts
FN:1,(anonymous_0)
FNF:1
FNH:0
FNDA:0,(anonymous_0)
DA:1,0
LF:1
LH:0
BRF:0
BRH:0
end_of_record
TN:
SF:src/screens/admin/ProductManagement/ProductManagement.tsx
FN:114,ProductManagement
FN:120,(anonymous_1)
FN:131,(anonymous_2)
FN:135,(anonymous_3)
FN:139,(anonymous_4)
FN:141,(anonymous_5)
FN:147,(anonymous_6)
FN:189,(anonymous_7)
FN:197,(anonymous_8)
FN:205,(anonymous_9)
FN:221,(anonymous_10)
FN:267,(anonymous_11)
FN:296,(anonymous_12)
FN:301,(anonymous_13)
FN:314,(anonymous_14)
FNF:15
FNH:0
FNDA:0,ProductManagement
FNDA:0,(anonymous_1)
FNDA:0,(anonymous_2)
FNDA:0,(anonymous_3)
FNDA:0,(anonymous_4)
FNDA:0,(anonymous_5)
FNDA:0,(anonymous_6)
FNDA:0,(anonymous_7)
FNDA:0,(anonymous_8)
FNDA:0,(anonymous_9)
FNDA:0,(anonymous_10)
FNDA:0,(anonymous_11)
FNDA:0,(anonymous_12)
FNDA:0,(anonymous_13)
FNDA:0,(anonymous_14)
DA:1,0
DA:2,0
DA:3,0
DA:15,0
DA:16,0
DA:17,0
DA:18,0
DA:19,0
DA:26,0
DA:33,0
DA:41,0
DA:42,0
DA:45,0
DA:114,0
DA:115,0
DA:116,0
DA:117,0
DA:118,0
DA:120,0
DA:122,0
DA:125,0
DA:127,0
DA:128,0
DA:131,0
DA:132,0
DA:133,0
DA:135,0
DA:139,0
DA:140,0
DA:141,0
DA:143,0
DA:147,0
DA:148,0
DA:150,0
DA:152,0
DA:154,0
DA:156,0
DA:160,0
DA:189,0
DA:197,0
DA:205,0
DA:221,0
DA:267,0
DA:297,0
DA:301,0
DA:315,0
LF:46
LH:0
BRDA:122,0,0,0
BRDA:122,0,1,0
BRDA:125,1,0,0
BRDA:125,1,1,0
BRDA:127,2,0,0
BRDA:127,2,1,0
BRDA:128,3,0,0
BRDA:128,3,1,0
BRDA:128,3,2,0
BRDA:132,4,0,0
BRDA:132,4,1,0
BRDA:140,5,0,0
BRDA:140,5,1,0
BRDA:148,6,0,0
BRDA:148,6,1,0
BRDA:148,6,2,0
BRDA:148,6,3,0
BRDA:253,7,0,0
BRDA:253,7,1,0
BRF:19
BRH:0
end_of_record
TN:
SF:src/screens/admin/ProductManagement/index.ts
FN:1,(anonymous_0)
FNF:1
FNH:0
FNDA:0,(anonymous_0)
DA:1,0
LF:1
LH:0
BRF:0
BRH:0
end_of_record
TN:
SF:src/screens/catalog/index.ts
FN:1,(anonymous_0)
FN:2,(anonymous_1)
FN:3,(anonymous_2)
FN:4,(anonymous_3)
FN:5,(anonymous_4)
FNF:5
FNH:0
FNDA:0,(anonymous_0)
FNDA:0,(anonymous_1)
FNDA:0,(anonymous_2)
FNDA:0,(anonymous_3)
FNDA:0,(anonymous_4)
DA:1,0
DA:2,0
DA:3,0
DA:4,0
DA:5,0
LF:5
LH:0
BRF:0
BRH:0
end_of_record
TN:
SF:src/screens/catalog/HomeScreen/HomeScreen.tsx
FN:90,HomeScreen
FN:150,(anonymous_1)
FN:178,(anonymous_2)
FN:224,(anonymous_3)
FN:228,(anonymous_4)
FN:229,(anonymous_5)
FNF:6
FNH:0
FNDA:0,HomeScreen
FNDA:0,(anonymous_1)
FNDA:0,(anonymous_2)
FNDA:0,(anonymous_3)
FNDA:0,(anonymous_4)
FNDA:0,(anonymous_5)
DA:1,0
DA:2,0
DA:3,0
DA:4,0
DA:5,0
DA:6,0
DA:9,0
DA:46,0
DA:67,0
DA:90,0
DA:91,0
DA:151,0
DA:152,0
DA:179,0
DA:225,0
DA:228,0
DA:229,0
LF:17
LH:0
BRF:0
BRH:0
end_of_record
TN:
SF:src/screens/catalog/HomeScreen/index.ts
FN:1,(anonymous_0)
FNF:1
FNH:0
FNDA:0,(anonymous_0)
DA:1,0
LF:1
LH:0
BRF:0
BRH:0
end_of_record
TN:
SF:src/screens/catalog/ProductDetailScreen/ProductDetailScreen.tsx
FN:46,ProductDetailScreen
FN:86,(anonymous_1)
FN:89,(anonymous_2)
FN:120,(anonymous_3)
FN:135,(anonymous_4)
FN:175,(anonymous_5)
FN:184,(anonymous_6)
FN:199,(anonymous_7)
FN:254,(anonymous_8)
FN:291,(anonymous_9)
FN:295,(anonymous_10)
FN:296,(anonymous_11)
FN:306,Label
FNF:13
FNH:0
FNDA:0,ProductDetailScreen
FNDA:0,(anonymous_1)
FNDA:0,(anonymous_2)
FNDA:0,(anonymous_3)
FNDA:0,(anonymous_4)
FNDA:0,(anonymous_5)
FNDA:0,(anonymous_6)
FNDA:0,(anonymous_7)
FNDA:0,(anonymous_8)
FNDA:0,(anonymous_9)
FNDA:0,(anonymous_10)
FNDA:0,(anonymous_11)
FNDA:0,Label
DA:1,0
DA:2,0
DA:3,0
DA:4,0
DA:5,0
DA:6,0
DA:7,0
DA:8,0
DA:9,0
DA:10,0
DA:11,0
DA:14,0
DA:40,0
DA:46,0
DA:47,0
DA:48,0
DA:49,0
DA:50,0
DA:52,0
DA:53,0
DA:57,0
DA:87,0
DA:89,0
DA:121,0
DA:136,0
DA:175,0
DA:184,0
DA:199,0
DA:255,0
DA:292,0
DA:295,0
DA:296,0
DA:307,0
LF:33
LH:0
BRDA:53,0,0,0
BRDA:53,0,1,0
BRDA:92,1,0,0
BRDA:92,1,1,0
BRDA:125,2,0,0
BRDA:125,2,1,0
BRDA:143,3,0,0
BRDA:143,3,1,0
BRDA:157,4,0,0
BRDA:157,4,1,0
BRDA:198,5,0,0
BRDA:198,5,1,0
BRDA:201,6,0,0
BRDA:201,6,1,0
BRF:14
BRH:0
end_of_record
TN:
SF:src/screens/catalog/ProductDetailScreen/index.ts
FN:1,(anonymous_0)
FNF:1
FNH:0
FNDA:0,(anonymous_0)
DA:1,0
LF:1
LH:0
BRF:0
BRH:0
end_of_record
TN:
SF:src/screens/catalog/ProductListingScreen/ProductListingScreen.tsx
FN:43,ProductListingScreen
FN:55,(anonymous_1)
FN:57,(anonymous_2)
FN:63,(anonymous_3)
FN:69,(anonymous_4)
FN:77,(anonymous_5)
FN:83,(anonymous_6)
FN:87,(anonymous_7)
FN:120,(anonymous_8)
FN:124,(anonymous_9)
FN:128,(anonymous_10)
FN:196,(anonymous_11)
FN:200,(anonymous_12)
FN:205,(anonymous_13)
FN:205,(anonymous_14)
FN:225,(anonymous_15)
FN:238,(anonymous_16)
FN:245,(anonymous_17)
FN:284,(anonymous_18)
FN:288,(anonymous_19)
FN:289,(anonymous_20)
FNF:21
FNH:0
FNDA:0,ProductListingScreen
FNDA:0,(anonymous_1)
FNDA:0,(anonymous_2)
FNDA:0,(anonymous_3)
FNDA:0,(anonymous_4)
FNDA:0,(anonymous_5)
FNDA:0,(anonymous_6)
FNDA:0,(anonymous_7)
FNDA:0,(anonymous_8)
FNDA:0,(anonymous_9)
FNDA:0,(anonymous_10)
FNDA:0,(anonymous_11)
FNDA:0,(anonymous_12)
FNDA:0,(anonymous_13)
FNDA:0,(anonymous_14)
FNDA:0,(anonymous_15)
FNDA:0,(anonymous_16)
FNDA:0,(anonymous_17)
FNDA:0,(anonymous_18)
FNDA:0,(anonymous_19)
FNDA:0,(anonymous_20)
DA:1,0
DA:2,0
DA:3,0
DA:4,0
DA:7,0
DA:8,0
DA:9,0
DA:10,0
DA:11,0
DA:12,0
DA:13,0
DA:14,0
DA:17,0
DA:28,0
DA:29,0
DA:36,0
DA:43,0
DA:44,0
DA:45,0
DA:46,0
DA:49,0
DA:50,0
DA:51,0
DA:52,0
DA:55,0
DA:56,0
DA:57,0
DA:58,0
DA:59,0
DA:63,0
DA:64,0
DA:65,0
DA:66,0
DA:69,0
DA:70,0
DA:71,0
DA:72,0
DA:75,0
DA:77,0
DA:78,0
DA:84,0
DA:87,0
DA:121,0
DA:125,0
DA:126,0
DA:128,0
DA:149,0
DA:196,0
DA:201,0
DA:205,0
DA:226,0
DA:238,0
DA:245,0
DA:285,0
DA:288,0
DA:289,0
LF:56
LH:0
BRDA:49,0,0,0
BRDA:49,0,1,0
BRDA:56,1,0,0
BRDA:56,2,0,0
BRDA:56,2,1,0
BRDA:57,3,0,0
BRDA:57,4,0,0
BRDA:57,4,1,0
BRDA:58,5,0,0
BRDA:58,6,0,0
BRDA:58,6,1,0
BRDA:64,7,0,0
BRDA:65,8,0,0
BRDA:75,9,0,0
BRDA:75,9,1,0
BRDA:75,10,0,0
BRDA:75,10,1,0
BRDA:75,11,0,0
BRDA:75,11,1,0
BRDA:125,12,0,0
BRDA:125,12,1,0
BRDA:138,13,0,0
BRDA:138,13,1,0
BRDA:168,14,0,0
BRDA:168,14,1,0
BRDA:189,15,0,0
BRDA:189,15,1,0
BRDA:191,16,0,0
BRDA:191,16,1,0
BRDA:236,17,0,0
BRDA:236,17,1,0
BRDA:243,18,0,0
BRDA:243,18,1,0
BRDA:265,19,0,0
BRDA:265,19,1,0
BRDA:279,20,0,0
BRDA:279,20,1,0
BRF:37
BRH:0
end_of_record
TN:
SF:src/screens/catalog/ProductListingScreen/index.ts
FN:1,(anonymous_0)
FNF:1
FNH:0
FNDA:0,(anonymous_0)
DA:1,0
LF:1
LH:0
BRF:0
BRH:0
end_of_record
TN:
SF:src/screens/catalog/SearchResultsScreen/SearchResultsScreen.tsx
FN:55,SearchResultsScreen
FN:62,(anonymous_1)
FN:67,(anonymous_2)
FN:72,(anonymous_3)
FN:88,(anonymous_4)
FN:153,(anonymous_5)
FN:158,(anonymous_6)
FN:187,(anonymous_7)
FN:192,(anonymous_8)
FN:209,(anonymous_9)
FNF:10
FNH:0
FNDA:0,SearchResultsScreen
FNDA:0,(anonymous_1)
FNDA:0,(anonymous_2)
FNDA:0,(anonymous_3)
FNDA:0,(anonymous_4)
FNDA:0,(anonymous_5)
FNDA:0,(anonymous_6)
FNDA:0,(anonymous_7)
FNDA:0,(anonymous_8)
FNDA:0,(anonymous_9)
DA:1,0
DA:2,0
DA:3,0
DA:4,0
DA:5,0
DA:6,0
DA:7,0
DA:10,0
DA:55,0
DA:56,0
DA:57,0
DA:58,0
DA:61,0
DA:63,0
DA:67,0
DA:68,0
DA:69,0
DA:72,0
DA:73,0
DA:74,0
DA:77,0
DA:88,0
DA:154,0
DA:159,0
DA:160,0
DA:188,0
DA:193,0
DA:194,0
DA:210,0
LF:29
LH:0
BRDA:57,0,0,0
BRDA:57,0,1,0
BRDA:63,1,0,0
BRDA:63,1,1,0
BRDA:91,2,0,0
BRDA:91,2,1,0
BRDA:106,3,0,0
BRDA:106,3,1,0
BRDA:110,4,0,0
BRDA:110,4,1,0
BRDA:115,5,0,0
BRDA:115,5,1,0
BRDA:118,6,0,0
BRDA:118,6,1,0
BRDA:130,7,0,0
BRDA:130,7,1,0
BRDA:130,7,2,0
BRDA:172,8,0,0
BRDA:172,8,1,0
BRDA:207,9,0,0
BRDA:207,9,1,0
BRDA:207,9,2,0
BRF:22
BRH:0
end_of_record
TN:
SF:src/screens/catalog/SearchResultsScreen/index.ts
FN:1,(anonymous_0)
FNF:1
FNH:0
FNDA:0,(anonymous_0)
DA:1,0
LF:1
LH:0
BRF:0
BRH:0
end_of_record
TN:
SF:src/screens/catalog/WishlistScreen/WishlistScreen.tsx
FN:25,WishlistScreen
FN:28,(anonymous_1)
FN:29,(anonymous_2)
FN:32,(anonymous_3)
FN:37,(anonymous_4)
FN:38,(anonymous_5)
FN:39,(anonymous_6)
FN:72,(anonymous_7)
FN:82,(anonymous_8)
FN:111,(anonymous_9)
FN:136,(anonymous_10)
FNF:11
FNH:0
FNDA:0,WishlistScreen
FNDA:0,(anonymous_1)
FNDA:0,(anonymous_2)
FNDA:0,(anonymous_3)
FNDA:0,(anonymous_4)
FNDA:0,(anonymous_5)
FNDA:0,(anonymous_6)
FNDA:0,(anonymous_7)
FNDA:0,(anonymous_8)
FNDA:0,(anonymous_9)
FNDA:0,(anonymous_10)
DA:1,0
DA:2,0
DA:3,0
DA:4,0
DA:5,0
DA:6,0
DA:9,0
DA:25,0
DA:26,0
DA:28,0
DA:29,0
DA:32,0
DA:33,0
DA:37,0
DA:38,0
DA:39,0
DA:42,0
DA:43,0
DA:62,0
DA:72,0
DA:83,0
DA:87,0
DA:111,0
DA:136,0
LF:24
LH:0
BRDA:42,0,0,0
BRDA:69,1,0,0
BRDA:69,1,1,0
BRDA:72,2,0,0
BRDA:72,2,1,0
BRDA:83,3,0,0
BRDA:83,3,1,0
BRDA:97,4,0,0
BRDA:97,4,1,0
BRDA:102,5,0,0
BRDA:102,5,1,0
BRDA:102,5,2,0
BRDA:126,6,0,0
BRDA:126,6,1,0
BRDA:134,7,0,0
BRDA:134,7,1,0
BRDA:139,8,0,0
BRDA:139,8,1,0
BRF:18
BRH:0
end_of_record
TN:
SF:src/screens/catalog/WishlistScreen/index.ts
FN:1,(anonymous_0)
FNF:1
FNH:0
FNDA:0,(anonymous_0)
DA:1,0
LF:1
LH:0
BRF:0
BRH:0
end_of_record
TN:
SF:src/screens/common/index.ts
FN:1,(anonymous_0)
FNF:1
FNH:0
FNDA:0,(anonymous_0)
DA:1,0
LF:1
LH:0
BRF:0
BRH:0
end_of_record
TN:
SF:src/screens/common/NotFoundScreen/NotFoundScreen.tsx
FN:5,NotFoundScreen
FN:67,(anonymous_1)
FNF:2
FNH:0
FNDA:0,NotFoundScreen
FNDA:0,(anonymous_1)
DA:1,0
DA:2,0
DA:3,0
DA:5,0
DA:6,0
DA:67,0
LF:6
LH:0
BRF:0
BRH:0
end_of_record
TN:
SF:src/screens/common/NotFoundScreen/index.ts
FN:1,(anonymous_0)
FNF:1
FNH:0
FNDA:0,(anonymous_0)
DA:1,0
LF:1
LH:0
BRF:0
BRH:0
end_of_record
TN:
SF:src/screens/identity/index.ts
FN:1,(anonymous_0)
FN:2,(anonymous_1)
FN:3,(anonymous_2)
FN:4,(anonymous_3)
FN:5,(anonymous_4)
FNF:5
FNH:0
FNDA:0,(anonymous_0)
FNDA:0,(anonymous_1)
FNDA:0,(anonymous_2)
FNDA:0,(anonymous_3)
FNDA:0,(anonymous_4)
DA:1,0
DA:2,0
DA:3,0
DA:4,0
DA:5,0
LF:5
LH:0
BRF:0
BRH:0
end_of_record
TN:
SF:src/screens/identity/AddressesScreen/AddressesScreen.tsx
FN:60,AddressesScreen
FN:86,(anonymous_1)
FN:88,(anonymous_2)
FN:91,(anonymous_3)
FN:104,(anonymous_4)
FN:110,(anonymous_5)
FN:111,(anonymous_6)
FN:114,(anonymous_7)
FN:115,(anonymous_8)
FN:121,(anonymous_9)
FN:158,(anonymous_10)
FN:305,(anonymous_11)
FN:313,(anonymous_12)
FN:328,(anonymous_13)
FN:337,(anonymous_14)
FN:360,(anonymous_15)
FNF:16
FNH:0
FNDA:0,AddressesScreen
FNDA:0,(anonymous_1)
FNDA:0,(anonymous_2)
FNDA:0,(anonymous_3)
FNDA:0,(anonymous_4)
FNDA:0,(anonymous_5)
FNDA:0,(anonymous_6)
FNDA:0,(anonymous_7)
FNDA:0,(anonymous_8)
FNDA:0,(anonymous_9)
FNDA:0,(anonymous_10)
FNDA:0,(anonymous_11)
FNDA:0,(anonymous_12)
FNDA:0,(anonymous_13)
FNDA:0,(anonymous_14)
FNDA:0,(anonymous_15)
DA:1,0
DA:2,0
DA:3,0
DA:4,0
DA:5,0
DA:6,0
DA:7,0
DA:8,0
DA:9,0
DA:10,0
DA:11,0
DA:12,0
DA:14,0
DA:33,0
DA:60,0
DA:61,0
DA:62,0
DA:63,0
DA:64,0
DA:71,0
DA:86,0
DA:87,0
DA:88,0
DA:90,0
DA:91,0
DA:92,0
DA:95,0
DA:98,0
DA:99,0
DA:100,0
DA:101,0
DA:104,0
DA:105,0
DA:106,0
DA:107,0
DA:110,0
DA:111,0
DA:114,0
DA:115,0
DA:121,0
DA:122,0
DA:123,0
DA:124,0
DA:127,0
DA:158,0
DA:305,0
DA:314,0
DA:328,0
DA:337,0
DA:360,0
LF:50
LH:0
BRDA:90,0,0,0
BRDA:90,0,1,0
BRDA:92,1,0,0
BRDA:92,1,1,0
BRDA:144,2,0,0
BRDA:144,2,1,0
BRDA:147,3,0,0
BRDA:147,3,1,0
BRDA:157,4,0,0
BRDA:157,4,1,0
BRDA:191,5,0,0
BRDA:191,5,1,0
BRDA:206,6,0,0
BRDA:206,6,1,0
BRDA:220,7,0,0
BRDA:220,7,1,0
BRDA:244,8,0,0
BRDA:244,8,1,0
BRDA:256,9,0,0
BRDA:256,9,1,0
BRDA:268,10,0,0
BRDA:268,10,1,0
BRDA:279,11,0,0
BRDA:279,11,1,0
BRDA:284,12,0,0
BRDA:284,12,1,0
BRDA:297,13,0,0
BRDA:297,13,1,0
BRDA:314,14,0,0
BRDA:314,14,1,0
BRDA:319,15,0,0
BRDA:319,15,1,0
BRDA:350,16,0,0
BRDA:350,16,1,0
BRDA:355,17,0,0
BRDA:355,17,1,0
BRF:36
BRH:0
end_of_record
TN:
SF:src/screens/identity/AddressesScreen/index.ts
FN:1,(anonymous_0)
FNF:1
FNH:0
FNDA:0,(anonymous_0)
DA:1,0
LF:1
LH:0
BRF:0
BRH:0
end_of_record
TN:
SF:src/screens/identity/ForgotPasswordScreen/ForgotPasswordScreen.tsx
FN:18,ForgotPasswordScreen
FN:31,(anonymous_1)
FN:34,(anonymous_2)
FN:62,(anonymous_3)
FNF:4
FNH:0
FNDA:0,ForgotPasswordScreen
FNDA:0,(anonymous_1)
FNDA:0,(anonymous_2)
FNDA:0,(anonymous_3)
DA:1,0
DA:2,0
DA:3,0
DA:4,0
DA:5,0
DA:6,0
DA:7,0
DA:8,0
DA:9,0
DA:10,0
DA:12,0
DA:18,0
DA:19,0
DA:20,0
DA:27,0
DA:31,0
DA:32,0
DA:34,0
DA:35,0
DA:36,0
DA:37,0
DA:40,0
DA:41,0
DA:62,0
DA:77,0
LF:25
LH:0
BRDA:40,0,0,0
BRDA:98,1,0,0
BRDA:98,1,1,0
BRDA:105,2,0,0
BRDA:105,2,1,0
BRF:5
BRH:0
end_of_record
TN:
SF:src/screens/identity/ForgotPasswordScreen/index.ts
FN:1,(anonymous_0)
FNF:1
FNH:0
FNDA:0,(anonymous_0)
DA:1,0
LF:1
LH:0
BRF:0
BRH:0
end_of_record
TN:
SF:src/screens/identity/LoginScreen/LoginScreen.tsx
FN:24,LoginScreen
FN:46,(anonymous_1)
FN:107,(anonymous_2)
FNF:3
FNH:0
FNDA:0,LoginScreen
FNDA:0,(anonymous_1)
FNDA:0,(anonymous_2)
DA:1,0
DA:2,0
DA:3,0
DA:4,0
DA:5,0
DA:6,0
DA:7,0
DA:8,0
DA:9,0
DA:10,0
DA:11,0
DA:12,0
DA:13,0
DA:14,0
DA:16,0
DA:24,0
DA:25,0
DA:26,0
DA:27,0
DA:28,0
DA:31,0
DA:37,0
DA:46,0
DA:47,0
DA:48,0
DA:49,0
DA:50,0
DA:52,0
DA:56,0
DA:107,0
LF:30
LH:0
BRDA:31,0,0,0
BRDA:31,0,1,0
BRDA:52,1,0,0
BRDA:52,1,1,0
BRDA:77,2,0,0
BRDA:77,2,1,0
BRDA:96,3,0,0
BRDA:96,3,1,0
BRDA:109,4,0,0
BRDA:109,4,1,0
BRDA:115,5,0,0
BRDA:115,5,1,0
BRDA:119,6,0,0
BRDA:119,6,1,0
BRDA:134,7,0,0
BRDA:134,7,1,0
BRF:16
BRH:0
end_of_record
TN:
SF:src/screens/identity/LoginScreen/index.ts
FN:1,(anonymous_0)
FNF:1
FNH:0
FNDA:0,(anonymous_0)
DA:1,0
LF:1
LH:0
BRF:0
BRH:0
end_of_record
TN:
SF:src/screens/identity/ProfileScreen/ProfileScreen.tsx
FN:31,ProfileScreen
FN:45,(anonymous_1)
FN:48,(anonymous_2)
FN:53,(anonymous_3)
FN:173,(anonymous_4)
FNF:5
FNH:0
FNDA:0,ProfileScreen
FNDA:0,(anonymous_1)
FNDA:0,(anonymous_2)
FNDA:0,(anonymous_3)
FNDA:0,(anonymous_4)
DA:1,0
DA:2,0
DA:3,0
DA:4,0
DA:5,0
DA:6,0
DA:7,0
DA:8,0
DA:9,0
DA:10,0
DA:11,0
DA:13,0
DA:23,0
DA:31,0
DA:32,0
DA:33,0
DA:40,0
DA:45,0
DA:46,0
DA:47,0
DA:48,0
DA:49,0
DA:50,0
DA:53,0
DA:54,0
DA:55,0
DA:58,0
DA:173,0
LF:28
LH:0
BRDA:111,0,0,0
BRDA:111,0,1,0
BRDA:123,1,0,0
BRDA:123,1,1,0
BRDA:138,2,0,0
BRDA:138,2,1,0
BRDA:156,3,0,0
BRDA:156,3,1,0
BRDA:158,4,0,0
BRDA:158,4,1,0
BRDA:159,5,0,0
BRDA:159,5,1,0
BRF:12
BRH:0
end_of_record
TN:
SF:src/screens/identity/ProfileScreen/index.ts
FN:1,(anonymous_0)
FNF:1
FNH:0
FNDA:0,(anonymous_0)
DA:1,0
LF:1
LH:0
BRF:0
BRH:0
end_of_record
TN:
SF:src/screens/identity/RegisterScreen/RegisterScreen.tsx
FN:27,(anonymous_0)
FN:29,(anonymous_1)
FN:43,RegisterScreen
FN:67,(anonymous_3)
FN:154,(anonymous_4)
FN:165,(anonymous_5)
FNF:6
FNH:0
FNDA:0,(anonymous_0)
FNDA:0,(anonymous_1)
FNDA:0,RegisterScreen
FNDA:0,(anonymous_3)
FNDA:0,(anonymous_4)
FNDA:0,(anonymous_5)
DA:1,0
DA:2,0
DA:3,0
DA:4,0
DA:5,0
DA:6,0
DA:7,0
DA:8,0
DA:9,0
DA:10,0
DA:11,0
DA:12,0
DA:13,0
DA:15,0
DA:27,0
DA:29,0
DA:36,0
DA:43,0
DA:44,0
DA:45,0
DA:46,0
DA:53,0
DA:65,0
DA:67,0
DA:68,0
DA:69,0
DA:74,0
DA:75,0
DA:77,0
DA:81,0
DA:154,0
DA:166,0
DA:167,0
LF:33
LH:0
BRDA:77,0,0,0
BRDA:77,0,1,0
BRDA:102,1,0,0
BRDA:102,1,1,0
BRDA:115,2,0,0
BRDA:115,2,1,0
BRDA:132,3,0,0
BRDA:132,3,1,0
BRDA:143,4,0,0
BRDA:143,4,1,0
BRDA:156,5,0,0
BRDA:156,5,1,0
BRDA:166,6,0,0
BRDA:166,6,1,0
BRDA:170,7,0,0
BRDA:170,7,1,0
BRDA:173,8,0,0
BRDA:173,8,1,0
BRDA:192,9,0,0
BRDA:192,9,1,0
BRDA:211,10,0,0
BRDA:211,10,1,0
BRDA:217,11,0,0
BRDA:217,11,1,0
BRF:24
BRH:0
end_of_record
TN:
SF:src/screens/identity/RegisterScreen/index.ts
FN:1,(anonymous_0)
FNF:1
FNH:0
FNDA:0,(anonymous_0)
DA:1,0
LF:1
LH:0
BRF:0
BRH:0
end_of_record
TN:
SF:src/screens/ordering/index.ts
FN:1,(anonymous_0)
FN:2,(anonymous_1)
FN:3,(anonymous_2)
FN:4,(anonymous_3)
FN:5,(anonymous_4)
FNF:5
FNH:0
FNDA:0,(anonymous_0)
FNDA:0,(anonymous_1)
FNDA:0,(anonymous_2)
FNDA:0,(anonymous_3)
FNDA:0,(anonymous_4)
DA:1,0
DA:2,0
DA:3,0
DA:4,0
DA:5,0
LF:5
LH:0
BRF:0
BRH:0
end_of_record
TN:
SF:src/screens/ordering/CartScreen/CartScreen.tsx
FN:13,CartScreen
FN:21,(anonymous_1)
FN:25,(anonymous_2)
FN:29,(anonymous_3)
FN:48,(anonymous_4)
FN:69,(anonymous_5)
FN:73,(anonymous_6)
FN:74,(anonymous_7)
FN:114,(anonymous_8)
FNF:9
FNH:0
FNDA:0,CartScreen
FNDA:0,(anonymous_1)
FNDA:0,(anonymous_2)
FNDA:0,(anonymous_3)
FNDA:0,(anonymous_4)
FNDA:0,(anonymous_5)
FNDA:0,(anonymous_6)
FNDA:0,(anonymous_7)
FNDA:0,(anonymous_8)
DA:1,0
DA:2,0
DA:3,0
DA:4,0
DA:5,0
DA:6,0
DA:7,0
DA:8,0
DA:9,0
DA:10,0
DA:11,0
DA:13,0
DA:14,0
DA:15,0
DA:16,0
DA:17,0
DA:18,0
DA:19,0
DA:21,0
DA:22,0
DA:25,0
DA:26,0
DA:29,0
DA:30,0
DA:31,0
DA:35,0
DA:36,0
DA:39,0
DA:40,0
DA:48,0
DA:55,0
DA:70,0
DA:73,0
DA:74,0
DA:114,0
LF:35
LH:0
BRDA:17,0,0,0
BRDA:17,0,1,0
BRDA:18,1,0,0
BRDA:18,1,1,0
BRDA:30,2,0,0
BRDA:35,3,0,0
BRDA:39,4,0,0
BRDA:65,5,0,0
BRDA:65,5,1,0
BRDA:93,6,0,0
BRDA:93,6,1,0
BRDA:120,7,0,0
BRDA:120,7,1,0
BRDA:122,8,0,0
BRDA:122,8,1,0
BRDA:125,9,0,0
BRDA:125,9,1,0
BRDA:141,10,0,0
BRDA:141,10,1,0
BRDA:149,11,0,0
BRDA:149,11,1,0
BRF:21
BRH:0
end_of_record
TN:
SF:src/screens/ordering/CartScreen/index.ts
FN:1,(anonymous_0)
FNF:1
FNH:0
FNDA:0,(anonymous_0)
DA:1,0
LF:1
LH:0
BRF:0
BRH:0
end_of_record
TN:
SF:src/screens/ordering/CheckoutScreen/CheckoutScreen.tsx
FN:65,CheckoutScreen
FN:81,(anonymous_1)
FN:86,(anonymous_2)
FN:92,(anonymous_3)
FN:95,(anonymous_4)
FN:121,(anonymous_5)
FN:135,(anonymous_6)
FN:166,(anonymous_7)
FN:230,(anonymous_8)
FN:353,(anonymous_9)
FNF:10
FNH:0
FNDA:0,CheckoutScreen
FNDA:0,(anonymous_1)
FNDA:0,(anonymous_2)
FNDA:0,(anonymous_3)
FNDA:0,(anonymous_4)
FNDA:0,(anonymous_5)
FNDA:0,(anonymous_6)
FNDA:0,(anonymous_7)
FNDA:0,(anonymous_8)
FNDA:0,(anonymous_9)
DA:1,0
DA:2,0
DA:3,0
DA:4,0
DA:5,0
DA:6,0
DA:7,0
DA:8,0
DA:9,0
DA:10,0
DA:11,0
DA:12,0
DA:13,0
DA:16,0
DA:41,0
DA:53,0
DA:65,0
DA:66,0
DA:67,0
DA:68,0
DA:69,0
DA:70,0
DA:71,0
DA:77,0
DA:81,0
DA:82,0
DA:83,0
DA:86,0
DA:87,0
DA:88,0
DA:92,0
DA:93,0
DA:95,0
DA:96,0
DA:97,0
DA:100,0
DA:121,0
DA:136,0
DA:166,0
DA:230,0
DA:354,0
LF:41
LH:0
BRDA:68,0,0,0
BRDA:68,0,1,0
BRDA:87,1,0,0
BRDA:87,2,0,0
BRDA:87,2,1,0
BRDA:105,3,0,0
BRDA:105,3,1,0
BRDA:111,4,0,0
BRDA:111,4,1,0
BRDA:116,5,0,0
BRDA:116,5,1,0
BRDA:120,6,0,0
BRDA:120,6,1,0
BRDA:126,7,0,0
BRDA:126,7,1,0
BRDA:128,8,0,0
BRDA:128,8,1,0
BRDA:128,8,2,0
BRDA:140,9,0,0
BRDA:140,9,1,0
BRDA:155,10,0,0
BRDA:155,10,1,0
BRDA:174,11,0,0
BRDA:174,11,1,0
BRDA:174,11,2,0
BRDA:180,12,0,0
BRDA:180,12,1,0
BRDA:187,13,0,0
BRDA:187,13,1,0
BRDA:195,14,0,0
BRDA:195,14,1,0
BRDA:207,15,0,0
BRDA:207,15,1,0
BRDA:214,16,0,0
BRDA:214,16,1,0
BRDA:221,17,0,0
BRDA:221,17,1,0
BRDA:226,18,0,0
BRDA:226,18,1,0
BRDA:226,18,2,0
BRDA:242,19,0,0
BRDA:242,19,1,0
BRDA:243,20,0,0
BRDA:243,20,1,0
BRDA:253,21,0,0
BRDA:253,21,1,0
BRDA:259,22,0,0
BRDA:259,22,1,0
BRDA:264,23,0,0
BRDA:264,23,1,0
BRDA:269,24,0,0
BRDA:269,24,1,0
BRDA:275,25,0,0
BRDA:275,25,1,0
BRDA:289,26,0,0
BRDA:289,26,1,0
BRDA:303,27,0,0
BRDA:303,27,1,0
BRDA:328,28,0,0
BRDA:328,28,1,0
BRDA:375,29,0,0
BRDA:375,29,1,0
BRF:62
BRH:0
end_of_record
TN:
SF:src/screens/ordering/CheckoutScreen/index.ts
FN:1,(anonymous_0)
FNF:1
FNH:0
FNDA:0,(anonymous_0)
DA:1,0
LF:1
LH:0
BRF:0
BRH:0
end_of_record
TN:
SF:src/screens/ordering/OrderConfirmationScreen/OrderConfirmationScreen.tsx
FN:36,OrderConfirmationScreen
FN:40,(anonymous_1)
FN:127,(anonymous_2)
FNF:3
FNH:0
FNDA:0,OrderConfirmationScreen
FNDA:0,(anonymous_1)
FNDA:0,(anonymous_2)
DA:1,0
DA:2,0
DA:3,0
DA:4,0
DA:5,0
DA:6,0
DA:7,0
DA:10,0
DA:36,0
DA:37,0
DA:38,0
DA:40,0
DA:41,0
DA:42,0
DA:45,0
DA:128,0
LF:16
LH:0
BRDA:87,0,0,0
BRDA:87,0,1,0
BRDA:150,1,0,0
BRDA:150,1,1,0
BRF:4
BRH:0
end_of_record
TN:
SF:src/screens/ordering/OrderConfirmationScreen/index.ts
FN:1,(anonymous_0)
FNF:1
FNH:0
FNDA:0,(anonymous_0)
DA:1,0
LF:1
LH:0
BRF:0
BRH:0
end_of_record
TN:
SF:src/screens/ordering/OrderDetailScreen/OrderDetailScreen.tsx
FN:65,OrderDetailScreen
FN:69,(anonymous_1)
FN:116,(anonymous_2)
FN:163,(anonymous_3)
FNF:4
FNH:0
FNDA:0,OrderDetailScreen
FNDA:0,(anonymous_1)
FNDA:0,(anonymous_2)
FNDA:0,(anonymous_3)
DA:1,0
DA:2,0
DA:3,0
DA:4,0
DA:6,0
DA:7,0
DA:8,0
DA:11,0
DA:65,0
DA:66,0
DA:67,0
DA:69,0
DA:70,0
DA:71,0
DA:74,0
DA:117,0
DA:164,0
LF:17
LH:0
BRDA:121,0,0,0
BRDA:121,0,1,0
BRDA:126,1,0,0
BRDA:126,1,1,0
BRDA:132,2,0,0
BRDA:132,2,1,0
BRDA:134,3,0,0
BRDA:134,3,1,0
BRDA:140,4,0,0
BRDA:140,4,1,0
BRDA:143,5,0,0
BRDA:143,5,1,0
BRDA:203,6,0,0
BRDA:203,6,1,0
BRDA:211,7,0,0
BRDA:211,7,1,0
BRDA:237,8,0,0
BRDA:237,8,1,0
BRDA:254,9,0,0
BRDA:254,9,1,0
BRDA:254,9,2,0
BRF:21
BRH:0
end_of_record
TN:
SF:src/screens/ordering/OrderDetailScreen/index.ts
FN:1,(anonymous_0)
FNF:1
FNH:0
FNDA:0,(anonymous_0)
DA:1,0
LF:1
LH:0
BRF:0
BRH:0
end_of_record
TN:
SF:src/screens/ordering/OrderHistoryScreen/OrderHistoryScreen.tsx
FN:57,OrderHistoryScreen
FN:61,(anonymous_1)
FN:100,(anonymous_2)
FN:129,(anonymous_3)
FN:162,(anonymous_4)
FNF:5
FNH:0
FNDA:0,OrderHistoryScreen
FNDA:0,(anonymous_1)
FNDA:0,(anonymous_2)
FNDA:0,(anonymous_3)
FNDA:0,(anonymous_4)
DA:1,0
DA:2,0
DA:3,0
DA:4,0
DA:5,0
DA:6,0
DA:8,0
DA:9,0
DA:12,0
DA:57,0
DA:58,0
DA:59,0
DA:61,0
DA:62,0
DA:63,0
DA:64,0
DA:67,0
DA:68,0
DA:84,0
DA:100,0
DA:130,0
DA:163,0
LF:22
LH:0
BRDA:63,0,0,0
BRDA:63,0,1,0
BRDA:64,1,0,0
BRDA:64,1,1,0
BRDA:67,2,0,0
BRDA:121,3,0,0
BRDA:121,3,1,0
BRDA:170,4,0,0
BRDA:170,4,1,0
BRDA:179,5,0,0
BRDA:179,5,1,0
BRDA:182,6,0,0
BRDA:182,6,1,0
BRF:13
BRH:0
end_of_record
TN:
SF:src/screens/ordering/OrderHistoryScreen/index.ts
FN:1,(anonymous_0)
FNF:1
FNH:0
FNDA:0,(anonymous_0)
DA:1,0
LF:1
LH:0
BRF:0
BRH:0
end_of_record
